#
# A fatal error has been detected by the Java Runtime Environment:
#
#  EXCEPTION_ACCESS_VIOLATION (0xc0000005) at pc=0x00007ff972c01e86, pid=3616, tid=0x0000000000000e08
#
# JRE version: Java(TM) SE Runtime Environment (8.0_191-b12) (build 1.8.0_191-b12)
# Java VM: Java HotSpot(TM) 64-Bit Server VM (25.191-b12 mixed mode windows-amd64 compressed oops)
# Problematic frame:
# C  [opencv_face401.dll+0x61e86]
#
# Failed to write core dump. Minidumps are not enabled by default on client versions of Windows
#
# If you would like to submit a bug report, please visit:
#   http://bugreport.java.com/bugreport/crash.jsp
# The crash happened outside the Java Virtual Machine in native code.
# See problematic frame for where to report the bug.
#

---------------  T H R E A D  ---------------

Current thread (0x000000002cf00800):  JavaThread "Thread-2" daemon [_thread_in_native, id=3592, stack(0x000000002cd60000,0x000000002ce60000)]

siginfo: ExceptionCode=0xc0000005, reading address 0x000000002210f000

Registers:
RAX=0x00007ff972c36558, RBX=0x0000000000000000, RCX=0x0000000021b38fa0, RDX=0x000000002210f000
RSP=0x000000002ce5eac0, RBP=0x000000002ce5ebc0, RSI=0x0000000000000190, RDI=0x000000000061a3d0
R8 =0x0000000000000000, R9 =0x00007ff9684f15c0, R10=0x0000000000000001, R11=0x000000002ce5ea80
R12=0x000000002ce5ed48, R13=0x2aaaaaaaaaaaaaab, R14=0x00000000ffffffff, R15=0x0000000000009600
RIP=0x00007ff972c01e86, EFLAGS=0x0000000000010202

Top of Stack: (sp=0x000000002ce5eac0)
0x000000002ce5eac0:   0000000000000000 0000000000000578
0x000000002ce5ead0:   0000000000000000 0000000020f37c80
0x000000002ce5eae0:   0000000000000008 0000000000000001
0x000000002ce5eaf0:   0000000001010000 000000002ce5ec40
0x000000002ce5eb00:   0000000000000000 0000000000000000
0x000000002ce5eb10:   0000000001010000 000000002ce5ebe0
0x000000002ce5eb20:   0000000000000000 0000000000000011
0x000000002ce5eb30:   0000000001010000 000000002ce5eb80
0x000000002ce5eb40:   0000000000000000 000000001cd41320
0x000000002ce5eb50:   0000000001010000 000000002857ba60
0x000000002ce5eb60:   0000000000000000 000000001cd41320
0x000000002ce5eb70:   fffffffffffffffe 000000002ce5ed48
0x000000002ce5eb80:   0000000242ff4005 0000400000000001
0x000000002ce5eb90:   0000000020f27c40 0000000020f27c40
0x000000002ce5eba0:   0000000020f37c40 0000000020f37c40
0x000000002ce5ebb0:   0000000000000000 0000000021186ac0 

Instructions: (pc=0x00007ff972c01e86)
0x00007ff972c01e66:   c0 48 8d 14 82 48 03 57 58 eb 0b 48 63 ce 48 8b
0x00007ff972c01e76:   47 58 48 8d 14 88 49 8b 0c 24 48 8b 01 0f 28 d0
0x00007ff972c01e86:   8b 12 ff 50 10 84 c0 74 31 48 ff c6 49 83 c7 60
0x00007ff972c01e96:   48 8b 4f 38 48 2b 4f 30 49 8b c5 48 f7 e9 48 c1 


Register to memory mapping:

RAX=0x00007ff972c36558 is an unknown value
RBX=0x0000000000000000 is an unknown value
RCX=0x0000000021b38fa0 is an unknown value
RDX=0x000000002210f000 is an unknown value
RSP=0x000000002ce5eac0 is pointing into the stack for thread: 0x000000002cf00800
RBP=0x000000002ce5ebc0 is pointing into the stack for thread: 0x000000002cf00800
RSI=0x0000000000000190 is an unknown value
RDI=0x000000000061a3d0 is an unknown value
R8 =0x0000000000000000 is an unknown value
R9 =0x00007ff9684f15c0 is an unknown value
R10=0x0000000000000001 is an unknown value
R11=0x000000002ce5ea80 is pointing into the stack for thread: 0x000000002cf00800
R12=0x000000002ce5ed48 is pointing into the stack for thread: 0x000000002cf00800
R13=0x2aaaaaaaaaaaaaab is an unknown value
R14=0x00000000ffffffff is an unknown value
R15=0x0000000000009600 is an unknown value


Stack: [0x000000002cd60000,0x000000002ce60000],  sp=0x000000002ce5eac0,  free space=1018k
Native frames: (J=compiled Java code, j=interpreted, Vv=VM code, C=native code)
C  [opencv_face401.dll+0x61e86]
C  [opencv_face401.dll+0x56e31]
C  [jniopencv_face.dll+0x15209]
C  0x0000000002628c67

Java frames: (J=compiled Java code, j=interpreted, Vv=VM code)
j  org.bytedeco.javacpp.opencv_face$FaceRecognizer.predict(Lorg/bytedeco/javacpp/opencv_core$Mat;Lorg/bytedeco/javacpp/IntPointer;Lorg/bytedeco/javacpp/DoublePointer;)V+0
j  prison_management.Main$DaemonThread.run()V+270
j  java.lang.Thread.run()V+11
v  ~StubRoutines::call_stub

---------------  P R O C E S S  ---------------

Java Threads: ( => current thread )
=>0x000000002cf00800 JavaThread "Thread-2" daemon [_thread_in_native, id=3592, stack(0x000000002cd60000,0x000000002ce60000)]
  0x000000001e851000 JavaThread "TimerQueue" daemon [_thread_blocked, id=12332, stack(0x0000000020840000,0x0000000020940000)]
  0x000000001ba8c800 JavaThread "JavaCPP Deallocator" daemon [_thread_blocked, id=11524, stack(0x000000001c780000,0x000000001c880000)]
  0x000000000232e000 JavaThread "DestroyJavaVM" [_thread_blocked, id=6456, stack(0x0000000002410000,0x0000000002510000)]
  0x000000001ba27000 JavaThread "AWT-EventQueue-0" [_thread_blocked, id=4212, stack(0x000000001c680000,0x000000001c780000)]
  0x000000001ba10800 JavaThread "AWT-Windows" daemon [_thread_in_native, id=11152, stack(0x000000001c170000,0x000000001c270000)]
  0x000000001ba0a000 JavaThread "AWT-Shutdown" [_thread_blocked, id=9888, stack(0x000000001c070000,0x000000001c170000)]
  0x000000001ba09800 JavaThread "Java2D Disposer" daemon [_thread_blocked, id=1484, stack(0x000000001bf70000,0x000000001c070000)]
  0x000000001b065000 JavaThread "Service Thread" daemon [_thread_blocked, id=4936, stack(0x000000001b430000,0x000000001b530000)]
  0x00000000196f2800 JavaThread "C1 CompilerThread2" daemon [_thread_blocked, id=5964, stack(0x000000001af30000,0x000000001b030000)]
  0x00000000196de000 JavaThread "C2 CompilerThread1" daemon [_thread_blocked, id=11944, stack(0x000000001ae30000,0x000000001af30000)]
  0x00000000196d7800 JavaThread "C2 CompilerThread0" daemon [_thread_blocked, id=9508, stack(0x000000001ad30000,0x000000001ae30000)]
  0x00000000196d6800 JavaThread "Attach Listener" daemon [_thread_blocked, id=10616, stack(0x000000001ac30000,0x000000001ad30000)]
  0x00000000196d3800 JavaThread "Signal Dispatcher" daemon [_thread_blocked, id=504, stack(0x000000001ab30000,0x000000001ac30000)]
  0x000000000260b000 JavaThread "Finalizer" daemon [_thread_blocked, id=7832, stack(0x000000001a940000,0x000000001aa40000)]
  0x0000000002602000 JavaThread "Reference Handler" daemon [_thread_blocked, id=9660, stack(0x000000001a840000,0x000000001a940000)]

Other Threads:
  0x0000000019697800 VMThread [stack: 0x000000001a740000,0x000000001a840000] [id=9756]
  0x000000001b08d800 WatcherThread [stack: 0x000000001b530000,0x000000001b630000] [id=1044]

VM state:not at safepoint (normal execution)

VM Mutex/Monitor currently owned by a thread: None

Heap:
 PSYoungGen      total 172032K, used 129540K [0x0000000780700000, 0x000000078c800000, 0x00000007c0000000)
  eden space 168448K, 74% used [0x0000000780700000,0x0000000788201328,0x000000078ab80000)
  from space 3584K, 99% used [0x000000078c480000,0x000000078c7fffb8,0x000000078c800000)
  to   space 5632K, 0% used [0x000000078bd00000,0x000000078bd00000,0x000000078c280000)
 ParOldGen       total 131072K, used 5422K [0x0000000701400000, 0x0000000709400000, 0x0000000780700000)
  object space 131072K, 4% used [0x0000000701400000,0x000000070194ba18,0x0000000709400000)
 Metaspace       used 18315K, capacity 18572K, committed 18944K, reserved 1067008K
  class space    used 2130K, capacity 2216K, committed 2304K, reserved 1048576K

Card table byte_map: [0x00000000119d0000,0x0000000011fd0000] byte_map_base: 0x000000000e1c6000

Marking Bits: (ParMarkBitMap*) 0x000000005a0e3e30
 Begin Bits: [0x00000000127d0000, 0x0000000015780000)
 End Bits:   [0x0000000015780000, 0x0000000018730000)

Polling page: 0x0000000000520000

CodeCache: size=245760Kb used=8051Kb max_used=8063Kb free=237708Kb
 bounds [0x0000000002610000, 0x0000000002e00000, 0x0000000011610000]
 total_blobs=2727 nmethods=2057 adapters=582
 compilation: enabled

Compilation events (10 events):
Event: 17.957 Thread 0x00000000196f2800 2053       1       javax.swing.AbstractButton::isContentAreaFilled (5 bytes)
Event: 17.957 Thread 0x00000000196f2800 nmethod 2053 0x0000000002deff50 code [0x0000000002df00a0, 0x0000000002df01b0]
Event: 18.007 Thread 0x00000000196d7800 2054   !   4       sun.misc.URLClassPath$FileLoader::getResource (164 bytes)
Event: 18.018 Thread 0x00000000196de000 2055       4       java.util.zip.ZipEntry::setExtra0 (360 bytes)
Event: 18.019 Thread 0x00000000196de000 nmethod 2055 0x0000000002cd85d0 code [0x0000000002cd8700, 0x0000000002cd8778]
Event: 18.023 Thread 0x00000000196d7800 nmethod 2054 0x0000000002ded010 code [0x0000000002ded220, 0x0000000002dee0a0]
Event: 18.027 Thread 0x00000000196de000 2056       4       java.net.URI$Parser::substring (10 bytes)
Event: 18.032 Thread 0x00000000196de000 nmethod 2056 0x0000000002df1c50 code [0x0000000002df1dc0, 0x0000000002df21d8]
Event: 18.040 Thread 0x00000000196d7800 2057  s    4       java.util.Vector::elementAt (48 bytes)
Event: 18.041 Thread 0x00000000196d7800 nmethod 2057 0x0000000002df40d0 code [0x0000000002df4220, 0x0000000002df4498]

GC Heap History (10 events):
Event: 1.517 GC heap before
{Heap before GC invocations=6 (full 0):
 PSYoungGen      total 106496K, used 100602K [0x0000000780700000, 0x000000078cd00000, 0x00000007c0000000)
  eden space 98304K, 100% used [0x0000000780700000,0x0000000786700000,0x0000000786700000)
  from space 8192K, 28% used [0x0000000786700000,0x000000078693eb48,0x0000000786f00000)
  to   space 3072K, 0% used [0x000000078ca00000,0x000000078ca00000,0x000000078cd00000)
 ParOldGen       total 131072K, used 48K [0x0000000701400000, 0x0000000709400000, 0x0000000780700000)
  object space 131072K, 0% used [0x0000000701400000,0x000000070140c000,0x0000000709400000)
 Metaspace       used 12223K, capacity 12446K, committed 12544K, reserved 1060864K
  class space    used 1355K, capacity 1439K, committed 1536K, reserved 1048576K
Event: 1.519 GC heap after
Heap after GC invocations=6 (full 0):
 PSYoungGen      total 199680K, used 2160K [0x0000000780700000, 0x000000078cd00000, 0x00000007c0000000)
  eden space 196608K, 0% used [0x0000000780700000,0x0000000780700000,0x000000078c700000)
  from space 3072K, 70% used [0x000000078ca00000,0x000000078cc1c1f8,0x000000078cd00000)
  to   space 3072K, 0% used [0x000000078c700000,0x000000078c700000,0x000000078ca00000)
 ParOldGen       total 131072K, used 56K [0x0000000701400000, 0x0000000709400000, 0x0000000780700000)
  object space 131072K, 0% used [0x0000000701400000,0x000000070140e000,0x0000000709400000)
 Metaspace       used 12223K, capacity 12446K, committed 12544K, reserved 1060864K
  class space    used 1355K, capacity 1439K, committed 1536K, reserved 1048576K
}
Event: 2.017 GC heap before
{Heap before GC invocations=7 (full 0):
 PSYoungGen      total 199680K, used 198768K [0x0000000780700000, 0x000000078cd00000, 0x00000007c0000000)
  eden space 196608K, 100% used [0x0000000780700000,0x000000078c700000,0x000000078c700000)
  from space 3072K, 70% used [0x000000078ca00000,0x000000078cc1c1f8,0x000000078cd00000)
  to   space 3072K, 0% used [0x000000078c700000,0x000000078c700000,0x000000078ca00000)
 ParOldGen       total 131072K, used 56K [0x0000000701400000, 0x0000000709400000, 0x0000000780700000)
  object space 131072K, 0% used [0x0000000701400000,0x000000070140e000,0x0000000709400000)
 Metaspace       used 12639K, capacity 12804K, committed 13056K, reserved 1060864K
  class space    used 1405K, capacity 1472K, committed 1536K, reserved 1048576K
Event: 2.020 GC heap after
Heap after GC invocations=7 (full 0):
 PSYoungGen      total 189440K, used 435K [0x0000000780700000, 0x000000078ca80000, 0x00000007c0000000)
  eden space 188928K, 0% used [0x0000000780700000,0x0000000780700000,0x000000078bf80000)
  from space 512K, 85% used [0x000000078c700000,0x000000078c76cda0,0x000000078c780000)
  to   space 3072K, 0% used [0x000000078c780000,0x000000078c780000,0x000000078ca80000)
 ParOldGen       total 131072K, used 2016K [0x0000000701400000, 0x0000000709400000, 0x0000000780700000)
  object space 131072K, 1% used [0x0000000701400000,0x00000007015f8388,0x0000000709400000)
 Metaspace       used 12639K, capacity 12804K, committed 13056K, reserved 1060864K
  class space    used 1405K, capacity 1472K, committed 1536K, reserved 1048576K
}
Event: 2.583 GC heap before
{Heap before GC invocations=8 (full 0):
 PSYoungGen      total 189440K, used 189363K [0x0000000780700000, 0x000000078ca80000, 0x00000007c0000000)
  eden space 188928K, 100% used [0x0000000780700000,0x000000078bf80000,0x000000078bf80000)
  from space 512K, 85% used [0x000000078c700000,0x000000078c76cda0,0x000000078c780000)
  to   space 3072K, 0% used [0x000000078c780000,0x000000078c780000,0x000000078ca80000)
 ParOldGen       total 131072K, used 2016K [0x0000000701400000, 0x0000000709400000, 0x0000000780700000)
  object space 131072K, 1% used [0x0000000701400000,0x00000007015f8388,0x0000000709400000)
 Metaspace       used 12815K, capacity 13028K, committed 13312K, reserved 1060864K
  class space    used 1433K, capacity 1504K, committed 1536K, reserved 1048576K
Event: 2.584 GC heap after
Heap after GC invocations=8 (full 0):
 PSYoungGen      total 182272K, used 344K [0x0000000780700000, 0x000000078c800000, 0x00000007c0000000)
  eden space 181760K, 0% used [0x0000000780700000,0x0000000780700000,0x000000078b880000)
  from space 512K, 67% used [0x000000078c780000,0x000000078c7d61a8,0x000000078c800000)
  to   space 3584K, 0% used [0x000000078c100000,0x000000078c100000,0x000000078c480000)
 ParOldGen       total 131072K, used 2032K [0x0000000701400000, 0x0000000709400000, 0x0000000780700000)
  object space 131072K, 1% used [0x0000000701400000,0x00000007015fc388,0x0000000709400000)
 Metaspace       used 12815K, capacity 13028K, committed 13312K, reserved 1060864K
  class space    used 1433K, capacity 1504K, committed 1536K, reserved 1048576K
}
Event: 3.040 GC heap before
{Heap before GC invocations=9 (full 0):
 PSYoungGen      total 182272K, used 182104K [0x0000000780700000, 0x000000078c800000, 0x00000007c0000000)
  eden space 181760K, 100% used [0x0000000780700000,0x000000078b880000,0x000000078b880000)
  from space 512K, 67% used [0x000000078c780000,0x000000078c7d61a8,0x000000078c800000)
  to   space 3584K, 0% used [0x000000078c100000,0x000000078c100000,0x000000078c480000)
 ParOldGen       total 131072K, used 2032K [0x0000000701400000, 0x0000000709400000, 0x0000000780700000)
  object space 131072K, 1% used [0x0000000701400000,0x00000007015fc388,0x0000000709400000)
 Metaspace       used 12892K, capacity 13124K, committed 13312K, reserved 1060864K
  class space    used 1446K, capacity 1536K, committed 1536K, reserved 1048576K
Event: 3.041 GC heap after
Heap after GC invocations=9 (full 0):
 PSYoungGen      total 178688K, used 224K [0x0000000780700000, 0x000000078c800000, 0x00000007c0000000)
  eden space 175104K, 0% used [0x0000000780700000,0x0000000780700000,0x000000078b200000)
  from space 3584K, 6% used [0x000000078c100000,0x000000078c138000,0x000000078c480000)
  to   space 3584K, 0% used [0x000000078c480000,0x000000078c480000,0x000000078c800000)
 ParOldGen       total 131072K, used 2128K [0x0000000701400000, 0x0000000709400000, 0x0000000780700000)
  object space 131072K, 1% used [0x0000000701400000,0x0000000701614388,0x0000000709400000)
 Metaspace       used 12892K, capacity 13124K, committed 13312K, reserved 1060864K
  class space    used 1446K, capacity 1536K, committed 1536K, reserved 1048576K
}
Event: 17.814 GC heap before
{Heap before GC invocations=10 (full 0):
 PSYoungGen      total 178688K, used 175328K [0x0000000780700000, 0x000000078c800000, 0x00000007c0000000)
  eden space 175104K, 100% used [0x0000000780700000,0x000000078b200000,0x000000078b200000)
  from space 3584K, 6% used [0x000000078c100000,0x000000078c138000,0x000000078c480000)
  to   space 3584K, 0% used [0x000000078c480000,0x000000078c480000,0x000000078c800000)
 ParOldGen       total 131072K, used 2128K [0x0000000701400000, 0x0000000709400000, 0x0000000780700000)
  object space 131072K, 1% used [0x0000000701400000,0x0000000701614388,0x0000000709400000)
 Metaspace       used 18282K, capacity 18508K, committed 18688K, reserved 1064960K
  class space    used 2128K, capacity 2216K, committed 2304K, reserved 1048576K
Event: 17.816 GC heap after
Heap after GC invocations=10 (full 0):
 PSYoungGen      total 172032K, used 3583K [0x0000000780700000, 0x000000078c800000, 0x00000007c0000000)
  eden space 168448K, 0% used [0x0000000780700000,0x0000000780700000,0x000000078ab80000)
  from space 3584K, 99% used [0x000000078c480000,0x000000078c7fffb8,0x000000078c800000)
  to   space 5632K, 0% used [0x000000078bd00000,0x000000078bd00000,0x000000078c280000)
 ParOldGen       total 131072K, used 5422K [0x0000000701400000, 0x0000000709400000, 0x0000000780700000)
  object space 131072K, 4% used [0x0000000701400000,0x000000070194ba18,0x0000000709400000)
 Metaspace       used 18282K, capacity 18508K, committed 18688K, reserved 1064960K
  class space    used 2128K, capacity 2216K, committed 2304K, reserved 1048576K
}

Deoptimization events (10 events):
Event: 3.144 Thread 0x000000001ba27000 Uncommon trap: reason=class_check action=maybe_recompile pc=0x0000000002a074ec method=sun.misc.URLClassPath.getResource(Ljava/lang/String;Z)Lsun/misc/Resource; @ 62
Event: 3.150 Thread 0x000000001ba10800 Uncommon trap: reason=class_check action=maybe_recompile pc=0x00000000029e4494 method=java.util.HashMap.putVal(ILjava/lang/Object;Ljava/lang/Object;ZZ)Ljava/lang/Object; @ 203
Event: 3.150 Thread 0x000000001ba10800 Uncommon trap: reason=class_check action=maybe_recompile pc=0x00000000029e4494 method=java.util.HashMap.putVal(ILjava/lang/Object;Ljava/lang/Object;ZZ)Ljava/lang/Object; @ 203
Event: 3.150 Thread 0x000000001ba10800 Uncommon trap: reason=class_check action=maybe_recompile pc=0x00000000029e4494 method=java.util.HashMap.putVal(ILjava/lang/Object;Ljava/lang/Object;ZZ)Ljava/lang/Object; @ 203
Event: 3.213 Thread 0x000000001ba27000 Uncommon trap: reason=unstable_if action=reinterpret pc=0x0000000002a3ec48 method=java.io.File.getName()Ljava/lang/String; @ 16
Event: 3.213 Thread 0x000000001ba27000 Uncommon trap: reason=unstable_if action=reinterpret pc=0x0000000002a06ae4 method=java.lang.String.substring(I)Ljava/lang/String; @ 35
Event: 3.226 Thread 0x000000001ba27000 Uncommon trap: reason=predicate action=maybe_recompile pc=0x0000000002947168 method=java.lang.String.regionMatches(ZILjava/lang/String;II)Z @ 63
Event: 3.308 Thread 0x000000001ba27000 Uncommon trap: reason=unstable_if action=reinterpret pc=0x00000000028d035c method=java.io.WinNTFileSystem.normalize(Ljava/lang/String;II)Ljava/lang/String; @ 103
Event: 3.319 Thread 0x000000001ba27000 Uncommon trap: reason=unstable_if action=reinterpret pc=0x000000000281675c method=java.lang.String.indexOf([CII[CIII)I @ 3
Event: 3.481 Thread 0x000000001ba27000 Uncommon trap: reason=unstable_if action=reinterpret pc=0x0000000002bf4a4c method=org.sqlite.SQLiteJDBCLoader.contentsEquals(Ljava/io/InputStream;Ljava/io/InputStream;)Z @ 39

Classes redefined (0 events):
No events

Internal exceptions (10 events):
Event: 0.103 Thread 0x000000000232e000 Exception <a 'java/security/PrivilegedActionException'> (0x000000078094c348) thrown at [C:\re\workspace\8-2-build-windows-amd64-cygwin\jdk8u191\11896\hotspot\src\share\vm\prims\jvm.cpp, line 1435]
Event: 0.103 Thread 0x000000000232e000 Exception <a 'java/security/PrivilegedActionException'> (0x000000078094c558) thrown at [C:\re\workspace\8-2-build-windows-amd64-cygwin\jdk8u191\11896\hotspot\src\share\vm\prims\jvm.cpp, line 1435]
Event: 0.142 Thread 0x000000000232e000 Exception <a 'java/security/PrivilegedActionException'> (0x00000007809e5bd0) thrown at [C:\re\workspace\8-2-build-windows-amd64-cygwin\jdk8u191\11896\hotspot\src\share\vm\prims\jvm.cpp, line 1435]
Event: 0.142 Thread 0x000000000232e000 Exception <a 'java/security/PrivilegedActionException'> (0x00000007809e5de0) thrown at [C:\re\workspace\8-2-build-windows-amd64-cygwin\jdk8u191\11896\hotspot\src\share\vm\prims\jvm.cpp, line 1435]
Event: 0.142 Thread 0x000000000232e000 Exception <a 'java/security/PrivilegedActionException'> (0x00000007809e9cf0) thrown at [C:\re\workspace\8-2-build-windows-amd64-cygwin\jdk8u191\11896\hotspot\src\share\vm\prims\jvm.cpp, line 1435]
Event: 0.142 Thread 0x000000000232e000 Exception <a 'java/security/PrivilegedActionException'> (0x00000007809e9f00) thrown at [C:\re\workspace\8-2-build-windows-amd64-cygwin\jdk8u191\11896\hotspot\src\share\vm\prims\jvm.cpp, line 1435]
Event: 0.146 Thread 0x000000000232e000 Exception <a 'java/io/FileNotFoundException'> (0x00000007809ebfe0) thrown at [C:\re\workspace\8-2-build-windows-amd64-cygwin\jdk8u191\11896\hotspot\src\share\vm\prims\jni.cpp, line 709]
Event: 0.170 Thread 0x000000000232e000 Exception <a 'java/lang/NoSuchFieldError': method resolution failed> (0x0000000780abc690) thrown at [C:\re\workspace\8-2-build-windows-amd64-cygwin\jdk8u191\11896\hotspot\src\share\vm\prims\methodHandles.cpp, line 1167]
Event: 0.171 Thread 0x000000000232e000 Exception <a 'java/lang/NoSuchFieldError': method resolution failed> (0x0000000780ac99e0) thrown at [C:\re\workspace\8-2-build-windows-amd64-cygwin\jdk8u191\11896\hotspot\src\share\vm\prims\methodHandles.cpp, line 1167]
Event: 0.224 Thread 0x000000000232e000 Exception <a 'java/io/FileNotFoundException'> (0x0000000780bb0e98) thrown at [C:\re\workspace\8-2-build-windows-amd64-cygwin\jdk8u191\11896\hotspot\src\share\vm\prims\jni.cpp, line 709]

Events (10 events):
Event: 15.400 loading class prison_management/Main$DaemonThread done
Event: 15.401 Thread 0x000000002cf00800 Thread added: 0x000000002cf00800
Event: 17.814 Executing VM operation: ParallelGCFailedAllocation
Event: 17.817 Executing VM operation: ParallelGCFailedAllocation done
Event: 17.817 Executing VM operation: RevokeBias
Event: 17.817 Executing VM operation: RevokeBias done
Event: 17.817 loading class org/sqlite/SQLiteErrorCode
Event: 17.817 loading class org/sqlite/SQLiteErrorCode done
Event: 17.819 loading class java/sql/SQLWarning
Event: 17.819 loading class java/sql/SQLWarning done


Dynamic libraries:
0x00007ff769c70000 - 0x00007ff769ca7000 	C:\Program Files\Java\jdk1.8.0_161\bin\java.exe
0x00007ff99e1f0000 - 0x00007ff99e3d1000 	C:\WINDOWS\SYSTEM32\ntdll.dll
0x00007ff99b970000 - 0x00007ff99ba22000 	C:\WINDOWS\System32\KERNEL32.DLL
0x00007ff99a590000 - 0x00007ff99a803000 	C:\WINDOWS\System32\KERNELBASE.dll
0x00007ff99c350000 - 0x00007ff99c3f1000 	C:\WINDOWS\System32\ADVAPI32.dll
0x00007ff99c0a0000 - 0x00007ff99c13e000 	C:\WINDOWS\System32\msvcrt.dll
0x00007ff99c2f0000 - 0x00007ff99c34b000 	C:\WINDOWS\System32\sechost.dll
0x00007ff99d890000 - 0x00007ff99d9b4000 	C:\WINDOWS\System32\RPCRT4.dll
0x00007ff99dc00000 - 0x00007ff99dd90000 	C:\WINDOWS\System32\USER32.dll
0x00007ff99a810000 - 0x00007ff99a830000 	C:\WINDOWS\System32\win32u.dll
0x00007ff99c140000 - 0x00007ff99c168000 	C:\WINDOWS\System32\GDI32.dll
0x00007ff99a830000 - 0x00007ff99a9c2000 	C:\WINDOWS\System32\gdi32full.dll
0x00007ff99aa80000 - 0x00007ff99ab1f000 	C:\WINDOWS\System32\msvcp_win.dll
0x00007ff99ae40000 - 0x00007ff99af3a000 	C:\WINDOWS\System32\ucrtbase.dll
0x00007ff98b710000 - 0x00007ff98b979000 	C:\WINDOWS\WinSxS\amd64_microsoft.windows.common-controls_6595b64144ccf1df_6.0.17134.590_none_fb3d9bff3069e088\COMCTL32.dll
0x00007ff99dd90000 - 0x00007ff99e0b2000 	C:\WINDOWS\System32\combase.dll
0x00007ff99ab20000 - 0x00007ff99ab9a000 	C:\WINDOWS\System32\bcryptPrimitives.dll
0x00007ff99c410000 - 0x00007ff99c43d000 	C:\WINDOWS\System32\IMM32.DLL
0x00000000597e0000 - 0x00000000598b2000 	C:\Program Files\Java\jdk1.8.0_161\jre\bin\msvcr100.dll
0x00000000598c0000 - 0x000000005a164000 	C:\Program Files\Java\jdk1.8.0_161\jre\bin\server\jvm.dll
0x00007ff99c400000 - 0x00007ff99c408000 	C:\WINDOWS\System32\PSAPI.DLL
0x00007ff9982a0000 - 0x00007ff9982c3000 	C:\WINDOWS\SYSTEM32\WINMM.dll
0x00007ff998c00000 - 0x00007ff998c09000 	C:\WINDOWS\SYSTEM32\WSOCK32.dll
0x00007ff98b990000 - 0x00007ff98b99a000 	C:\WINDOWS\SYSTEM32\VERSION.dll
0x00007ff99e0c0000 - 0x00007ff99e12c000 	C:\WINDOWS\System32\WS2_32.dll
0x00007ff998230000 - 0x00007ff99825a000 	C:\WINDOWS\SYSTEM32\WINMMBASE.dll
0x00007ff99aba0000 - 0x00007ff99abe9000 	C:\WINDOWS\System32\cfgmgr32.dll
0x000000005a560000 - 0x000000005a56f000 	C:\Program Files\Java\jdk1.8.0_161\jre\bin\verify.dll
0x00000000597b0000 - 0x00000000597d9000 	C:\Program Files\Java\jdk1.8.0_161\jre\bin\java.dll
0x0000000059790000 - 0x00000000597a6000 	C:\Program Files\Java\jdk1.8.0_161\jre\bin\zip.dll
0x00007ff99c450000 - 0x00007ff99d890000 	C:\WINDOWS\System32\SHELL32.dll
0x00007ff99be80000 - 0x00007ff99bf29000 	C:\WINDOWS\System32\shcore.dll
0x00007ff99af40000 - 0x00007ff99b64d000 	C:\WINDOWS\System32\windows.storage.dll
0x00007ff99e130000 - 0x00007ff99e181000 	C:\WINDOWS\System32\shlwapi.dll
0x00007ff99a500000 - 0x00007ff99a511000 	C:\WINDOWS\System32\kernel.appcore.dll
0x00007ff99a520000 - 0x00007ff99a53f000 	C:\WINDOWS\System32\profapi.dll
0x00007ff99a540000 - 0x00007ff99a58c000 	C:\WINDOWS\System32\powrprof.dll
0x00007ff99a4f0000 - 0x00007ff99a4fa000 	C:\WINDOWS\System32\FLTLIB.DLL
0x00000000595b0000 - 0x0000000059749000 	C:\Program Files\Java\jdk1.8.0_161\jre\bin\awt.dll
0x00007ff99db30000 - 0x00007ff99dbf3000 	C:\WINDOWS\System32\OLEAUT32.dll
0x00007ff998390000 - 0x00007ff99841b000 	C:\WINDOWS\SYSTEM32\apphelp.dll
0x00007ff998510000 - 0x00007ff9985a8000 	C:\WINDOWS\system32\uxtheme.dll
0x00007ff99c170000 - 0x00007ff99c2e3000 	C:\WINDOWS\System32\MSCTF.dll
0x00007ff9986d0000 - 0x00007ff9986f9000 	C:\WINDOWS\system32\dwmapi.dll
0x00007ff99bf40000 - 0x00007ff99c091000 	C:\WINDOWS\System32\ole32.dll
0x00007ff984210000 - 0x00007ff984330000 	C:\WINDOWS\system32\opengl32.dll
0x00007ff98e5b0000 - 0x00007ff98e5dc000 	C:\WINDOWS\SYSTEM32\GLU32.dll
0x0000000059560000 - 0x00000000595a7000 	C:\Program Files\Java\jdk1.8.0_161\jre\bin\fontmanager.dll
0x0000000059770000 - 0x000000005978a000 	C:\Program Files\Java\jdk1.8.0_161\jre\bin\net.dll
0x00007ff999990000 - 0x00007ff9999f6000 	C:\WINDOWS\system32\mswsock.dll
0x0000000059750000 - 0x0000000059761000 	C:\Program Files\Java\jdk1.8.0_161\jre\bin\nio.dll
0x00000000022a0000 - 0x00000000022a3000 	C:\Users\Deshan\.javacpp\cache\opencv-windows-x86_64.jar\org\bytedeco\javacpp\windows-x86_64\api-ms-win-crt-locale-l1-1-0.dll
0x00000000022c0000 - 0x00000000022c4000 	C:\Users\Deshan\.javacpp\cache\opencv-windows-x86_64.jar\org\bytedeco\javacpp\windows-x86_64\api-ms-win-crt-string-l1-1-0.dll
0x00000000022d0000 - 0x00000000022d4000 	C:\Users\Deshan\.javacpp\cache\opencv-windows-x86_64.jar\org\bytedeco\javacpp\windows-x86_64\api-ms-win-crt-stdio-l1-1-0.dll
0x00000000022e0000 - 0x00000000022e5000 	C:\Users\Deshan\.javacpp\cache\opencv-windows-x86_64.jar\org\bytedeco\javacpp\windows-x86_64\api-ms-win-crt-math-l1-1-0.dll
0x00000000022f0000 - 0x00000000022f3000 	C:\Users\Deshan\.javacpp\cache\opencv-windows-x86_64.jar\org\bytedeco\javacpp\windows-x86_64\api-ms-win-crt-heap-l1-1-0.dll
0x0000000002300000 - 0x0000000002304000 	C:\Users\Deshan\.javacpp\cache\opencv-windows-x86_64.jar\org\bytedeco\javacpp\windows-x86_64\api-ms-win-crt-runtime-l1-1-0.dll
0x0000000002310000 - 0x0000000002314000 	C:\Users\Deshan\.javacpp\cache\opencv-windows-x86_64.jar\org\bytedeco\javacpp\windows-x86_64\api-ms-win-crt-convert-l1-1-0.dll
0x00000000023f0000 - 0x00000000023f3000 	C:\Users\Deshan\.javacpp\cache\opencv-windows-x86_64.jar\org\bytedeco\javacpp\windows-x86_64\api-ms-win-crt-environment-l1-1-0.dll
0x000000001da50000 - 0x000000001da53000 	C:\Users\Deshan\.javacpp\cache\opencv-windows-x86_64.jar\org\bytedeco\javacpp\windows-x86_64\api-ms-win-crt-time-l1-1-0.dll
0x000000001da60000 - 0x000000001da63000 	C:\Users\Deshan\.javacpp\cache\opencv-windows-x86_64.jar\org\bytedeco\javacpp\windows-x86_64\api-ms-win-crt-filesystem-l1-1-0.dll
0x000000001da70000 - 0x000000001da73000 	C:\Users\Deshan\.javacpp\cache\opencv-windows-x86_64.jar\org\bytedeco\javacpp\windows-x86_64\api-ms-win-crt-utility-l1-1-0.dll
0x000000001da80000 - 0x000000001da85000 	C:\Users\Deshan\.javacpp\cache\opencv-windows-x86_64.jar\org\bytedeco\javacpp\windows-x86_64\api-ms-win-crt-multibyte-l1-1-0.dll
0x000000001da90000 - 0x000000001da93000 	C:\Users\Deshan\.javacpp\cache\opencv-windows-x86_64.jar\org\bytedeco\javacpp\windows-x86_64\api-ms-win-core-string-l1-1-0.dll
0x000000001daa0000 - 0x000000001daa3000 	C:\Users\Deshan\.javacpp\cache\opencv-windows-x86_64.jar\org\bytedeco\javacpp\windows-x86_64\api-ms-win-core-errorhandling-l1-1-0.dll
0x000000001dab0000 - 0x000000001dab3000 	C:\Users\Deshan\.javacpp\cache\opencv-windows-x86_64.jar\org\bytedeco\javacpp\windows-x86_64\api-ms-win-core-timezone-l1-1-0.dll
0x000000001dac0000 - 0x000000001dac4000 	C:\Users\Deshan\.javacpp\cache\opencv-windows-x86_64.jar\org\bytedeco\javacpp\windows-x86_64\api-ms-win-core-file-l1-1-0.dll
0x000000001dad0000 - 0x000000001dad3000 	C:\Users\Deshan\.javacpp\cache\opencv-windows-x86_64.jar\org\bytedeco\javacpp\windows-x86_64\api-ms-win-core-namedpipe-l1-1-0.dll
0x000000001dae0000 - 0x000000001dae3000 	C:\Users\Deshan\.javacpp\cache\opencv-windows-x86_64.jar\org\bytedeco\javacpp\windows-x86_64\api-ms-win-core-handle-l1-1-0.dll
0x000000001daf0000 - 0x000000001daf3000 	C:\Users\Deshan\.javacpp\cache\opencv-windows-x86_64.jar\org\bytedeco\javacpp\windows-x86_64\api-ms-win-core-file-l2-1-0.dll
0x000000001db00000 - 0x000000001db03000 	C:\Users\Deshan\.javacpp\cache\opencv-windows-x86_64.jar\org\bytedeco\javacpp\windows-x86_64\api-ms-win-core-heap-l1-1-0.dll
0x000000001db10000 - 0x000000001db13000 	C:\Users\Deshan\.javacpp\cache\opencv-windows-x86_64.jar\org\bytedeco\javacpp\windows-x86_64\api-ms-win-core-libraryloader-l1-1-0.dll
0x000000001db20000 - 0x000000001db23000 	C:\Users\Deshan\.javacpp\cache\opencv-windows-x86_64.jar\org\bytedeco\javacpp\windows-x86_64\api-ms-win-core-synch-l1-1-0.dll
0x000000001db30000 - 0x000000001db33000 	C:\Users\Deshan\.javacpp\cache\opencv-windows-x86_64.jar\org\bytedeco\javacpp\windows-x86_64\api-ms-win-core-processthreads-l1-1-0.dll
0x000000001db40000 - 0x000000001db43000 	C:\Users\Deshan\.javacpp\cache\opencv-windows-x86_64.jar\org\bytedeco\javacpp\windows-x86_64\api-ms-win-core-processenvironment-l1-1-0.dll
0x000000001db50000 - 0x000000001db53000 	C:\Users\Deshan\.javacpp\cache\opencv-windows-x86_64.jar\org\bytedeco\javacpp\windows-x86_64\api-ms-win-core-datetime-l1-1-0.dll
0x000000001db60000 - 0x000000001db63000 	C:\Users\Deshan\.javacpp\cache\opencv-windows-x86_64.jar\org\bytedeco\javacpp\windows-x86_64\api-ms-win-core-localization-l1-2-0.dll
0x000000001db70000 - 0x000000001db73000 	C:\Users\Deshan\.javacpp\cache\opencv-windows-x86_64.jar\org\bytedeco\javacpp\windows-x86_64\api-ms-win-core-sysinfo-l1-1-0.dll
0x000000001db80000 - 0x000000001db83000 	C:\Users\Deshan\.javacpp\cache\opencv-windows-x86_64.jar\org\bytedeco\javacpp\windows-x86_64\api-ms-win-core-synch-l1-2-0.dll
0x000000001db90000 - 0x000000001db93000 	C:\Users\Deshan\.javacpp\cache\opencv-windows-x86_64.jar\org\bytedeco\javacpp\windows-x86_64\api-ms-win-core-console-l1-1-0.dll
0x000000001dba0000 - 0x000000001dba3000 	C:\Users\Deshan\.javacpp\cache\opencv-windows-x86_64.jar\org\bytedeco\javacpp\windows-x86_64\api-ms-win-core-debug-l1-1-0.dll
0x000000001dbb0000 - 0x000000001dbb3000 	C:\Users\Deshan\.javacpp\cache\opencv-windows-x86_64.jar\org\bytedeco\javacpp\windows-x86_64\api-ms-win-core-rtlsupport-l1-1-0.dll
0x000000001dbc0000 - 0x000000001dbc3000 	C:\Users\Deshan\.javacpp\cache\opencv-windows-x86_64.jar\org\bytedeco\javacpp\windows-x86_64\api-ms-win-core-processthreads-l1-1-1.dll
0x000000001dbd0000 - 0x000000001dbd3000 	C:\Users\Deshan\.javacpp\cache\opencv-windows-x86_64.jar\org\bytedeco\javacpp\windows-x86_64\api-ms-win-core-file-l1-2-0.dll
0x000000001dbe0000 - 0x000000001dbe3000 	C:\Users\Deshan\.javacpp\cache\opencv-windows-x86_64.jar\org\bytedeco\javacpp\windows-x86_64\api-ms-win-core-profile-l1-1-0.dll
0x000000001dbf0000 - 0x000000001dbf3000 	C:\Users\Deshan\.javacpp\cache\opencv-windows-x86_64.jar\org\bytedeco\javacpp\windows-x86_64\api-ms-win-core-memory-l1-1-0.dll
0x000000001dc00000 - 0x000000001dc03000 	C:\Users\Deshan\.javacpp\cache\opencv-windows-x86_64.jar\org\bytedeco\javacpp\windows-x86_64\api-ms-win-core-util-l1-1-0.dll
0x000000001dc10000 - 0x000000001dc13000 	C:\Users\Deshan\.javacpp\cache\opencv-windows-x86_64.jar\org\bytedeco\javacpp\windows-x86_64\api-ms-win-core-interlocked-l1-1-0.dll
0x00007ff980390000 - 0x00007ff980485000 	C:\Users\Deshan\.javacpp\cache\opencv-windows-x86_64.jar\org\bytedeco\javacpp\windows-x86_64\ucrtbase.dll
0x00007ff9921e0000 - 0x00007ff9921f7000 	C:\Users\Deshan\.javacpp\cache\opencv-windows-x86_64.jar\org\bytedeco\javacpp\windows-x86_64\vcruntime140.dll
0x00007ff989750000 - 0x00007ff9897ed000 	C:\Users\Deshan\.javacpp\cache\opencv-windows-x86_64.jar\org\bytedeco\javacpp\windows-x86_64\msvcp140.dll
0x00007ff98d840000 - 0x00007ff98d891000 	C:\Users\Deshan\.javacpp\cache\opencv-windows-x86_64.jar\org\bytedeco\javacpp\windows-x86_64\concrt140.dll
0x00007ff991bb0000 - 0x00007ff991bde000 	C:\Users\Deshan\.javacpp\cache\opencv-windows-x86_64.jar\org\bytedeco\javacpp\windows-x86_64\vcomp140.dll
0x00007ff96f3e0000 - 0x00007ff96f771000 	C:\Users\Deshan\.javacpp\cache\opencv-windows-x86_64.jar\org\bytedeco\javacpp\windows-x86_64\opencv_core401.dll
0x00007ff9684f0000 - 0x00007ff968937000 	C:\Users\Deshan\.javacpp\cache\opencv-windows-x86_64.jar\org\bytedeco\javacpp\windows-x86_64\opencv_imgproc401.dll
0x00007ff965a10000 - 0x00007ff965da9000 	C:\Users\Deshan\.javacpp\cache\opencv-windows-x86_64.jar\org\bytedeco\javacpp\windows-x86_64\jniopencv_core.dll
0x00007ff974d30000 - 0x00007ff974e8c000 	C:\Users\Deshan\.javacpp\cache\opencv-windows-x86_64.jar\org\bytedeco\javacpp\windows-x86_64\jniopencv_imgproc.dll
0x00007ff96f0f0000 - 0x00007ff96f3d9000 	C:\Users\Deshan\.javacpp\cache\opencv-windows-x86_64.jar\org\bytedeco\javacpp\windows-x86_64\opencv_imgcodecs401.dll
0x00007ff993df0000 - 0x00007ff993e20000 	C:\Users\Deshan\.javacpp\cache\opencv-windows-x86_64.jar\org\bytedeco\javacpp\windows-x86_64\jniopencv_imgcodecs.dll
0x00007ff9899c0000 - 0x00007ff989a3c000 	C:\Users\Deshan\.javacpp\cache\opencv-windows-x86_64.jar\org\bytedeco\javacpp\windows-x86_64\opencv_videoio401.dll
0x00007ff991630000 - 0x00007ff99180b000 	C:\WINDOWS\SYSTEM32\MFPlat.DLL
0x00007ff988b20000 - 0x00007ff988b9b000 	C:\WINDOWS\SYSTEM32\MF.dll
0x00007ff987420000 - 0x00007ff987518000 	C:\WINDOWS\SYSTEM32\MFReadWrite.dll
0x00007ff96ec20000 - 0x00007ff96f04e000 	C:\WINDOWS\SYSTEM32\MFCORE.DLL
0x00007ff99ac50000 - 0x00007ff99ae32000 	C:\WINDOWS\System32\CRYPT32.dll
0x00007ff99a4d0000 - 0x00007ff99a4e2000 	C:\WINDOWS\System32\MSASN1.dll
0x00007ff99a160000 - 0x00007ff99a185000 	C:\WINDOWS\SYSTEM32\bcrypt.dll
0x00007ff994270000 - 0x00007ff994279000 	C:\WINDOWS\SYSTEM32\ksuser.dll
0x00007ff999b40000 - 0x00007ff999b4b000 	C:\WINDOWS\SYSTEM32\CRYPTBASE.DLL
0x00007ff991910000 - 0x00007ff99193e000 	C:\WINDOWS\SYSTEM32\RTWorkQ.DLL
0x00007ff9921b0000 - 0x00007ff9921d0000 	C:\Users\Deshan\.javacpp\cache\opencv-windows-x86_64.jar\org\bytedeco\javacpp\windows-x86_64\jniopencv_videoio.dll
0x00007ff992170000 - 0x00007ff9921a4000 	C:\Users\Deshan\.javacpp\cache\opencv-windows-x86_64.jar\org\bytedeco\javacpp\windows-x86_64\opencv_highgui401.dll
0x00007ff99da40000 - 0x00007ff99db2d000 	C:\WINDOWS\System32\COMDLG32.dll
0x00007ff992030000 - 0x00007ff992081000 	C:\Users\Deshan\.javacpp\cache\opencv-windows-x86_64.jar\org\bytedeco\javacpp\windows-x86_64\jniopencv_highgui.dll
0x00007ff980300000 - 0x00007ff980388000 	C:\Users\Deshan\.javacpp\cache\opencv-windows-x86_64.jar\org\bytedeco\javacpp\windows-x86_64\opencv_flann401.dll
0x00007ff991bf0000 - 0x00007ff991c19000 	C:\Users\Deshan\.javacpp\cache\opencv-windows-x86_64.jar\org\bytedeco\javacpp\windows-x86_64\jniopencv_flann.dll
0x00007ff979880000 - 0x00007ff97995d000 	C:\Users\Deshan\.javacpp\cache\opencv-windows-x86_64.jar\org\bytedeco\javacpp\windows-x86_64\opencv_features2d401.dll
0x00007ff97b830000 - 0x00007ff97b89b000 	C:\Users\Deshan\.javacpp\cache\opencv-windows-x86_64.jar\org\bytedeco\javacpp\windows-x86_64\jniopencv_features2d.dll
0x00007ff96e300000 - 0x00007ff96e542000 	C:\Users\Deshan\.javacpp\cache\opencv-windows-x86_64.jar\org\bytedeco\javacpp\windows-x86_64\opencv_calib3d401.dll
0x00007ff977ad0000 - 0x00007ff977b84000 	C:\Users\Deshan\.javacpp\cache\opencv-windows-x86_64.jar\org\bytedeco\javacpp\windows-x86_64\jniopencv_calib3d.dll
0x00007ff97ac40000 - 0x00007ff97ace8000 	C:\Users\Deshan\.javacpp\cache\opencv-windows-x86_64.jar\org\bytedeco\javacpp\windows-x86_64\opencv_objdetect401.dll
0x00007ff977a50000 - 0x00007ff977ad0000 	C:\Users\Deshan\.javacpp\cache\opencv-windows-x86_64.jar\org\bytedeco\javacpp\windows-x86_64\jniopencv_objdetect.dll
0x00007ff974c30000 - 0x00007ff974d22000 	C:\Users\Deshan\.javacpp\cache\opencv-windows-x86_64.jar\org\bytedeco\javacpp\windows-x86_64\opencv_photo401.dll
0x00007ff98a8b0000 - 0x00007ff98a903000 	C:\Users\Deshan\.javacpp\cache\opencv-windows-x86_64.jar\org\bytedeco\javacpp\windows-x86_64\jniopencv_photo.dll
0x00007ff972ba0000 - 0x00007ff972c86000 	C:\Users\Deshan\.javacpp\cache\opencv-windows-x86_64.jar\org\bytedeco\javacpp\windows-x86_64\opencv_face401.dll
0x00007ff979820000 - 0x00007ff979873000 	C:\Users\Deshan\.javacpp\cache\opencv-windows-x86_64.jar\org\bytedeco\javacpp\windows-x86_64\jniopencv_face.dll
0x00007ff99b650000 - 0x00007ff99b6f0000 	C:\WINDOWS\System32\clbcatq.dll
0x00007ff995fa0000 - 0x00007ff99614e000 	C:\WINDOWS\SYSTEM32\WindowsCodecs.dll

VM Arguments:
jvm_args: -Dfile.encoding=UTF-8 
java_command: prison_management.Main
java_class_path (initial): C:\Java\webcam-capture-0.3.10-dist\webcam-capture-0.3.13-20180618.102645-4.jar;C:\Java\webcam-capture-0.3.10-dist\libs\bridj-0.6.2.jar;C:\Java\webcam-capture-0.3.10-dist\libs\slf4j-api-1.7.2.jar;C:\Users\Deshan\Downloads\jdbc.jar\sqlite-jdbc-3.23.1.jar;C:\javacv\ffmpeg-platform.jar;C:\javacv\ffmpeg-windows-x86_64.jar;C:\javacv\ffmpeg.jar;C:\javacv\javacpp.jar;C:\javacv\javacv-platform.jar;C:\javacv\javacv.jar;C:\javacv\opencv-platform.jar;C:\javacv\opencv-windows-x86_64.jar;C:\javacv\opencv.jar;C:\Java\prison_management\build\classes
Launcher Type: SUN_STANDARD

Environment Variables:
PATH=C:\Program Files (x86)\Intel\iCLS Client\;C:\Program Files\Intel\iCLS Client\;C:\WINDOWS\system32;C:\WINDOWS;C:\WINDOWS\System32\Wbem;C:\WINDOWS\System32\WindowsPowerShell\v1.0\;C:\Program Files (x86)\Intel\Intel(R) Management Engine Components\DAL;C:\Program Files\Intel\Intel(R) Management Engine Components\DAL;C:\Program Files (x86)\Intel\Intel(R) Management Engine Components\IPT;C:\Program Files\Intel\Intel(R) Management Engine Components\IPT;C:\Program Files\Java\jdk1.8.0_161\bin;C:\cygwin64;C:\WINDOWS\System32\OpenSSH\;"C:\Program Files\Java\jdk1.8.0_161\bin;";C:\Program Files\Intel\WiFi\bin\;C:\Program Files\Common Files\Intel\WirelessCommon\;C:\Program Files (x86)\Microsoft SQL Server\100\Tools\Binn\;C:\Program Files\Microsoft SQL Server\100\Tools\Binn\;C:\Program Files\Microsoft SQL Server\100\DTS\Binn\;C:\opencv\opencv\build\x64\vc15\bin;C:\Users\Deshan\AppData\Local\Programs\Python\Python36-32;C:\Users\Deshan\AppData\Local\Programs\Python\Python36-32\Scripts;C:\Users\Deshan\AppData\Local\Programs\Python\Python36-32\Scripts\;C:\Users\Deshan\AppData\Local\Programs\Python\Python36-32\;C:\Users\Deshan\AppData\Local\Microsoft\WindowsApps;C:\Program Files\Intel\WiFi\bin\;C:\Program Files\Common Files\Intel\WirelessCommon\;
USERNAME=Deshan
OS=Windows_NT
PROCESSOR_IDENTIFIER=Intel64 Family 6 Model 142 Stepping 9, GenuineIntel



---------------  S Y S T E M  ---------------

OS: Windows 10.0 , 64 bit Build 17134 (10.0.17134.556)

CPU:total 4 (initial active 4) (2 cores per cpu, 2 threads per core) family 6 model 142 stepping 9, cmov, cx8, fxsr, mmx, sse, sse2, sse3, ssse3, sse4.1, sse4.2, popcnt, avx, avx2, aes, clmul, erms, 3dnowpref, lzcnt, ht, tsc, tscinvbit, bmi1, bmi2, adx

Memory: 4k page, physical 12496808k(8521232k free), swap 13283240k(8701952k free)

vm_info: Java HotSpot(TM) 64-Bit Server VM (25.191-b12) for windows-amd64 JRE (1.8.0_191-b12), built on Oct  6 2018 09:29:03 by "java_re" with MS VC++ 10.0 (VS2010)

time: Tue Mar 05 17:27:03 2019
elapsed time: 18 seconds (0d 0h 0m 18s)

