#
# A fatal error has been detected by the Java Runtime Environment:
#
#  EXCEPTION_ACCESS_VIOLATION (0xc0000005) at pc=0x000000007041aea4, pid=13184, tid=0x00000000000024d8
#
# JRE version: Java(TM) SE Runtime Environment (8.0_191-b12) (build 1.8.0_191-b12)
# Java VM: Java HotSpot(TM) 64-Bit Server VM (25.191-b12 mixed mode windows-amd64 compressed oops)
# Problematic frame:
# C  0x000000007041aea4
#
# Failed to write core dump. Minidumps are not enabled by default on client versions of Windows
#
# If you would like to submit a bug report, please visit:
#   http://bugreport.java.com/bugreport/crash.jsp
# The crash happened outside the Java Virtual Machine in native code.
# See problematic frame for where to report the bug.
#

---------------  T H R E A D  ---------------

Current thread (0x000000001bd85000):  JavaThread "SwingWorker-pool-1-thread-2" daemon [_thread_in_native, id=9432, stack(0x000000002c2c0000,0x000000002c3c0000)]

siginfo: ExceptionCode=0xc0000005, reading address 0xffffffffffffffff

Registers:
RAX=0x2a205443454c4553, RBX=0x0000000000000001, RCX=0x000000002909c708, RDX=0x0000000000000001
RSP=0x000000002c3bea30, RBP=0x000000002c3beba8, RSI=0x000000002909c708, RDI=0x0000000000000001
R8 =0x00000000000000a2, R9 =0x0000000787e1a028, R10=0x0000000000000050, R11=0x0000000077375aa0
R12=0x0000000029086748, R13=0x000000002c0c45c0, R14=0x000000002c3bebe0, R15=0x000000001bd85000
RIP=0x000000007041aea4, EFLAGS=0x0000000000010202

Top of Stack: (sp=0x000000002c3bea30)
0x000000002c3bea30:   000000002c3beae0 0000000070402a10
0x000000002c3bea40:   000000001bd85000 000000002c3beab0
0x000000002c3bea50:   000000002c0c45c0 000000002909c708
0x000000002c3bea60:   000000001bd851f8 0000000070435f2e
0x000000002c3bea70:   000000002c0c45c0 000000002c3bebe0
0x000000002c3bea80:   000000001d8f6f20 0000000076c1c536
0x000000002c3bea90:   000000002c3bf1d8 000000002909c708
0x000000002c3beaa0:   000000001bd851f8 0000000070402a43
0x000000002c3beab0:   000000002c0c45c0 000000001bd85000
0x000000002c3beac0:   000000002c0c45c0 000000001bd85000
0x000000002c3bead0:   0000000000000004 0000000002aa964b
0x000000002c3beae0:   000000002c0c45c0 0000000787e52f38
0x000000002c3beaf0:   0000000000000004 000000002c3beba8
0x000000002c3beb00:   0000000000000000 0000000002aa97db
0x000000002c3beb10:   000000002c3bf1d8 000000002c3beba8
0x000000002c3beb20:   0000000000000004 0000000002aa9550 

Instructions: (pc=0x000000007041aea4)
0x000000007041ae84:   40 00 66 2e 0f 1f 84 00 00 00 00 00 56 53 48 83
0x000000007041ae94:   ec 28 48 85 c9 48 89 ce 48 63 da 74 71 48 8b 01
0x000000007041aea4:   48 8b 48 18 48 85 c9 74 06 ff 15 9d 43 0b 00 48
0x000000007041aeb4:   8b 86 88 00 00 00 48 85 c0 74 31 0f b7 96 bc 00 


Register to memory mapping:

RAX=0x2a205443454c4553 is an unknown value
RBX=0x0000000000000001 is an unknown value
RCX=0x000000002909c708 is an unknown value
RDX=0x0000000000000001 is an unknown value
RSP=0x000000002c3bea30 is pointing into the stack for thread: 0x000000001bd85000
RBP=0x000000002c3beba8 is pointing into the stack for thread: 0x000000001bd85000
RSI=0x000000002909c708 is an unknown value
RDI=0x0000000000000001 is an unknown value
R8 =0x00000000000000a2 is an unknown value
R9 =0x0000000787e1a028 is an oop
org.sqlite.core.NativeDB 
 - klass: 'org/sqlite/core/NativeDB'
R10=0x0000000000000050 is an unknown value
R11=0x0000000077375aa0 is an unknown value
R12=0x0000000029086748 is an unknown value
R13={method} {0x000000002c0c45c8} 'column_text_utf8' '(JI)[B' in 'org/sqlite/core/NativeDB'
R14=0x000000002c3bebe0 is pointing into the stack for thread: 0x000000001bd85000
R15=0x000000001bd85000 is a thread


Stack: [0x000000002c2c0000,0x000000002c3c0000],  sp=0x000000002c3bea30,  free space=1018k
Native frames: (J=compiled Java code, j=interpreted, Vv=VM code, C=native code)
C  0x000000007041aea4
C  0x0000000070435f2e
C  0x0000000070402a43
C  0x0000000002aa97db

Java frames: (J=compiled Java code, j=interpreted, Vv=VM code)
j  org.sqlite.core.NativeDB.column_text_utf8(JI)[B+0
j  org.sqlite.core.NativeDB.column_text(JI)Ljava/lang/String;+3
j  org.sqlite.jdbc3.JDBC3ResultSet.getString(I)Ljava/lang/String;+16
j  prison_management.Recognizer2$6.doInBackground()Ljava/lang/Object;+112
j  javax.swing.SwingWorker$1.call()Ljava/lang/Object;+14
j  java.util.concurrent.FutureTask.run()V+42
j  javax.swing.SwingWorker.run()V+4
j  java.util.concurrent.ThreadPoolExecutor.runWorker(Ljava/util/concurrent/ThreadPoolExecutor$Worker;)V+95
j  java.util.concurrent.ThreadPoolExecutor$Worker.run()V+5
j  java.lang.Thread.run()V+11
v  ~StubRoutines::call_stub

---------------  P R O C E S S  ---------------

Java Threads: ( => current thread )
  0x000000001b61b000 JavaThread "SwingWorker-pool-1-thread-3" daemon [_thread_blocked, id=12416, stack(0x000000002c3c0000,0x000000002c4c0000)]
=>0x000000001bd85000 JavaThread "SwingWorker-pool-1-thread-2" daemon [_thread_in_native, id=9432, stack(0x000000002c2c0000,0x000000002c3c0000)]
  0x000000001e2c6000 JavaThread "SwingWorker-pool-1-thread-1" daemon [_thread_blocked, id=12836, stack(0x000000002bfc0000,0x000000002c0c0000)]
  0x000000001de45800 JavaThread "Thread-2" daemon [_thread_in_native, id=13196, stack(0x00000000289c0000,0x0000000028ac0000)]
  0x000000001e65d000 JavaThread "TimerQueue" daemon [_thread_blocked, id=4536, stack(0x000000001ffc0000,0x00000000200c0000)]
  0x000000001bec0800 JavaThread "JavaCPP Deallocator" daemon [_thread_blocked, id=11388, stack(0x000000001ce00000,0x000000001cf00000)]
  0x000000000298e000 JavaThread "DestroyJavaVM" [_thread_blocked, id=6992, stack(0x0000000002830000,0x0000000002930000)]
  0x000000001be11800 JavaThread "AWT-EventQueue-0" [_thread_blocked, id=12348, stack(0x000000001cd00000,0x000000001ce00000)]
  0x000000001bdfc000 JavaThread "AWT-Windows" daemon [_thread_in_native, id=3024, stack(0x000000001c5e0000,0x000000001c6e0000)]
  0x000000001bdf9800 JavaThread "AWT-Shutdown" [_thread_blocked, id=12012, stack(0x000000001c4e0000,0x000000001c5e0000)]
  0x000000001bdf8800 JavaThread "Java2D Disposer" daemon [_thread_blocked, id=3124, stack(0x000000001c3e0000,0x000000001c4e0000)]
  0x000000001b4d0800 JavaThread "Service Thread" daemon [_thread_blocked, id=11420, stack(0x000000001b8a0000,0x000000001b9a0000)]
  0x0000000019b5f000 JavaThread "C1 CompilerThread2" daemon [_thread_blocked, id=9444, stack(0x000000001b3a0000,0x000000001b4a0000)]
  0x0000000019b5a000 JavaThread "C2 CompilerThread1" daemon [_thread_blocked, id=1828, stack(0x000000001b2a0000,0x000000001b3a0000)]
  0x0000000019b57000 JavaThread "C2 CompilerThread0" daemon [_thread_blocked, id=9588, stack(0x000000001b1a0000,0x000000001b2a0000)]
  0x0000000019b55800 JavaThread "Attach Listener" daemon [_thread_blocked, id=3164, stack(0x000000001b0a0000,0x000000001b1a0000)]
  0x0000000019b54000 JavaThread "Signal Dispatcher" daemon [_thread_blocked, id=12552, stack(0x000000001afa0000,0x000000001b0a0000)]
  0x0000000002a8d000 JavaThread "Finalizer" daemon [_thread_blocked, id=3432, stack(0x000000001ada0000,0x000000001aea0000)]
  0x0000000019b3a000 JavaThread "Reference Handler" daemon [_thread_blocked, id=5304, stack(0x000000001aca0000,0x000000001ada0000)]

Other Threads:
  0x0000000019b18000 VMThread [stack: 0x000000001aba0000,0x000000001aca0000] [id=12952]
  0x0000000019bab800 WatcherThread [stack: 0x000000001b9a0000,0x000000001baa0000] [id=10752]

VM state:not at safepoint (normal execution)

VM Mutex/Monitor currently owned by a thread: None

Heap:
 PSYoungGen      total 171008K, used 128230K [0x0000000780700000, 0x000000078c700000, 0x00000007c0000000)
  eden space 168448K, 74% used [0x0000000780700000,0x000000078820cc90,0x000000078ab80000)
  from space 2560K, 87% used [0x000000078c480000,0x000000078c6ace20,0x000000078c700000)
  to   space 3584K, 0% used [0x000000078c000000,0x000000078c000000,0x000000078c380000)
 ParOldGen       total 131072K, used 2212K [0x0000000701400000, 0x0000000709400000, 0x0000000780700000)
  object space 131072K, 1% used [0x0000000701400000,0x0000000701629060,0x0000000709400000)
 Metaspace       used 17700K, capacity 17918K, committed 18176K, reserved 1064960K
  class space    used 2111K, capacity 2213K, committed 2304K, reserved 1048576K

Card table byte_map: [0x0000000011e50000,0x0000000012450000] byte_map_base: 0x000000000e646000

Marking Bits: (ParMarkBitMap*) 0x0000000077383e30
 Begin Bits: [0x0000000012c50000, 0x0000000015c00000)
 End Bits:   [0x0000000015c00000, 0x0000000018bb0000)

Polling page: 0x0000000002800000

CodeCache: size=245760Kb used=6182Kb max_used=6182Kb free=239577Kb
 bounds [0x0000000002a90000, 0x00000000030a0000, 0x0000000011a90000]
 total_blobs=2183 nmethods=1516 adapters=579
 compilation: enabled

Compilation events (10 events):
Event: 8.860 Thread 0x0000000019b5f000 1471       3       sun.awt.AWTAutoShutdown::notifyToolkitThreadFree (8 bytes)
Event: 8.860 Thread 0x0000000019b5f000 nmethod 1471 0x00000000030843d0 code [0x0000000003084540, 0x0000000003084708]
Event: 8.860 Thread 0x0000000019b5f000 1470       3       com.sun.java.swing.SwingUtilities3::getDelegateRepaintManager (73 bytes)
Event: 8.860 Thread 0x0000000019b5f000 nmethod 1470 0x00000000030847d0 code [0x0000000003084a00, 0x00000000030858b8]
Event: 8.871 Thread 0x0000000019b5f000 1473  s    3       java.util.Stack::peek (25 bytes)
Event: 8.871 Thread 0x0000000019b5f000 nmethod 1473 0x0000000003085d90 code [0x0000000003085f20, 0x0000000003086558]
Event: 8.876 Thread 0x0000000019b5f000 1474       3       java.awt.Component::contains (7 bytes)
Event: 8.876 Thread 0x0000000019b5f000 nmethod 1474 0x00000000030866d0 code [0x0000000003086840, 0x0000000003086b70]
Event: 8.888 Thread 0x0000000019b5f000 1475       3       java.util.regex.Pattern::peek (26 bytes)
Event: 8.888 Thread 0x0000000019b5f000 nmethod 1475 0x0000000003086c10 code [0x0000000003086d80, 0x0000000003087048]

GC Heap History (10 events):
Event: 1.536 GC heap before
{Heap before GC invocations=6 (full 0):
 PSYoungGen      total 106496K, used 100586K [0x0000000780700000, 0x000000078cd00000, 0x00000007c0000000)
  eden space 98304K, 100% used [0x0000000780700000,0x0000000786700000,0x0000000786700000)
  from space 8192K, 27% used [0x0000000786700000,0x000000078693ab38,0x0000000786f00000)
  to   space 3072K, 0% used [0x000000078ca00000,0x000000078ca00000,0x000000078cd00000)
 ParOldGen       total 131072K, used 40K [0x0000000701400000, 0x0000000709400000, 0x0000000780700000)
  object space 131072K, 0% used [0x0000000701400000,0x000000070140a000,0x0000000709400000)
 Metaspace       used 12138K, capacity 12278K, committed 12416K, reserved 1060864K
  class space    used 1332K, capacity 1407K, committed 1408K, reserved 1048576K
Event: 1.538 GC heap after
Heap after GC invocations=6 (full 0):
 PSYoungGen      total 199680K, used 2176K [0x0000000780700000, 0x000000078cd00000, 0x00000007c0000000)
  eden space 196608K, 0% used [0x0000000780700000,0x0000000780700000,0x000000078c700000)
  from space 3072K, 70% used [0x000000078ca00000,0x000000078cc201e8,0x000000078cd00000)
  to   space 3072K, 0% used [0x000000078c700000,0x000000078c700000,0x000000078ca00000)
 ParOldGen       total 131072K, used 48K [0x0000000701400000, 0x0000000709400000, 0x0000000780700000)
  object space 131072K, 0% used [0x0000000701400000,0x000000070140c000,0x0000000709400000)
 Metaspace       used 12138K, capacity 12278K, committed 12416K, reserved 1060864K
  class space    used 1332K, capacity 1407K, committed 1408K, reserved 1048576K
}
Event: 2.045 GC heap before
{Heap before GC invocations=7 (full 0):
 PSYoungGen      total 199680K, used 198784K [0x0000000780700000, 0x000000078cd00000, 0x00000007c0000000)
  eden space 196608K, 100% used [0x0000000780700000,0x000000078c700000,0x000000078c700000)
  from space 3072K, 70% used [0x000000078ca00000,0x000000078cc201e8,0x000000078cd00000)
  to   space 3072K, 0% used [0x000000078c700000,0x000000078c700000,0x000000078ca00000)
 ParOldGen       total 131072K, used 48K [0x0000000701400000, 0x0000000709400000, 0x0000000780700000)
  object space 131072K, 0% used [0x0000000701400000,0x000000070140c000,0x0000000709400000)
 Metaspace       used 12556K, capacity 12764K, committed 13056K, reserved 1060864K
  class space    used 1382K, capacity 1440K, committed 1536K, reserved 1048576K
Event: 2.048 GC heap after
Heap after GC invocations=7 (full 0):
 PSYoungGen      total 189440K, used 467K [0x0000000780700000, 0x000000078ca80000, 0x00000007c0000000)
  eden space 188928K, 0% used [0x0000000780700000,0x0000000780700000,0x000000078bf80000)
  from space 512K, 91% used [0x000000078c700000,0x000000078c774da0,0x000000078c780000)
  to   space 3072K, 0% used [0x000000078c780000,0x000000078c780000,0x000000078ca80000)
 ParOldGen       total 131072K, used 1988K [0x0000000701400000, 0x0000000709400000, 0x0000000780700000)
  object space 131072K, 1% used [0x0000000701400000,0x00000007015f1060,0x0000000709400000)
 Metaspace       used 12556K, capacity 12764K, committed 13056K, reserved 1060864K
  class space    used 1382K, capacity 1440K, committed 1536K, reserved 1048576K
}
Event: 2.652 GC heap before
{Heap before GC invocations=8 (full 0):
 PSYoungGen      total 189440K, used 189395K [0x0000000780700000, 0x000000078ca80000, 0x00000007c0000000)
  eden space 188928K, 100% used [0x0000000780700000,0x000000078bf80000,0x000000078bf80000)
  from space 512K, 91% used [0x000000078c700000,0x000000078c774da0,0x000000078c780000)
  to   space 3072K, 0% used [0x000000078c780000,0x000000078c780000,0x000000078ca80000)
 ParOldGen       total 131072K, used 1988K [0x0000000701400000, 0x0000000709400000, 0x0000000780700000)
  object space 131072K, 1% used [0x0000000701400000,0x00000007015f1060,0x0000000709400000)
 Metaspace       used 12736K, capacity 12924K, committed 13056K, reserved 1060864K
  class space    used 1409K, capacity 1472K, committed 1536K, reserved 1048576K
Event: 2.653 GC heap after
Heap after GC invocations=8 (full 0):
 PSYoungGen      total 182272K, used 376K [0x0000000780700000, 0x000000078c800000, 0x00000007c0000000)
  eden space 181760K, 0% used [0x0000000780700000,0x0000000780700000,0x000000078b880000)
  from space 512K, 73% used [0x000000078c780000,0x000000078c7de1a8,0x000000078c800000)
  to   space 3584K, 0% used [0x000000078c100000,0x000000078c100000,0x000000078c480000)
 ParOldGen       total 131072K, used 2020K [0x0000000701400000, 0x0000000709400000, 0x0000000780700000)
  object space 131072K, 1% used [0x0000000701400000,0x00000007015f9060,0x0000000709400000)
 Metaspace       used 12736K, capacity 12924K, committed 13056K, reserved 1060864K
  class space    used 1409K, capacity 1472K, committed 1536K, reserved 1048576K
}
Event: 3.085 GC heap before
{Heap before GC invocations=9 (full 0):
 PSYoungGen      total 182272K, used 182136K [0x0000000780700000, 0x000000078c800000, 0x00000007c0000000)
  eden space 181760K, 100% used [0x0000000780700000,0x000000078b880000,0x000000078b880000)
  from space 512K, 73% used [0x000000078c780000,0x000000078c7de1a8,0x000000078c800000)
  to   space 3584K, 0% used [0x000000078c100000,0x000000078c100000,0x000000078c480000)
 ParOldGen       total 131072K, used 2020K [0x0000000701400000, 0x0000000709400000, 0x0000000780700000)
  object space 131072K, 1% used [0x0000000701400000,0x00000007015f9060,0x0000000709400000)
 Metaspace       used 12813K, capacity 13020K, committed 13056K, reserved 1060864K
  class space    used 1423K, capacity 1504K, committed 1536K, reserved 1048576K
Event: 3.086 GC heap after
Heap after GC invocations=9 (full 0):
 PSYoungGen      total 178688K, used 192K [0x0000000780700000, 0x000000078c800000, 0x00000007c0000000)
  eden space 175104K, 0% used [0x0000000780700000,0x0000000780700000,0x000000078b200000)
  from space 3584K, 5% used [0x000000078c100000,0x000000078c130000,0x000000078c480000)
  to   space 3584K, 0% used [0x000000078c480000,0x000000078c480000,0x000000078c800000)
 ParOldGen       total 131072K, used 2116K [0x0000000701400000, 0x0000000709400000, 0x0000000780700000)
  object space 131072K, 1% used [0x0000000701400000,0x0000000701611060,0x0000000709400000)
 Metaspace       used 12813K, capacity 13020K, committed 13056K, reserved 1060864K
  class space    used 1423K, capacity 1504K, committed 1536K, reserved 1048576K
}
Event: 8.436 GC heap before
{Heap before GC invocations=10 (full 0):
 PSYoungGen      total 178688K, used 175296K [0x0000000780700000, 0x000000078c800000, 0x00000007c0000000)
  eden space 175104K, 100% used [0x0000000780700000,0x000000078b200000,0x000000078b200000)
  from space 3584K, 5% used [0x000000078c100000,0x000000078c130000,0x000000078c480000)
  to   space 3584K, 0% used [0x000000078c480000,0x000000078c480000,0x000000078c800000)
 ParOldGen       total 131072K, used 2116K [0x0000000701400000, 0x0000000709400000, 0x0000000780700000)
  object space 131072K, 1% used [0x0000000701400000,0x0000000701611060,0x0000000709400000)
 Metaspace       used 15726K, capacity 15928K, committed 16128K, reserved 1062912K
  class space    used 1862K, capacity 1956K, committed 2048K, reserved 1048576K
Event: 8.438 GC heap after
Heap after GC invocations=10 (full 0):
 PSYoungGen      total 171008K, used 2227K [0x0000000780700000, 0x000000078c700000, 0x00000007c0000000)
  eden space 168448K, 0% used [0x0000000780700000,0x0000000780700000,0x000000078ab80000)
  from space 2560K, 87% used [0x000000078c480000,0x000000078c6ace20,0x000000078c700000)
  to   space 3584K, 0% used [0x000000078c000000,0x000000078c000000,0x000000078c380000)
 ParOldGen       total 131072K, used 2212K [0x0000000701400000, 0x0000000709400000, 0x0000000780700000)
  object space 131072K, 1% used [0x0000000701400000,0x0000000701629060,0x0000000709400000)
 Metaspace       used 15726K, capacity 15928K, committed 16128K, reserved 1062912K
  class space    used 1862K, capacity 1956K, committed 2048K, reserved 1048576K
}

Deoptimization events (10 events):
Event: 3.247 Thread 0x000000001be11800 Uncommon trap: reason=unstable_if action=reinterpret pc=0x0000000002e8cf24 method=java.lang.String.substring(I)Ljava/lang/String; @ 35
Event: 8.667 Thread 0x000000001e2c6000 Uncommon trap: reason=unstable_if action=reinterpret pc=0x000000000302eff4 method=java.util.zip.ZipCoder.decoder()Ljava/nio/charset/CharsetDecoder; @ 4
Event: 8.673 Thread 0x000000001de45800 Uncommon trap: reason=unstable_if action=reinterpret pc=0x0000000002e99cc4 method=sun.nio.fs.WindowsPathParser.nextNonSlash(Ljava/lang/String;II)I @ 2
Event: 8.675 Thread 0x000000001de45800 Uncommon trap: reason=unstable_if action=reinterpret pc=0x0000000002c90d1c method=java.lang.String.indexOf([CII[CIII)I @ 3
Event: 8.676 Thread 0x000000001de45800 Uncommon trap: reason=class_check action=maybe_recompile pc=0x0000000002f83158 method=java.util.AbstractList$Itr.hasNext()Z @ 8
Event: 8.697 Thread 0x000000001e2c6000 Uncommon trap: reason=unstable_if action=reinterpret pc=0x0000000002d75b08 method=java.io.WinNTFileSystem.normalize(Ljava/lang/String;II)Ljava/lang/String; @ 103
Event: 8.699 Thread 0x000000001e2c6000 Uncommon trap: reason=unstable_if action=reinterpret pc=0x0000000002f75628 method=java.lang.Class.resolveName(Ljava/lang/String;)Ljava/lang/String; @ 12
Event: 8.709 Thread 0x000000001e2c6000 Uncommon trap: reason=class_check action=maybe_recompile pc=0x0000000002f83158 method=java.util.AbstractList$Itr.hasNext()Z @ 8
Event: 8.825 Thread 0x000000001e2c6000 Uncommon trap: reason=unstable_if action=reinterpret pc=0x000000000307b14c method=org.sqlite.SQLiteJDBCLoader.contentsEquals(Ljava/io/InputStream;Ljava/io/InputStream;)Z @ 39
Event: 8.880 Thread 0x000000001bd85000 Uncommon trap: reason=unstable_if action=reinterpret pc=0x0000000002d492fc method=java.io.WinNTFileSystem.normalize(Ljava/lang/String;II)Ljava/lang/String; @ 103

Classes redefined (0 events):
No events

Internal exceptions (10 events):
Event: 0.095 Thread 0x000000000298e000 Exception <a 'java/security/PrivilegedActionException'> (0x000000078094d138) thrown at [C:\re\workspace\8-2-build-windows-amd64-cygwin\jdk8u191\11896\hotspot\src\share\vm\prims\jvm.cpp, line 1435]
Event: 0.133 Thread 0x000000000298e000 Exception <a 'java/security/PrivilegedActionException'> (0x00000007809e0a48) thrown at [C:\re\workspace\8-2-build-windows-amd64-cygwin\jdk8u191\11896\hotspot\src\share\vm\prims\jvm.cpp, line 1435]
Event: 0.133 Thread 0x000000000298e000 Exception <a 'java/security/PrivilegedActionException'> (0x00000007809e0c58) thrown at [C:\re\workspace\8-2-build-windows-amd64-cygwin\jdk8u191\11896\hotspot\src\share\vm\prims\jvm.cpp, line 1435]
Event: 0.133 Thread 0x000000000298e000 Exception <a 'java/security/PrivilegedActionException'> (0x00000007809e4ba8) thrown at [C:\re\workspace\8-2-build-windows-amd64-cygwin\jdk8u191\11896\hotspot\src\share\vm\prims\jvm.cpp, line 1435]
Event: 0.133 Thread 0x000000000298e000 Exception <a 'java/security/PrivilegedActionException'> (0x00000007809e4db8) thrown at [C:\re\workspace\8-2-build-windows-amd64-cygwin\jdk8u191\11896\hotspot\src\share\vm\prims\jvm.cpp, line 1435]
Event: 0.137 Thread 0x000000000298e000 Exception <a 'java/io/FileNotFoundException'> (0x00000007809e6e98) thrown at [C:\re\workspace\8-2-build-windows-amd64-cygwin\jdk8u191\11896\hotspot\src\share\vm\prims\jni.cpp, line 709]
Event: 0.163 Thread 0x000000000298e000 Exception <a 'java/lang/NoSuchFieldError': method resolution failed> (0x0000000780ab7548) thrown at [C:\re\workspace\8-2-build-windows-amd64-cygwin\jdk8u191\11896\hotspot\src\share\vm\prims\methodHandles.cpp, line 1167]
Event: 0.164 Thread 0x000000000298e000 Exception <a 'java/lang/NoSuchFieldError': method resolution failed> (0x0000000780ac4898) thrown at [C:\re\workspace\8-2-build-windows-amd64-cygwin\jdk8u191\11896\hotspot\src\share\vm\prims\methodHandles.cpp, line 1167]
Event: 0.215 Thread 0x000000000298e000 Exception <a 'java/io/FileNotFoundException'> (0x0000000780bab900) thrown at [C:\re\workspace\8-2-build-windows-amd64-cygwin\jdk8u191\11896\hotspot\src\share\vm\prims\jni.cpp, line 709]
Event: 8.667 Thread 0x000000001e2c6000 Implicit null exception at 0x000000000302e2ab to 0x000000000302efc5

Events (10 events):
Event: 8.888 loading class java/util/regex/Pattern$Dot done
Event: 8.888 loading class java/util/regex/Pattern$SliceS
Event: 8.888 loading class java/util/regex/Pattern$SliceS done
Event: 8.888 loading class java/util/Hashtable$KeySet
Event: 8.888 loading class java/util/Hashtable$KeySet done
Event: 8.888 Executing VM operation: RevokeBias
Event: 8.888 Executing VM operation: RevokeBias done
Event: 8.889 Executing VM operation: RevokeBias
Event: 8.889 Executing VM operation: RevokeBias done
Event: 8.890 loading class java/sql/SQLWarning


Dynamic libraries:
0x00007ff6daea0000 - 0x00007ff6daed7000 	C:\Program Files\Java\jdk1.8.0_161\bin\java.exe
0x00007ffb78310000 - 0x00007ffb784f1000 	C:\WINDOWS\SYSTEM32\ntdll.dll
0x00007ffb75900000 - 0x00007ffb759b2000 	C:\WINDOWS\System32\KERNEL32.DLL
0x00007ffb74af0000 - 0x00007ffb74d63000 	C:\WINDOWS\System32\KERNELBASE.dll
0x00007ffb75db0000 - 0x00007ffb75e51000 	C:\WINDOWS\System32\ADVAPI32.dll
0x00007ffb767f0000 - 0x00007ffb7688e000 	C:\WINDOWS\System32\msvcrt.dll
0x00007ffb76ad0000 - 0x00007ffb76b2b000 	C:\WINDOWS\System32\sechost.dll
0x00007ffb765d0000 - 0x00007ffb766f4000 	C:\WINDOWS\System32\RPCRT4.dll
0x00007ffb75770000 - 0x00007ffb75900000 	C:\WINDOWS\System32\USER32.dll
0x00007ffb749d0000 - 0x00007ffb749f0000 	C:\WINDOWS\System32\win32u.dll
0x00007ffb76be0000 - 0x00007ffb76c08000 	C:\WINDOWS\System32\GDI32.dll
0x00007ffb746b0000 - 0x00007ffb74842000 	C:\WINDOWS\System32\gdi32full.dll
0x00007ffb74d70000 - 0x00007ffb74e0f000 	C:\WINDOWS\System32\msvcp_win.dll
0x00007ffb749f0000 - 0x00007ffb74ae8000 	C:\WINDOWS\System32\ucrtbase.dll
0x00007ffb65bc0000 - 0x00007ffb65e29000 	C:\WINDOWS\WinSxS\amd64_microsoft.windows.common-controls_6595b64144ccf1df_6.0.17134.619_none_fb46a19f3061bf36\COMCTL32.dll
0x00007ffb75a80000 - 0x00007ffb75da2000 	C:\WINDOWS\System32\combase.dll
0x00007ffb74850000 - 0x00007ffb748ca000 	C:\WINDOWS\System32\bcryptPrimitives.dll
0x00007ffb76d80000 - 0x00007ffb76dad000 	C:\WINDOWS\System32\IMM32.DLL
0x00000000775e0000 - 0x00000000776b2000 	C:\Program Files\Java\jdk1.8.0_161\jre\bin\msvcr100.dll
0x0000000076b60000 - 0x0000000077404000 	C:\Program Files\Java\jdk1.8.0_161\jre\bin\server\jvm.dll
0x00007ffb75a70000 - 0x00007ffb75a78000 	C:\WINDOWS\System32\PSAPI.DLL
0x00007ffb731f0000 - 0x00007ffb731f9000 	C:\WINDOWS\SYSTEM32\WSOCK32.dll
0x00007ffb65f70000 - 0x00007ffb65f7a000 	C:\WINDOWS\SYSTEM32\VERSION.dll
0x00007ffb72580000 - 0x00007ffb725a3000 	C:\WINDOWS\SYSTEM32\WINMM.dll
0x00007ffb76780000 - 0x00007ffb767ec000 	C:\WINDOWS\System32\WS2_32.dll
0x00007ffb72550000 - 0x00007ffb7257a000 	C:\WINDOWS\SYSTEM32\winmmbase.dll
0x00007ffb748d0000 - 0x00007ffb74919000 	C:\WINDOWS\System32\cfgmgr32.dll
0x0000000050010000 - 0x000000005001f000 	C:\Program Files\Java\jdk1.8.0_161\jre\bin\verify.dll
0x0000000077570000 - 0x0000000077599000 	C:\Program Files\Java\jdk1.8.0_161\jre\bin\java.dll
0x0000000077550000 - 0x0000000077566000 	C:\Program Files\Java\jdk1.8.0_161\jre\bin\zip.dll
0x00007ffb76e10000 - 0x00007ffb78250000 	C:\WINDOWS\System32\SHELL32.dll
0x00007ffb759c0000 - 0x00007ffb75a69000 	C:\WINDOWS\System32\shcore.dll
0x00007ffb75000000 - 0x00007ffb7570d000 	C:\WINDOWS\System32\windows.storage.dll
0x00007ffb78250000 - 0x00007ffb782a1000 	C:\WINDOWS\System32\shlwapi.dll
0x00007ffb74690000 - 0x00007ffb746a1000 	C:\WINDOWS\System32\kernel.appcore.dll
0x00007ffb74650000 - 0x00007ffb7466f000 	C:\WINDOWS\System32\profapi.dll
0x00007ffb74600000 - 0x00007ffb7464c000 	C:\WINDOWS\System32\powrprof.dll
0x00007ffb745f0000 - 0x00007ffb745fa000 	C:\WINDOWS\System32\FLTLIB.DLL
0x00000000769c0000 - 0x0000000076b59000 	C:\Program Files\Java\jdk1.8.0_161\jre\bin\awt.dll
0x00007ffb76a00000 - 0x00007ffb76ac3000 	C:\WINDOWS\System32\OLEAUT32.dll
0x00007ffb72670000 - 0x00007ffb726fb000 	C:\WINDOWS\SYSTEM32\apphelp.dll
0x00007ffb728e0000 - 0x00007ffb72978000 	C:\WINDOWS\system32\uxtheme.dll
0x00007ffb76000000 - 0x00007ffb76173000 	C:\WINDOWS\System32\MSCTF.dll
0x00007ffb729b0000 - 0x00007ffb729d9000 	C:\WINDOWS\system32\dwmapi.dll
0x00007ffb76890000 - 0x00007ffb769e1000 	C:\WINDOWS\System32\ole32.dll
0x00007ffb5bfb0000 - 0x00007ffb5c0d0000 	C:\WINDOWS\system32\opengl32.dll
0x00007ffb5fde0000 - 0x00007ffb5fe0c000 	C:\WINDOWS\SYSTEM32\GLU32.dll
0x0000000076970000 - 0x00000000769b7000 	C:\Program Files\Java\jdk1.8.0_161\jre\bin\fontmanager.dll
0x0000000077530000 - 0x000000007754a000 	C:\Program Files\Java\jdk1.8.0_161\jre\bin\net.dll
0x00007ffb73e10000 - 0x00007ffb73e76000 	C:\WINDOWS\system32\mswsock.dll
0x0000000077510000 - 0x0000000077521000 	C:\Program Files\Java\jdk1.8.0_161\jre\bin\nio.dll
0x000000001c7f0000 - 0x000000001c7f3000 	C:\Users\Deshan\.javacpp\cache\opencv-windows-x86_64.jar\org\bytedeco\javacpp\windows-x86_64\api-ms-win-crt-locale-l1-1-0.dll
0x000000001c800000 - 0x000000001c804000 	C:\Users\Deshan\.javacpp\cache\opencv-windows-x86_64.jar\org\bytedeco\javacpp\windows-x86_64\api-ms-win-crt-string-l1-1-0.dll
0x000000001c810000 - 0x000000001c814000 	C:\Users\Deshan\.javacpp\cache\opencv-windows-x86_64.jar\org\bytedeco\javacpp\windows-x86_64\api-ms-win-crt-stdio-l1-1-0.dll
0x000000001c820000 - 0x000000001c825000 	C:\Users\Deshan\.javacpp\cache\opencv-windows-x86_64.jar\org\bytedeco\javacpp\windows-x86_64\api-ms-win-crt-math-l1-1-0.dll
0x000000001c830000 - 0x000000001c833000 	C:\Users\Deshan\.javacpp\cache\opencv-windows-x86_64.jar\org\bytedeco\javacpp\windows-x86_64\api-ms-win-crt-heap-l1-1-0.dll
0x000000001c840000 - 0x000000001c844000 	C:\Users\Deshan\.javacpp\cache\opencv-windows-x86_64.jar\org\bytedeco\javacpp\windows-x86_64\api-ms-win-crt-runtime-l1-1-0.dll
0x000000001c850000 - 0x000000001c854000 	C:\Users\Deshan\.javacpp\cache\opencv-windows-x86_64.jar\org\bytedeco\javacpp\windows-x86_64\api-ms-win-crt-convert-l1-1-0.dll
0x000000001c860000 - 0x000000001c863000 	C:\Users\Deshan\.javacpp\cache\opencv-windows-x86_64.jar\org\bytedeco\javacpp\windows-x86_64\api-ms-win-crt-environment-l1-1-0.dll
0x000000001c870000 - 0x000000001c873000 	C:\Users\Deshan\.javacpp\cache\opencv-windows-x86_64.jar\org\bytedeco\javacpp\windows-x86_64\api-ms-win-crt-time-l1-1-0.dll
0x000000001c880000 - 0x000000001c883000 	C:\Users\Deshan\.javacpp\cache\opencv-windows-x86_64.jar\org\bytedeco\javacpp\windows-x86_64\api-ms-win-crt-filesystem-l1-1-0.dll
0x000000001c890000 - 0x000000001c893000 	C:\Users\Deshan\.javacpp\cache\opencv-windows-x86_64.jar\org\bytedeco\javacpp\windows-x86_64\api-ms-win-crt-utility-l1-1-0.dll
0x000000001c8a0000 - 0x000000001c8a5000 	C:\Users\Deshan\.javacpp\cache\opencv-windows-x86_64.jar\org\bytedeco\javacpp\windows-x86_64\api-ms-win-crt-multibyte-l1-1-0.dll
0x000000001c8b0000 - 0x000000001c8b3000 	C:\Users\Deshan\.javacpp\cache\opencv-windows-x86_64.jar\org\bytedeco\javacpp\windows-x86_64\api-ms-win-core-string-l1-1-0.dll
0x000000001c8c0000 - 0x000000001c8c3000 	C:\Users\Deshan\.javacpp\cache\opencv-windows-x86_64.jar\org\bytedeco\javacpp\windows-x86_64\api-ms-win-core-errorhandling-l1-1-0.dll
0x000000001c8d0000 - 0x000000001c8d3000 	C:\Users\Deshan\.javacpp\cache\opencv-windows-x86_64.jar\org\bytedeco\javacpp\windows-x86_64\api-ms-win-core-timezone-l1-1-0.dll
0x000000001e0d0000 - 0x000000001e0d4000 	C:\Users\Deshan\.javacpp\cache\opencv-windows-x86_64.jar\org\bytedeco\javacpp\windows-x86_64\api-ms-win-core-file-l1-1-0.dll
0x000000001e0e0000 - 0x000000001e0e3000 	C:\Users\Deshan\.javacpp\cache\opencv-windows-x86_64.jar\org\bytedeco\javacpp\windows-x86_64\api-ms-win-core-namedpipe-l1-1-0.dll
0x000000001e0f0000 - 0x000000001e0f3000 	C:\Users\Deshan\.javacpp\cache\opencv-windows-x86_64.jar\org\bytedeco\javacpp\windows-x86_64\api-ms-win-core-handle-l1-1-0.dll
0x000000001e100000 - 0x000000001e103000 	C:\Users\Deshan\.javacpp\cache\opencv-windows-x86_64.jar\org\bytedeco\javacpp\windows-x86_64\api-ms-win-core-file-l2-1-0.dll
0x000000001e110000 - 0x000000001e113000 	C:\Users\Deshan\.javacpp\cache\opencv-windows-x86_64.jar\org\bytedeco\javacpp\windows-x86_64\api-ms-win-core-heap-l1-1-0.dll
0x000000001e120000 - 0x000000001e123000 	C:\Users\Deshan\.javacpp\cache\opencv-windows-x86_64.jar\org\bytedeco\javacpp\windows-x86_64\api-ms-win-core-libraryloader-l1-1-0.dll
0x000000001e130000 - 0x000000001e133000 	C:\Users\Deshan\.javacpp\cache\opencv-windows-x86_64.jar\org\bytedeco\javacpp\windows-x86_64\api-ms-win-core-synch-l1-1-0.dll
0x000000001e140000 - 0x000000001e143000 	C:\Users\Deshan\.javacpp\cache\opencv-windows-x86_64.jar\org\bytedeco\javacpp\windows-x86_64\api-ms-win-core-processthreads-l1-1-0.dll
0x000000001e150000 - 0x000000001e153000 	C:\Users\Deshan\.javacpp\cache\opencv-windows-x86_64.jar\org\bytedeco\javacpp\windows-x86_64\api-ms-win-core-processenvironment-l1-1-0.dll
0x000000001e280000 - 0x000000001e283000 	C:\Users\Deshan\.javacpp\cache\opencv-windows-x86_64.jar\org\bytedeco\javacpp\windows-x86_64\api-ms-win-core-datetime-l1-1-0.dll
0x000000001e290000 - 0x000000001e293000 	C:\Users\Deshan\.javacpp\cache\opencv-windows-x86_64.jar\org\bytedeco\javacpp\windows-x86_64\api-ms-win-core-localization-l1-2-0.dll
0x000000001e2a0000 - 0x000000001e2a3000 	C:\Users\Deshan\.javacpp\cache\opencv-windows-x86_64.jar\org\bytedeco\javacpp\windows-x86_64\api-ms-win-core-sysinfo-l1-1-0.dll
0x000000001f280000 - 0x000000001f283000 	C:\Users\Deshan\.javacpp\cache\opencv-windows-x86_64.jar\org\bytedeco\javacpp\windows-x86_64\api-ms-win-core-synch-l1-2-0.dll
0x000000001e160000 - 0x000000001e163000 	C:\Users\Deshan\.javacpp\cache\opencv-windows-x86_64.jar\org\bytedeco\javacpp\windows-x86_64\api-ms-win-core-console-l1-1-0.dll
0x000000001e170000 - 0x000000001e173000 	C:\Users\Deshan\.javacpp\cache\opencv-windows-x86_64.jar\org\bytedeco\javacpp\windows-x86_64\api-ms-win-core-debug-l1-1-0.dll
0x000000001e180000 - 0x000000001e183000 	C:\Users\Deshan\.javacpp\cache\opencv-windows-x86_64.jar\org\bytedeco\javacpp\windows-x86_64\api-ms-win-core-rtlsupport-l1-1-0.dll
0x000000001e190000 - 0x000000001e193000 	C:\Users\Deshan\.javacpp\cache\opencv-windows-x86_64.jar\org\bytedeco\javacpp\windows-x86_64\api-ms-win-core-processthreads-l1-1-1.dll
0x000000001e1a0000 - 0x000000001e1a3000 	C:\Users\Deshan\.javacpp\cache\opencv-windows-x86_64.jar\org\bytedeco\javacpp\windows-x86_64\api-ms-win-core-file-l1-2-0.dll
0x000000001e1b0000 - 0x000000001e1b3000 	C:\Users\Deshan\.javacpp\cache\opencv-windows-x86_64.jar\org\bytedeco\javacpp\windows-x86_64\api-ms-win-core-profile-l1-1-0.dll
0x000000001e1c0000 - 0x000000001e1c3000 	C:\Users\Deshan\.javacpp\cache\opencv-windows-x86_64.jar\org\bytedeco\javacpp\windows-x86_64\api-ms-win-core-memory-l1-1-0.dll
0x000000001e1d0000 - 0x000000001e1d3000 	C:\Users\Deshan\.javacpp\cache\opencv-windows-x86_64.jar\org\bytedeco\javacpp\windows-x86_64\api-ms-win-core-util-l1-1-0.dll
0x000000001e1e0000 - 0x000000001e1e3000 	C:\Users\Deshan\.javacpp\cache\opencv-windows-x86_64.jar\org\bytedeco\javacpp\windows-x86_64\api-ms-win-core-interlocked-l1-1-0.dll
0x00007ffb47fa0000 - 0x00007ffb48095000 	C:\Users\Deshan\.javacpp\cache\opencv-windows-x86_64.jar\org\bytedeco\javacpp\windows-x86_64\ucrtbase.dll
0x00007ffb6c4d0000 - 0x00007ffb6c4e7000 	C:\Users\Deshan\.javacpp\cache\opencv-windows-x86_64.jar\org\bytedeco\javacpp\windows-x86_64\vcruntime140.dll
0x00007ffb4af80000 - 0x00007ffb4b01d000 	C:\Users\Deshan\.javacpp\cache\opencv-windows-x86_64.jar\org\bytedeco\javacpp\windows-x86_64\msvcp140.dll
0x00007ffb66ce0000 - 0x00007ffb66d31000 	C:\Users\Deshan\.javacpp\cache\opencv-windows-x86_64.jar\org\bytedeco\javacpp\windows-x86_64\concrt140.dll
0x00007ffb67d30000 - 0x00007ffb67d5e000 	C:\Users\Deshan\.javacpp\cache\opencv-windows-x86_64.jar\org\bytedeco\javacpp\windows-x86_64\vcomp140.dll
0x00007ffb3d010000 - 0x00007ffb3d3a1000 	C:\Users\Deshan\.javacpp\cache\opencv-windows-x86_64.jar\org\bytedeco\javacpp\windows-x86_64\opencv_core401.dll
0x00007ffb3c660000 - 0x00007ffb3caa7000 	C:\Users\Deshan\.javacpp\cache\opencv-windows-x86_64.jar\org\bytedeco\javacpp\windows-x86_64\opencv_imgproc401.dll
0x00007ffb381a0000 - 0x00007ffb38539000 	C:\Users\Deshan\.javacpp\cache\opencv-windows-x86_64.jar\org\bytedeco\javacpp\windows-x86_64\jniopencv_core.dll
0x00007ffb45300000 - 0x00007ffb4545c000 	C:\Users\Deshan\.javacpp\cache\opencv-windows-x86_64.jar\org\bytedeco\javacpp\windows-x86_64\jniopencv_imgproc.dll
0x00007ffb37eb0000 - 0x00007ffb38199000 	C:\Users\Deshan\.javacpp\cache\opencv-windows-x86_64.jar\org\bytedeco\javacpp\windows-x86_64\opencv_imgcodecs401.dll
0x00007ffb64120000 - 0x00007ffb64150000 	C:\Users\Deshan\.javacpp\cache\opencv-windows-x86_64.jar\org\bytedeco\javacpp\windows-x86_64\jniopencv_imgcodecs.dll
0x00007ffb5a100000 - 0x00007ffb5a17c000 	C:\Users\Deshan\.javacpp\cache\opencv-windows-x86_64.jar\org\bytedeco\javacpp\windows-x86_64\opencv_videoio401.dll
0x00007ffb6c440000 - 0x00007ffb6c4bb000 	C:\WINDOWS\SYSTEM32\MF.dll
0x00007ffb6cb40000 - 0x00007ffb6cd1b000 	C:\WINDOWS\SYSTEM32\MFPlat.DLL
0x00007ffb45200000 - 0x00007ffb452f8000 	C:\WINDOWS\SYSTEM32\MFReadWrite.dll
0x00007ffb43ab0000 - 0x00007ffb43ede000 	C:\WINDOWS\SYSTEM32\MFCORE.DLL
0x00007ffb74e10000 - 0x00007ffb74ff2000 	C:\WINDOWS\System32\CRYPT32.dll
0x00007ffb74670000 - 0x00007ffb74682000 	C:\WINDOWS\System32\MSASN1.dll
0x00007ffb6d750000 - 0x00007ffb6d759000 	C:\WINDOWS\SYSTEM32\ksuser.dll
0x00007ffb740f0000 - 0x00007ffb74115000 	C:\WINDOWS\SYSTEM32\bcrypt.dll
0x00007ffb73fc0000 - 0x00007ffb73fcb000 	C:\WINDOWS\SYSTEM32\CRYPTBASE.DLL
0x00007ffb6d720000 - 0x00007ffb6d74e000 	C:\WINDOWS\SYSTEM32\RTWorkQ.DLL
0x00007ffb684f0000 - 0x00007ffb68510000 	C:\Users\Deshan\.javacpp\cache\opencv-windows-x86_64.jar\org\bytedeco\javacpp\windows-x86_64\jniopencv_videoio.dll
0x00007ffb640e0000 - 0x00007ffb64114000 	C:\Users\Deshan\.javacpp\cache\opencv-windows-x86_64.jar\org\bytedeco\javacpp\windows-x86_64\opencv_highgui401.dll
0x00007ffb76c10000 - 0x00007ffb76cfd000 	C:\WINDOWS\System32\COMDLG32.dll
0x00007ffb59fa0000 - 0x00007ffb59ff1000 	C:\Users\Deshan\.javacpp\cache\opencv-windows-x86_64.jar\org\bytedeco\javacpp\windows-x86_64\jniopencv_highgui.dll
0x00007ffb49600000 - 0x00007ffb49688000 	C:\Users\Deshan\.javacpp\cache\opencv-windows-x86_64.jar\org\bytedeco\javacpp\windows-x86_64\opencv_flann401.dll
0x00007ffb62480000 - 0x00007ffb624a9000 	C:\Users\Deshan\.javacpp\cache\opencv-windows-x86_64.jar\org\bytedeco\javacpp\windows-x86_64\jniopencv_flann.dll
0x00007ffb3f0e0000 - 0x00007ffb3f1bd000 	C:\Users\Deshan\.javacpp\cache\opencv-windows-x86_64.jar\org\bytedeco\javacpp\windows-x86_64\opencv_features2d401.dll
0x00007ffb4a080000 - 0x00007ffb4a0eb000 	C:\Users\Deshan\.javacpp\cache\opencv-windows-x86_64.jar\org\bytedeco\javacpp\windows-x86_64\jniopencv_features2d.dll
0x00007ffb3cdc0000 - 0x00007ffb3d002000 	C:\Users\Deshan\.javacpp\cache\opencv-windows-x86_64.jar\org\bytedeco\javacpp\windows-x86_64\opencv_calib3d401.dll
0x00007ffb47000000 - 0x00007ffb470b4000 	C:\Users\Deshan\.javacpp\cache\opencv-windows-x86_64.jar\org\bytedeco\javacpp\windows-x86_64\jniopencv_calib3d.dll
0x00007ffb47ef0000 - 0x00007ffb47f98000 	C:\Users\Deshan\.javacpp\cache\opencv-windows-x86_64.jar\org\bytedeco\javacpp\windows-x86_64\opencv_objdetect401.dll
0x00007ffb47540000 - 0x00007ffb475c0000 	C:\Users\Deshan\.javacpp\cache\opencv-windows-x86_64.jar\org\bytedeco\javacpp\windows-x86_64\jniopencv_objdetect.dll
0x00007ffb3d4d0000 - 0x00007ffb3d5c2000 	C:\Users\Deshan\.javacpp\cache\opencv-windows-x86_64.jar\org\bytedeco\javacpp\windows-x86_64\opencv_photo401.dll
0x00007ffb445f0000 - 0x00007ffb44643000 	C:\Users\Deshan\.javacpp\cache\opencv-windows-x86_64.jar\org\bytedeco\javacpp\windows-x86_64\jniopencv_photo.dll
0x00007ffb37dc0000 - 0x00007ffb37ea6000 	C:\Users\Deshan\.javacpp\cache\opencv-windows-x86_64.jar\org\bytedeco\javacpp\windows-x86_64\opencv_face401.dll
0x00007ffb43680000 - 0x00007ffb436d3000 	C:\Users\Deshan\.javacpp\cache\opencv-windows-x86_64.jar\org\bytedeco\javacpp\windows-x86_64\jniopencv_face.dll
0x00007ffb76b30000 - 0x00007ffb76bd0000 	C:\WINDOWS\System32\clbcatq.dll
0x00007ffb6eaa0000 - 0x00007ffb6ec4e000 	C:\WINDOWS\SYSTEM32\WindowsCodecs.dll

VM Arguments:
jvm_args: -Dfile.encoding=UTF-8 
java_command: prison_management.Recognizer2
java_class_path (initial): C:\Java\webcam-capture-0.3.10-dist\webcam-capture-0.3.13-20180618.102645-4.jar;C:\Java\webcam-capture-0.3.10-dist\libs\bridj-0.6.2.jar;C:\Java\webcam-capture-0.3.10-dist\libs\slf4j-api-1.7.2.jar;C:\Users\Deshan\Downloads\jdbc.jar\sqlite-jdbc-3.23.1.jar;C:\javacv\ffmpeg-platform.jar;C:\javacv\ffmpeg-windows-x86_64.jar;C:\javacv\ffmpeg.jar;C:\javacv\javacpp.jar;C:\javacv\javacv-platform.jar;C:\javacv\javacv.jar;C:\javacv\opencv-platform.jar;C:\javacv\opencv-windows-x86_64.jar;C:\javacv\opencv.jar;C:\Java\prison_management\build\classes
Launcher Type: SUN_STANDARD

Environment Variables:
PATH=C:\Program Files (x86)\Intel\iCLS Client\;C:\Program Files\Intel\iCLS Client\;C:\WINDOWS\system32;C:\WINDOWS;C:\WINDOWS\System32\Wbem;C:\WINDOWS\System32\WindowsPowerShell\v1.0\;C:\Program Files (x86)\Intel\Intel(R) Management Engine Components\DAL;C:\Program Files\Intel\Intel(R) Management Engine Components\DAL;C:\Program Files (x86)\Intel\Intel(R) Management Engine Components\IPT;C:\Program Files\Intel\Intel(R) Management Engine Components\IPT;C:\Program Files\Java\jdk1.8.0_161\bin;C:\cygwin64;C:\WINDOWS\System32\OpenSSH\;"C:\Program Files\Java\jdk1.8.0_161\bin;";C:\Program Files (x86)\Microsoft SQL Server\100\Tools\Binn\;C:\Program Files\Microsoft SQL Server\100\Tools\Binn\;C:\Program Files\Microsoft SQL Server\100\DTS\Binn\;C:\opencv\opencv\build\x64\vc15\bin;C:\Users\Deshan\AppData\Local\Programs\Python\Python36-32;C:\Users\Deshan\AppData\Local\Programs\Python\Python36-32\Scripts;C:\Program Files\Intel\WiFi\bin\;C:\Program Files\Common Files\Intel\WirelessCommon\;C:\Users\Deshan\AppData\Local\Programs\Python\Python36-32\Scripts\;C:\Users\Deshan\AppData\Local\Programs\Python\Python36-32\;C:\Users\Deshan\AppData\Local\Microsoft\WindowsApps;C:\Program Files\Intel\WiFi\bin\;C:\Program Files\Common Files\Intel\WirelessCommon\;
USERNAME=Deshan
OS=Windows_NT
PROCESSOR_IDENTIFIER=Intel64 Family 6 Model 142 Stepping 9, GenuineIntel



---------------  S Y S T E M  ---------------

OS: Windows 10.0 , 64 bit Build 17134 (10.0.17134.556)

CPU:total 4 (initial active 4) (2 cores per cpu, 2 threads per core) family 6 model 142 stepping 9, cmov, cx8, fxsr, mmx, sse, sse2, sse3, ssse3, sse4.1, sse4.2, popcnt, avx, avx2, aes, clmul, erms, 3dnowpref, lzcnt, ht, tsc, tscinvbit, bmi1, bmi2, adx

Memory: 4k page, physical 12496808k(5622500k free), swap 13283240k(7828948k free)

vm_info: Java HotSpot(TM) 64-Bit Server VM (25.191-b12) for windows-amd64 JRE (1.8.0_191-b12), built on Oct  6 2018 09:29:03 by "java_re" with MS VC++ 10.0 (VS2010)

time: Tue Mar 12 19:39:17 2019
elapsed time: 8 seconds (0d 0h 0m 8s)

