#
# A fatal error has been detected by the Java Runtime Environment:
#
#  EXCEPTION_ACCESS_VIOLATION (0xc0000005) at pc=0x00007ff9652a1e86, pid=12992, tid=0x00000000000033e8
#
# JRE version: Java(TM) SE Runtime Environment (8.0_191-b12) (build 1.8.0_191-b12)
# Java VM: Java HotSpot(TM) 64-Bit Server VM (25.191-b12 mixed mode windows-amd64 compressed oops)
# Problematic frame:
# C  [opencv_face401.dll+0x61e86]
#
# Failed to write core dump. Minidumps are not enabled by default on client versions of Windows
#
# If you would like to submit a bug report, please visit:
#   http://bugreport.java.com/bugreport/crash.jsp
# The crash happened outside the Java Virtual Machine in native code.
# See problematic frame for where to report the bug.
#

---------------  T H R E A D  ---------------

Current thread (0x000000001c89f000):  JavaThread "Thread-2" daemon [_thread_in_native, id=13288, stack(0x000000002c4e0000,0x000000002c5e0000)]

siginfo: ExceptionCode=0xc0000005, reading address 0x00000000011bf000

Registers:
RAX=0x00007ff9652d6558, RBX=0x0000000000000000, RCX=0x000000002efe8b70, RDX=0x00000000011bf000
RSP=0x000000002c5de9e0, RBP=0x000000002c5deae0, RSI=0x0000000000000180, RDI=0x0000000001116f50
R8 =0x0000000000000000, R9 =0x00007ff9657d15c0, R10=0x0000000000000001, R11=0x000000002c5de9a0
R12=0x000000002c5dec68, R13=0x2aaaaaaaaaaaaaab, R14=0x00000000ffffffff, R15=0x0000000000009000
RIP=0x00007ff9652a1e86, EFLAGS=0x0000000000010202

Top of Stack: (sp=0x000000002c5de9e0)
0x000000002c5de9e0:   0000000000000000 0000000000000514
0x000000002c5de9f0:   0000000000000000 000000002f119d00
0x000000002c5dea00:   0000000000000008 0000000000000001
0x000000002c5dea10:   0000000001010000 000000002c5deb60
0x000000002c5dea20:   0000000000000000 0000000000000000
0x000000002c5dea30:   0000000001010000 000000002c5deb00
0x000000002c5dea40:   0000000000000000 0000000000000011
0x000000002c5dea50:   0000000001010000 000000002c5deaa0
0x000000002c5dea60:   0000000000000000 000000001d958a80
0x000000002c5dea70:   0000000001010000 000000003215fb80
0x000000002c5dea80:   0000000000000000 000000001d958a80
0x000000002c5dea90:   fffffffffffffffe 000000002c5dec68
0x000000002c5deaa0:   0000000242ff4005 0000400000000001
0x000000002c5deab0:   000000002f12fb80 000000002f12fb80
0x000000002c5deac0:   000000002f13fb80 000000002f13fb80
0x000000002c5dead0:   0000000000000000 000000002ef54a30 

Instructions: (pc=0x00007ff9652a1e86)
0x00007ff9652a1e66:   c0 48 8d 14 82 48 03 57 58 eb 0b 48 63 ce 48 8b
0x00007ff9652a1e76:   47 58 48 8d 14 88 49 8b 0c 24 48 8b 01 0f 28 d0
0x00007ff9652a1e86:   8b 12 ff 50 10 84 c0 74 31 48 ff c6 49 83 c7 60
0x00007ff9652a1e96:   48 8b 4f 38 48 2b 4f 30 49 8b c5 48 f7 e9 48 c1 


Register to memory mapping:

RAX=0x00007ff9652d6558 is an unknown value
RBX=0x0000000000000000 is an unknown value
RCX=0x000000002efe8b70 is an unknown value
RDX=0x00000000011bf000 is an unknown value
RSP=0x000000002c5de9e0 is pointing into the stack for thread: 0x000000001c89f000
RBP=0x000000002c5deae0 is pointing into the stack for thread: 0x000000001c89f000
RSI=0x0000000000000180 is an unknown value
RDI=0x0000000001116f50 is an unknown value
R8 =0x0000000000000000 is an unknown value
R9 =0x00007ff9657d15c0 is an unknown value
R10=0x0000000000000001 is an unknown value
R11=0x000000002c5de9a0 is pointing into the stack for thread: 0x000000001c89f000
R12=0x000000002c5dec68 is pointing into the stack for thread: 0x000000001c89f000
R13=0x2aaaaaaaaaaaaaab is an unknown value
R14=0x00000000ffffffff is an unknown value
R15=0x0000000000009000 is an unknown value


Stack: [0x000000002c4e0000,0x000000002c5e0000],  sp=0x000000002c5de9e0,  free space=1018k
Native frames: (J=compiled Java code, j=interpreted, Vv=VM code, C=native code)
C  [opencv_face401.dll+0x61e86]
C  [opencv_face401.dll+0x56e31]
C  [jniopencv_face.dll+0x15209]
C  0x00000000030f8c67

Java frames: (J=compiled Java code, j=interpreted, Vv=VM code)
j  org.bytedeco.javacpp.opencv_face$FaceRecognizer.predict(Lorg/bytedeco/javacpp/opencv_core$Mat;Lorg/bytedeco/javacpp/IntPointer;Lorg/bytedeco/javacpp/DoublePointer;)V+0
j  prison_management.Main$DaemonThread.run()V+245
j  java.lang.Thread.run()V+11
v  ~StubRoutines::call_stub

---------------  P R O C E S S  ---------------

Java Threads: ( => current thread )
=>0x000000001c89f000 JavaThread "Thread-2" daemon [_thread_in_native, id=13288, stack(0x000000002c4e0000,0x000000002c5e0000)]
  0x000000001d84c000 JavaThread "TimerQueue" daemon [_thread_blocked, id=13180, stack(0x0000000021300000,0x0000000021400000)]
  0x000000001c546000 JavaThread "JavaCPP Deallocator" daemon [_thread_blocked, id=13148, stack(0x000000001d390000,0x000000001d490000)]
  0x0000000002ebe000 JavaThread "DestroyJavaVM" [_thread_blocked, id=13072, stack(0x0000000002ee0000,0x0000000002fe0000)]
  0x000000001c51a800 JavaThread "AWT-EventQueue-0" [_thread_in_native, id=13144, stack(0x000000001d290000,0x000000001d390000)]
  0x000000001c469000 JavaThread "AWT-Windows" daemon [_thread_in_native, id=13140, stack(0x000000001cc20000,0x000000001cd20000)]
  0x000000001c466000 JavaThread "AWT-Shutdown" [_thread_blocked, id=13136, stack(0x000000001cb20000,0x000000001cc20000)]
  0x000000001c465800 JavaThread "Java2D Disposer" daemon [_thread_blocked, id=13132, stack(0x000000001ca20000,0x000000001cb20000)]
  0x000000001bb10800 JavaThread "Service Thread" daemon [_thread_blocked, id=13124, stack(0x000000001bee0000,0x000000001bfe0000)]
  0x000000001a1b0000 JavaThread "C1 CompilerThread2" daemon [_thread_blocked, id=13120, stack(0x000000001b9e0000,0x000000001bae0000)]
  0x000000001a1aa000 JavaThread "C2 CompilerThread1" daemon [_thread_blocked, id=13116, stack(0x000000001b8e0000,0x000000001b9e0000)]
  0x000000001a1a5000 JavaThread "C2 CompilerThread0" daemon [_thread_blocked, id=13112, stack(0x000000001b7e0000,0x000000001b8e0000)]
  0x000000001a1a4000 JavaThread "Attach Listener" daemon [_thread_blocked, id=13108, stack(0x000000001b6e0000,0x000000001b7e0000)]
  0x000000001a1a2800 JavaThread "Signal Dispatcher" daemon [_thread_blocked, id=13104, stack(0x000000001b5e0000,0x000000001b6e0000)]
  0x00000000030db800 JavaThread "Finalizer" daemon [_thread_blocked, id=13100, stack(0x000000001b3f0000,0x000000001b4f0000)]
  0x00000000030d2000 JavaThread "Reference Handler" daemon [_thread_blocked, id=13096, stack(0x000000001b2f0000,0x000000001b3f0000)]

Other Threads:
  0x000000001a167800 VMThread [stack: 0x000000001b1f0000,0x000000001b2f0000] [id=13092]
  0x000000001a1c6800 WatcherThread [stack: 0x000000001bfe0000,0x000000001c0e0000] [id=13128]

VM state:not at safepoint (normal execution)

VM Mutex/Monitor currently owned by a thread: None

Heap:
 PSYoungGen      total 178688K, used 100011K [0x0000000780700000, 0x0000000798b00000, 0x00000007c0000000)
  eden space 175104K, 55% used [0x0000000780700000,0x00000007865324d0,0x000000078b200000)
  from space 3584K, 99% used [0x0000000798780000,0x0000000798af89e0,0x0000000798b00000)
  to   space 5632K, 0% used [0x0000000798000000,0x0000000798000000,0x0000000798580000)
 ParOldGen       total 131072K, used 6650K [0x0000000701400000, 0x0000000709400000, 0x0000000780700000)
  object space 131072K, 5% used [0x0000000701400000,0x0000000701a7e9d8,0x0000000709400000)
 Metaspace       used 17908K, capacity 18158K, committed 18432K, reserved 1064960K
  class space    used 2117K, capacity 2186K, committed 2304K, reserved 1048576K

Card table byte_map: [0x00000000124a0000,0x0000000012aa0000] byte_map_base: 0x000000000ec96000

Marking Bits: (ParMarkBitMap*) 0x000000005a0e3e30
 Begin Bits: [0x00000000132a0000, 0x0000000016250000)
 End Bits:   [0x0000000016250000, 0x0000000019200000)

Polling page: 0x0000000001500000

CodeCache: size=245760Kb used=7203Kb max_used=7215Kb free=238556Kb
 bounds [0x00000000030e0000, 0x0000000003800000, 0x00000000120e0000]
 total_blobs=2339 nmethods=1669 adapters=582
 compilation: enabled

Compilation events (10 events):
Event: 14.500 Thread 0x000000001a1a5000 1666       4       java.util.zip.ZipFile::getZipEntry (251 bytes)
Event: 14.511 Thread 0x000000001a1a5000 nmethod 1666 0x00000000037ed490 code [0x00000000037ed6e0, 0x00000000037ee108]
Event: 14.529 Thread 0x000000001a1aa000 1667   !   4       sun.misc.URLClassPath$FileLoader::getResource (164 bytes)
Event: 14.552 Thread 0x000000001a1a5000 1668       4       java.util.zip.ZipEntry::setExtra0 (360 bytes)
Event: 14.553 Thread 0x000000001a1a5000 nmethod 1668 0x00000000037419d0 code [0x0000000003741b00, 0x0000000003741b78]
Event: 14.563 Thread 0x000000001a1aa000 nmethod 1667 0x00000000037eba50 code [0x00000000037ebc60, 0x00000000037ecae0]
Event: 14.565 Thread 0x000000001a1a5000 1669       4       java.net.URI$Parser::substring (10 bytes)
Event: 14.570 Thread 0x000000001a1a5000 nmethod 1669 0x00000000037ab390 code [0x00000000037ab500, 0x00000000037ab938]
Event: 14.578 Thread 0x000000001a1aa000 1670  s    4       java.util.Vector::elementAt (48 bytes)
Event: 14.579 Thread 0x000000001a1aa000 nmethod 1670 0x00000000037eb550 code [0x00000000037eb6a0, 0x00000000037eb918]

GC Heap History (10 events):
Event: 1.518 GC heap before
{Heap before GC invocations=6 (full 0):
 PSYoungGen      total 106496K, used 100554K [0x0000000780700000, 0x000000078cd00000, 0x00000007c0000000)
  eden space 98304K, 100% used [0x0000000780700000,0x0000000786700000,0x0000000786700000)
  from space 8192K, 27% used [0x0000000786700000,0x0000000786932b38,0x0000000786f00000)
  to   space 3072K, 0% used [0x000000078ca00000,0x000000078ca00000,0x000000078cd00000)
 ParOldGen       total 131072K, used 40K [0x0000000701400000, 0x0000000709400000, 0x0000000780700000)
  object space 131072K, 0% used [0x0000000701400000,0x000000070140a000,0x0000000709400000)
 Metaspace       used 12219K, capacity 12448K, committed 12544K, reserved 1060864K
  class space    used 1352K, capacity 1441K, committed 1536K, reserved 1048576K
Event: 1.520 GC heap after
Heap after GC invocations=6 (full 0):
 PSYoungGen      total 199680K, used 2208K [0x0000000780700000, 0x000000078cd00000, 0x00000007c0000000)
  eden space 196608K, 0% used [0x0000000780700000,0x0000000780700000,0x000000078c700000)
  from space 3072K, 71% used [0x000000078ca00000,0x000000078cc281e8,0x000000078cd00000)
  to   space 3072K, 0% used [0x000000078c700000,0x000000078c700000,0x000000078ca00000)
 ParOldGen       total 131072K, used 48K [0x0000000701400000, 0x0000000709400000, 0x0000000780700000)
  object space 131072K, 0% used [0x0000000701400000,0x000000070140c000,0x0000000709400000)
 Metaspace       used 12219K, capacity 12448K, committed 12544K, reserved 1060864K
  class space    used 1352K, capacity 1441K, committed 1536K, reserved 1048576K
}
Event: 2.019 GC heap before
{Heap before GC invocations=7 (full 0):
 PSYoungGen      total 199680K, used 198816K [0x0000000780700000, 0x000000078cd00000, 0x00000007c0000000)
  eden space 196608K, 100% used [0x0000000780700000,0x000000078c700000,0x000000078c700000)
  from space 3072K, 71% used [0x000000078ca00000,0x000000078cc281e8,0x000000078cd00000)
  to   space 3072K, 0% used [0x000000078c700000,0x000000078c700000,0x000000078ca00000)
 ParOldGen       total 131072K, used 48K [0x0000000701400000, 0x0000000709400000, 0x0000000780700000)
  object space 131072K, 0% used [0x0000000701400000,0x000000070140c000,0x0000000709400000)
 Metaspace       used 12636K, capacity 12806K, committed 13056K, reserved 1060864K
  class space    used 1401K, capacity 1474K, committed 1536K, reserved 1048576K
Event: 2.022 GC heap after
Heap after GC invocations=7 (full 0):
 PSYoungGen      total 199680K, used 435K [0x0000000780700000, 0x0000000798e00000, 0x00000007c0000000)
  eden space 196608K, 0% used [0x0000000780700000,0x0000000780700000,0x000000078c700000)
  from space 3072K, 14% used [0x000000078c700000,0x000000078c76cda0,0x000000078ca00000)
  to   space 3584K, 0% used [0x0000000798a80000,0x0000000798a80000,0x0000000798e00000)
 ParOldGen       total 131072K, used 2024K [0x0000000701400000, 0x0000000709400000, 0x0000000780700000)
  object space 131072K, 1% used [0x0000000701400000,0x00000007015fa070,0x0000000709400000)
 Metaspace       used 12636K, capacity 12806K, committed 13056K, reserved 1060864K
  class space    used 1401K, capacity 1474K, committed 1536K, reserved 1048576K
}
Event: 2.638 GC heap before
{Heap before GC invocations=8 (full 0):
 PSYoungGen      total 199680K, used 197043K [0x0000000780700000, 0x0000000798e00000, 0x00000007c0000000)
  eden space 196608K, 100% used [0x0000000780700000,0x000000078c700000,0x000000078c700000)
  from space 3072K, 14% used [0x000000078c700000,0x000000078c76cda0,0x000000078ca00000)
  to   space 3584K, 0% used [0x0000000798a80000,0x0000000798a80000,0x0000000798e00000)
 ParOldGen       total 131072K, used 2024K [0x0000000701400000, 0x0000000709400000, 0x0000000780700000)
  object space 131072K, 1% used [0x0000000701400000,0x00000007015fa070,0x0000000709400000)
 Metaspace       used 12813K, capacity 13030K, committed 13312K, reserved 1060864K
  class space    used 1429K, capacity 1506K, committed 1536K, reserved 1048576K
Event: 2.639 GC heap after
Heap after GC invocations=8 (full 0):
 PSYoungGen      total 189440K, used 376K [0x0000000780700000, 0x0000000798b00000, 0x00000007c0000000)
  eden space 188928K, 0% used [0x0000000780700000,0x0000000780700000,0x000000078bf80000)
  from space 512K, 73% used [0x0000000798a80000,0x0000000798ade1a8,0x0000000798b00000)
  to   space 3584K, 0% used [0x0000000798400000,0x0000000798400000,0x0000000798780000)
 ParOldGen       total 131072K, used 2040K [0x0000000701400000, 0x0000000709400000, 0x0000000780700000)
  object space 131072K, 1% used [0x0000000701400000,0x00000007015fe070,0x0000000709400000)
 Metaspace       used 12813K, capacity 13030K, committed 13312K, reserved 1060864K
  class space    used 1429K, capacity 1506K, committed 1536K, reserved 1048576K
}
Event: 3.126 GC heap before
{Heap before GC invocations=9 (full 0):
 PSYoungGen      total 189440K, used 189304K [0x0000000780700000, 0x0000000798b00000, 0x00000007c0000000)
  eden space 188928K, 100% used [0x0000000780700000,0x000000078bf80000,0x000000078bf80000)
  from space 512K, 73% used [0x0000000798a80000,0x0000000798ade1a8,0x0000000798b00000)
  to   space 3584K, 0% used [0x0000000798400000,0x0000000798400000,0x0000000798780000)
 ParOldGen       total 131072K, used 2040K [0x0000000701400000, 0x0000000709400000, 0x0000000780700000)
  object space 131072K, 1% used [0x0000000701400000,0x00000007015fe070,0x0000000709400000)
 Metaspace       used 12890K, capacity 13126K, committed 13440K, reserved 1060864K
  class space    used 1442K, capacity 1538K, committed 1664K, reserved 1048576K
Event: 3.127 GC heap after
Heap after GC invocations=9 (full 0):
 PSYoungGen      total 185344K, used 224K [0x0000000780700000, 0x0000000798b00000, 0x00000007c0000000)
  eden space 181760K, 0% used [0x0000000780700000,0x0000000780700000,0x000000078b880000)
  from space 3584K, 6% used [0x0000000798400000,0x0000000798438000,0x0000000798780000)
  to   space 3584K, 0% used [0x0000000798780000,0x0000000798780000,0x0000000798b00000)
 ParOldGen       total 131072K, used 2136K [0x0000000701400000, 0x0000000709400000, 0x0000000780700000)
  object space 131072K, 1% used [0x0000000701400000,0x0000000701616070,0x0000000709400000)
 Metaspace       used 12890K, capacity 13126K, committed 13440K, reserved 1060864K
  class space    used 1442K, capacity 1538K, committed 1664K, reserved 1048576K
}
Event: 14.358 GC heap before
{Heap before GC invocations=10 (full 0):
 PSYoungGen      total 185344K, used 181984K [0x0000000780700000, 0x0000000798b00000, 0x00000007c0000000)
  eden space 181760K, 100% used [0x0000000780700000,0x000000078b880000,0x000000078b880000)
  from space 3584K, 6% used [0x0000000798400000,0x0000000798438000,0x0000000798780000)
  to   space 3584K, 0% used [0x0000000798780000,0x0000000798780000,0x0000000798b00000)
 ParOldGen       total 131072K, used 2136K [0x0000000701400000, 0x0000000709400000, 0x0000000780700000)
  object space 131072K, 1% used [0x0000000701400000,0x0000000701616070,0x0000000709400000)
 Metaspace       used 17906K, capacity 18158K, committed 18432K, reserved 1064960K
  class space    used 2117K, capacity 2186K, committed 2304K, reserved 1048576K
Event: 14.362 GC heap after
Heap after GC invocations=10 (full 0):
 PSYoungGen      total 178688K, used 3554K [0x0000000780700000, 0x0000000798b00000, 0x00000007c0000000)
  eden space 175104K, 0% used [0x0000000780700000,0x0000000780700000,0x000000078b200000)
  from space 3584K, 99% used [0x0000000798780000,0x0000000798af89e0,0x0000000798b00000)
  to   space 5632K, 0% used [0x0000000798000000,0x0000000798000000,0x0000000798580000)
 ParOldGen       total 131072K, used 6650K [0x0000000701400000, 0x0000000709400000, 0x0000000780700000)
  object space 131072K, 5% used [0x0000000701400000,0x0000000701a7e9d8,0x0000000709400000)
 Metaspace       used 17906K, capacity 18158K, committed 18432K, reserved 1064960K
  class space    used 2117K, capacity 2186K, committed 2304K, reserved 1048576K
}

Deoptimization events (10 events):
Event: 3.210 Thread 0x000000001c469000 Uncommon trap: reason=bimorphic action=maybe_recompile pc=0x00000000035db0b8 method=java.util.HashMap.putVal(ILjava/lang/Object;Ljava/lang/Object;ZZ)Ljava/lang/Object; @ 203
Event: 3.210 Thread 0x000000001c469000 Uncommon trap: reason=bimorphic action=maybe_recompile pc=0x00000000035db0b8 method=java.util.HashMap.putVal(ILjava/lang/Object;Ljava/lang/Object;ZZ)Ljava/lang/Object; @ 203
Event: 3.267 Thread 0x000000001c51a800 Uncommon trap: reason=unstable_if action=reinterpret pc=0x00000000035173c8 method=java.io.File.getName()Ljava/lang/String; @ 16
Event: 3.267 Thread 0x000000001c51a800 Uncommon trap: reason=unstable_if action=reinterpret pc=0x00000000034c2ae4 method=java.lang.String.substring(I)Ljava/lang/String; @ 35
Event: 3.279 Thread 0x000000001c51a800 Uncommon trap: reason=predicate action=maybe_recompile pc=0x00000000034206a8 method=java.lang.String.regionMatches(ZILjava/lang/String;II)Z @ 63
Event: 3.358 Thread 0x000000001c51a800 Uncommon trap: reason=unstable_if action=reinterpret pc=0x00000000033c1348 method=java.io.WinNTFileSystem.normalize(Ljava/lang/String;II)Ljava/lang/String; @ 103
Event: 3.373 Thread 0x000000001c51a800 Uncommon trap: reason=unstable_if action=reinterpret pc=0x00000000032f585c method=java.lang.String.indexOf([CII[CIII)I @ 3
Event: 3.373 Thread 0x000000001c51a800 Uncommon trap: reason=class_check action=maybe_recompile pc=0x00000000035f8f18 method=java.util.AbstractList$Itr.hasNext()Z @ 8
Event: 3.542 Thread 0x000000001c51a800 Uncommon trap: reason=unstable_if action=reinterpret pc=0x00000000036c8f4c method=org.sqlite.SQLiteJDBCLoader.contentsEquals(Ljava/io/InputStream;Ljava/io/InputStream;)Z @ 39
Event: 3.619 Thread 0x000000001c51a800 Uncommon trap: reason=unstable_if action=reinterpret pc=0x00000000033936e0 method=java.io.WinNTFileSystem.normalize(Ljava/lang/String;II)Ljava/lang/String; @ 103

Classes redefined (0 events):
No events

Internal exceptions (10 events):
Event: 0.094 Thread 0x0000000002ebe000 Exception <a 'java/security/PrivilegedActionException'> (0x000000078094c348) thrown at [C:\re\workspace\8-2-build-windows-amd64-cygwin\jdk8u191\11896\hotspot\src\share\vm\prims\jvm.cpp, line 1435]
Event: 0.094 Thread 0x0000000002ebe000 Exception <a 'java/security/PrivilegedActionException'> (0x000000078094c558) thrown at [C:\re\workspace\8-2-build-windows-amd64-cygwin\jdk8u191\11896\hotspot\src\share\vm\prims\jvm.cpp, line 1435]
Event: 0.130 Thread 0x0000000002ebe000 Exception <a 'java/security/PrivilegedActionException'> (0x00000007809e5bd0) thrown at [C:\re\workspace\8-2-build-windows-amd64-cygwin\jdk8u191\11896\hotspot\src\share\vm\prims\jvm.cpp, line 1435]
Event: 0.130 Thread 0x0000000002ebe000 Exception <a 'java/security/PrivilegedActionException'> (0x00000007809e5de0) thrown at [C:\re\workspace\8-2-build-windows-amd64-cygwin\jdk8u191\11896\hotspot\src\share\vm\prims\jvm.cpp, line 1435]
Event: 0.131 Thread 0x0000000002ebe000 Exception <a 'java/security/PrivilegedActionException'> (0x00000007809e9cf0) thrown at [C:\re\workspace\8-2-build-windows-amd64-cygwin\jdk8u191\11896\hotspot\src\share\vm\prims\jvm.cpp, line 1435]
Event: 0.131 Thread 0x0000000002ebe000 Exception <a 'java/security/PrivilegedActionException'> (0x00000007809e9f00) thrown at [C:\re\workspace\8-2-build-windows-amd64-cygwin\jdk8u191\11896\hotspot\src\share\vm\prims\jvm.cpp, line 1435]
Event: 0.135 Thread 0x0000000002ebe000 Exception <a 'java/io/FileNotFoundException'> (0x00000007809ebfe0) thrown at [C:\re\workspace\8-2-build-windows-amd64-cygwin\jdk8u191\11896\hotspot\src\share\vm\prims\jni.cpp, line 709]
Event: 0.160 Thread 0x0000000002ebe000 Exception <a 'java/lang/NoSuchFieldError': method resolution failed> (0x0000000780abc690) thrown at [C:\re\workspace\8-2-build-windows-amd64-cygwin\jdk8u191\11896\hotspot\src\share\vm\prims\methodHandles.cpp, line 1167]
Event: 0.161 Thread 0x0000000002ebe000 Exception <a 'java/lang/NoSuchFieldError': method resolution failed> (0x0000000780ac99e0) thrown at [C:\re\workspace\8-2-build-windows-amd64-cygwin\jdk8u191\11896\hotspot\src\share\vm\prims\methodHandles.cpp, line 1167]
Event: 0.212 Thread 0x0000000002ebe000 Exception <a 'java/io/FileNotFoundException'> (0x0000000780bb0e78) thrown at [C:\re\workspace\8-2-build-windows-amd64-cygwin\jdk8u191\11896\hotspot\src\share\vm\prims\jni.cpp, line 709]

Events (10 events):
Event: 7.778 loading class sun/reflect/UnsafeBooleanFieldAccessorImpl
Event: 7.778 loading class sun/reflect/UnsafeBooleanFieldAccessorImpl done
Event: 8.200 Thread 0x000000001d856000 Thread exited: 0x000000001d856000
Event: 11.289 loading class org/bytedeco/javacpp/opencv_videoio$IVideoWriter
Event: 11.289 loading class org/bytedeco/javacpp/opencv_videoio$IVideoWriter done
Event: 12.822 loading class prison_management/Main$DaemonThread
Event: 12.822 loading class prison_management/Main$DaemonThread done
Event: 12.823 Thread 0x000000001c89f000 Thread added: 0x000000001c89f000
Event: 14.358 Executing VM operation: ParallelGCFailedAllocation
Event: 14.362 Executing VM operation: ParallelGCFailedAllocation done


Dynamic libraries:
0x00007ff769c70000 - 0x00007ff769ca7000 	C:\Program Files\Java\jdk1.8.0_161\bin\java.exe
0x00007ff99e1f0000 - 0x00007ff99e3d1000 	C:\WINDOWS\SYSTEM32\ntdll.dll
0x00007ff99b970000 - 0x00007ff99ba22000 	C:\WINDOWS\System32\KERNEL32.DLL
0x00007ff99a590000 - 0x00007ff99a803000 	C:\WINDOWS\System32\KERNELBASE.dll
0x00007ff99c350000 - 0x00007ff99c3f1000 	C:\WINDOWS\System32\ADVAPI32.dll
0x00007ff99c0a0000 - 0x00007ff99c13e000 	C:\WINDOWS\System32\msvcrt.dll
0x00007ff99c2f0000 - 0x00007ff99c34b000 	C:\WINDOWS\System32\sechost.dll
0x00007ff99d890000 - 0x00007ff99d9b4000 	C:\WINDOWS\System32\RPCRT4.dll
0x00007ff99dc00000 - 0x00007ff99dd90000 	C:\WINDOWS\System32\USER32.dll
0x00007ff99a810000 - 0x00007ff99a830000 	C:\WINDOWS\System32\win32u.dll
0x00007ff99c140000 - 0x00007ff99c168000 	C:\WINDOWS\System32\GDI32.dll
0x00007ff99a830000 - 0x00007ff99a9c2000 	C:\WINDOWS\System32\gdi32full.dll
0x00007ff99aa80000 - 0x00007ff99ab1f000 	C:\WINDOWS\System32\msvcp_win.dll
0x00007ff99ae40000 - 0x00007ff99af3a000 	C:\WINDOWS\System32\ucrtbase.dll
0x00007ff98b710000 - 0x00007ff98b979000 	C:\WINDOWS\WinSxS\amd64_microsoft.windows.common-controls_6595b64144ccf1df_6.0.17134.590_none_fb3d9bff3069e088\COMCTL32.dll
0x00007ff99dd90000 - 0x00007ff99e0b2000 	C:\WINDOWS\System32\combase.dll
0x00007ff99ab20000 - 0x00007ff99ab9a000 	C:\WINDOWS\System32\bcryptPrimitives.dll
0x00007ff99c410000 - 0x00007ff99c43d000 	C:\WINDOWS\System32\IMM32.DLL
0x00000000597e0000 - 0x00000000598b2000 	C:\Program Files\Java\jdk1.8.0_161\jre\bin\msvcr100.dll
0x00000000598c0000 - 0x000000005a164000 	C:\Program Files\Java\jdk1.8.0_161\jre\bin\server\jvm.dll
0x00007ff99c400000 - 0x00007ff99c408000 	C:\WINDOWS\System32\PSAPI.DLL
0x00007ff998c00000 - 0x00007ff998c09000 	C:\WINDOWS\SYSTEM32\WSOCK32.dll
0x00007ff9982a0000 - 0x00007ff9982c3000 	C:\WINDOWS\SYSTEM32\WINMM.dll
0x00007ff98b990000 - 0x00007ff98b99a000 	C:\WINDOWS\SYSTEM32\VERSION.dll
0x00007ff99e0c0000 - 0x00007ff99e12c000 	C:\WINDOWS\System32\WS2_32.dll
0x00007ff998230000 - 0x00007ff99825a000 	C:\WINDOWS\SYSTEM32\winmmbase.dll
0x00007ff99aba0000 - 0x00007ff99abe9000 	C:\WINDOWS\System32\cfgmgr32.dll
0x000000005a560000 - 0x000000005a56f000 	C:\Program Files\Java\jdk1.8.0_161\jre\bin\verify.dll
0x00000000597b0000 - 0x00000000597d9000 	C:\Program Files\Java\jdk1.8.0_161\jre\bin\java.dll
0x0000000059790000 - 0x00000000597a6000 	C:\Program Files\Java\jdk1.8.0_161\jre\bin\zip.dll
0x00007ff99c450000 - 0x00007ff99d890000 	C:\WINDOWS\System32\SHELL32.dll
0x00007ff99be80000 - 0x00007ff99bf29000 	C:\WINDOWS\System32\shcore.dll
0x00007ff99af40000 - 0x00007ff99b64d000 	C:\WINDOWS\System32\windows.storage.dll
0x00007ff99e130000 - 0x00007ff99e181000 	C:\WINDOWS\System32\shlwapi.dll
0x00007ff99a500000 - 0x00007ff99a511000 	C:\WINDOWS\System32\kernel.appcore.dll
0x00007ff99a520000 - 0x00007ff99a53f000 	C:\WINDOWS\System32\profapi.dll
0x00007ff99a540000 - 0x00007ff99a58c000 	C:\WINDOWS\System32\powrprof.dll
0x00007ff99a4f0000 - 0x00007ff99a4fa000 	C:\WINDOWS\System32\FLTLIB.DLL
0x00000000595b0000 - 0x0000000059749000 	C:\Program Files\Java\jdk1.8.0_161\jre\bin\awt.dll
0x00007ff99db30000 - 0x00007ff99dbf3000 	C:\WINDOWS\System32\OLEAUT32.dll
0x00007ff998390000 - 0x00007ff99841b000 	C:\WINDOWS\SYSTEM32\apphelp.dll
0x00007ff998510000 - 0x00007ff9985a8000 	C:\WINDOWS\system32\uxtheme.dll
0x00007ff99c170000 - 0x00007ff99c2e3000 	C:\WINDOWS\System32\MSCTF.dll
0x00007ff9986d0000 - 0x00007ff9986f9000 	C:\WINDOWS\system32\dwmapi.dll
0x00007ff99bf40000 - 0x00007ff99c091000 	C:\WINDOWS\System32\ole32.dll
0x00007ff9814b0000 - 0x00007ff9815d0000 	C:\WINDOWS\system32\opengl32.dll
0x00007ff984bc0000 - 0x00007ff984bec000 	C:\WINDOWS\SYSTEM32\GLU32.dll
0x0000000059560000 - 0x00000000595a7000 	C:\Program Files\Java\jdk1.8.0_161\jre\bin\fontmanager.dll
0x0000000059770000 - 0x000000005978a000 	C:\Program Files\Java\jdk1.8.0_161\jre\bin\net.dll
0x00007ff999990000 - 0x00007ff9999f6000 	C:\WINDOWS\system32\mswsock.dll
0x0000000059750000 - 0x0000000059761000 	C:\Program Files\Java\jdk1.8.0_161\jre\bin\nio.dll
0x0000000002e80000 - 0x0000000002e83000 	C:\Users\Deshan\.javacpp\cache\opencv-windows-x86_64.jar\org\bytedeco\javacpp\windows-x86_64\api-ms-win-crt-locale-l1-1-0.dll
0x0000000002e90000 - 0x0000000002e94000 	C:\Users\Deshan\.javacpp\cache\opencv-windows-x86_64.jar\org\bytedeco\javacpp\windows-x86_64\api-ms-win-crt-string-l1-1-0.dll
0x0000000002ea0000 - 0x0000000002ea4000 	C:\Users\Deshan\.javacpp\cache\opencv-windows-x86_64.jar\org\bytedeco\javacpp\windows-x86_64\api-ms-win-crt-stdio-l1-1-0.dll
0x0000000002ec0000 - 0x0000000002ec5000 	C:\Users\Deshan\.javacpp\cache\opencv-windows-x86_64.jar\org\bytedeco\javacpp\windows-x86_64\api-ms-win-crt-math-l1-1-0.dll
0x000000001cd20000 - 0x000000001cd23000 	C:\Users\Deshan\.javacpp\cache\opencv-windows-x86_64.jar\org\bytedeco\javacpp\windows-x86_64\api-ms-win-crt-heap-l1-1-0.dll
0x000000001cd30000 - 0x000000001cd34000 	C:\Users\Deshan\.javacpp\cache\opencv-windows-x86_64.jar\org\bytedeco\javacpp\windows-x86_64\api-ms-win-crt-runtime-l1-1-0.dll
0x000000001cd40000 - 0x000000001cd44000 	C:\Users\Deshan\.javacpp\cache\opencv-windows-x86_64.jar\org\bytedeco\javacpp\windows-x86_64\api-ms-win-crt-convert-l1-1-0.dll
0x000000001cd50000 - 0x000000001cd53000 	C:\Users\Deshan\.javacpp\cache\opencv-windows-x86_64.jar\org\bytedeco\javacpp\windows-x86_64\api-ms-win-crt-environment-l1-1-0.dll
0x000000001cd60000 - 0x000000001cd63000 	C:\Users\Deshan\.javacpp\cache\opencv-windows-x86_64.jar\org\bytedeco\javacpp\windows-x86_64\api-ms-win-crt-time-l1-1-0.dll
0x000000001cd70000 - 0x000000001cd73000 	C:\Users\Deshan\.javacpp\cache\opencv-windows-x86_64.jar\org\bytedeco\javacpp\windows-x86_64\api-ms-win-crt-filesystem-l1-1-0.dll
0x000000001cd80000 - 0x000000001cd83000 	C:\Users\Deshan\.javacpp\cache\opencv-windows-x86_64.jar\org\bytedeco\javacpp\windows-x86_64\api-ms-win-crt-utility-l1-1-0.dll
0x000000001cd90000 - 0x000000001cd95000 	C:\Users\Deshan\.javacpp\cache\opencv-windows-x86_64.jar\org\bytedeco\javacpp\windows-x86_64\api-ms-win-crt-multibyte-l1-1-0.dll
0x000000001cda0000 - 0x000000001cda3000 	C:\Users\Deshan\.javacpp\cache\opencv-windows-x86_64.jar\org\bytedeco\javacpp\windows-x86_64\api-ms-win-core-string-l1-1-0.dll
0x000000001e660000 - 0x000000001e663000 	C:\Users\Deshan\.javacpp\cache\opencv-windows-x86_64.jar\org\bytedeco\javacpp\windows-x86_64\api-ms-win-core-errorhandling-l1-1-0.dll
0x000000001e670000 - 0x000000001e673000 	C:\Users\Deshan\.javacpp\cache\opencv-windows-x86_64.jar\org\bytedeco\javacpp\windows-x86_64\api-ms-win-core-timezone-l1-1-0.dll
0x000000001e680000 - 0x000000001e684000 	C:\Users\Deshan\.javacpp\cache\opencv-windows-x86_64.jar\org\bytedeco\javacpp\windows-x86_64\api-ms-win-core-file-l1-1-0.dll
0x000000001e690000 - 0x000000001e693000 	C:\Users\Deshan\.javacpp\cache\opencv-windows-x86_64.jar\org\bytedeco\javacpp\windows-x86_64\api-ms-win-core-namedpipe-l1-1-0.dll
0x000000001e6a0000 - 0x000000001e6a3000 	C:\Users\Deshan\.javacpp\cache\opencv-windows-x86_64.jar\org\bytedeco\javacpp\windows-x86_64\api-ms-win-core-handle-l1-1-0.dll
0x000000001e6b0000 - 0x000000001e6b3000 	C:\Users\Deshan\.javacpp\cache\opencv-windows-x86_64.jar\org\bytedeco\javacpp\windows-x86_64\api-ms-win-core-file-l2-1-0.dll
0x000000001e7e0000 - 0x000000001e7e3000 	C:\Users\Deshan\.javacpp\cache\opencv-windows-x86_64.jar\org\bytedeco\javacpp\windows-x86_64\api-ms-win-core-heap-l1-1-0.dll
0x000000001e7f0000 - 0x000000001e7f3000 	C:\Users\Deshan\.javacpp\cache\opencv-windows-x86_64.jar\org\bytedeco\javacpp\windows-x86_64\api-ms-win-core-libraryloader-l1-1-0.dll
0x000000001e800000 - 0x000000001e803000 	C:\Users\Deshan\.javacpp\cache\opencv-windows-x86_64.jar\org\bytedeco\javacpp\windows-x86_64\api-ms-win-core-synch-l1-1-0.dll
0x000000001e810000 - 0x000000001e813000 	C:\Users\Deshan\.javacpp\cache\opencv-windows-x86_64.jar\org\bytedeco\javacpp\windows-x86_64\api-ms-win-core-processthreads-l1-1-0.dll
0x000000001e820000 - 0x000000001e823000 	C:\Users\Deshan\.javacpp\cache\opencv-windows-x86_64.jar\org\bytedeco\javacpp\windows-x86_64\api-ms-win-core-processenvironment-l1-1-0.dll
0x000000001e830000 - 0x000000001e833000 	C:\Users\Deshan\.javacpp\cache\opencv-windows-x86_64.jar\org\bytedeco\javacpp\windows-x86_64\api-ms-win-core-datetime-l1-1-0.dll
0x000000001e840000 - 0x000000001e843000 	C:\Users\Deshan\.javacpp\cache\opencv-windows-x86_64.jar\org\bytedeco\javacpp\windows-x86_64\api-ms-win-core-localization-l1-2-0.dll
0x000000001e6c0000 - 0x000000001e6c3000 	C:\Users\Deshan\.javacpp\cache\opencv-windows-x86_64.jar\org\bytedeco\javacpp\windows-x86_64\api-ms-win-core-sysinfo-l1-1-0.dll
0x000000001e6d0000 - 0x000000001e6d3000 	C:\Users\Deshan\.javacpp\cache\opencv-windows-x86_64.jar\org\bytedeco\javacpp\windows-x86_64\api-ms-win-core-synch-l1-2-0.dll
0x000000001e6e0000 - 0x000000001e6e3000 	C:\Users\Deshan\.javacpp\cache\opencv-windows-x86_64.jar\org\bytedeco\javacpp\windows-x86_64\api-ms-win-core-console-l1-1-0.dll
0x000000001e6f0000 - 0x000000001e6f3000 	C:\Users\Deshan\.javacpp\cache\opencv-windows-x86_64.jar\org\bytedeco\javacpp\windows-x86_64\api-ms-win-core-debug-l1-1-0.dll
0x000000001e700000 - 0x000000001e703000 	C:\Users\Deshan\.javacpp\cache\opencv-windows-x86_64.jar\org\bytedeco\javacpp\windows-x86_64\api-ms-win-core-rtlsupport-l1-1-0.dll
0x000000001e710000 - 0x000000001e713000 	C:\Users\Deshan\.javacpp\cache\opencv-windows-x86_64.jar\org\bytedeco\javacpp\windows-x86_64\api-ms-win-core-processthreads-l1-1-1.dll
0x000000001e720000 - 0x000000001e723000 	C:\Users\Deshan\.javacpp\cache\opencv-windows-x86_64.jar\org\bytedeco\javacpp\windows-x86_64\api-ms-win-core-file-l1-2-0.dll
0x000000001e730000 - 0x000000001e733000 	C:\Users\Deshan\.javacpp\cache\opencv-windows-x86_64.jar\org\bytedeco\javacpp\windows-x86_64\api-ms-win-core-profile-l1-1-0.dll
0x000000001e740000 - 0x000000001e743000 	C:\Users\Deshan\.javacpp\cache\opencv-windows-x86_64.jar\org\bytedeco\javacpp\windows-x86_64\api-ms-win-core-memory-l1-1-0.dll
0x000000001e750000 - 0x000000001e753000 	C:\Users\Deshan\.javacpp\cache\opencv-windows-x86_64.jar\org\bytedeco\javacpp\windows-x86_64\api-ms-win-core-util-l1-1-0.dll
0x000000001e760000 - 0x000000001e763000 	C:\Users\Deshan\.javacpp\cache\opencv-windows-x86_64.jar\org\bytedeco\javacpp\windows-x86_64\api-ms-win-core-interlocked-l1-1-0.dll
0x00007ff97c2e0000 - 0x00007ff97c3d5000 	C:\Users\Deshan\.javacpp\cache\opencv-windows-x86_64.jar\org\bytedeco\javacpp\windows-x86_64\ucrtbase.dll
0x00007ff98efe0000 - 0x00007ff98eff7000 	C:\Users\Deshan\.javacpp\cache\opencv-windows-x86_64.jar\org\bytedeco\javacpp\windows-x86_64\vcruntime140.dll
0x00007ff97c240000 - 0x00007ff97c2dd000 	C:\Users\Deshan\.javacpp\cache\opencv-windows-x86_64.jar\org\bytedeco\javacpp\windows-x86_64\msvcp140.dll
0x00007ff98d8a0000 - 0x00007ff98d8f1000 	C:\Users\Deshan\.javacpp\cache\opencv-windows-x86_64.jar\org\bytedeco\javacpp\windows-x86_64\concrt140.dll
0x00007ff98e5b0000 - 0x00007ff98e5de000 	C:\Users\Deshan\.javacpp\cache\opencv-windows-x86_64.jar\org\bytedeco\javacpp\windows-x86_64\vcomp140.dll
0x00007ff965e20000 - 0x00007ff9661b1000 	C:\Users\Deshan\.javacpp\cache\opencv-windows-x86_64.jar\org\bytedeco\javacpp\windows-x86_64\opencv_core401.dll
0x00007ff9657d0000 - 0x00007ff965c17000 	C:\Users\Deshan\.javacpp\cache\opencv-windows-x86_64.jar\org\bytedeco\javacpp\windows-x86_64\opencv_imgproc401.dll
0x00007ff965430000 - 0x00007ff9657c9000 	C:\Users\Deshan\.javacpp\cache\opencv-windows-x86_64.jar\org\bytedeco\javacpp\windows-x86_64\jniopencv_core.dll
0x00007ff971bc0000 - 0x00007ff971d1c000 	C:\Users\Deshan\.javacpp\cache\opencv-windows-x86_64.jar\org\bytedeco\javacpp\windows-x86_64\jniopencv_imgproc.dll
0x00007ff96dac0000 - 0x00007ff96dda9000 	C:\Users\Deshan\.javacpp\cache\opencv-windows-x86_64.jar\org\bytedeco\javacpp\windows-x86_64\opencv_imgcodecs401.dll
0x00007ff98da20000 - 0x00007ff98da50000 	C:\Users\Deshan\.javacpp\cache\opencv-windows-x86_64.jar\org\bytedeco\javacpp\windows-x86_64\jniopencv_imgcodecs.dll
0x00007ff986c50000 - 0x00007ff986ccc000 	C:\Users\Deshan\.javacpp\cache\opencv-windows-x86_64.jar\org\bytedeco\javacpp\windows-x86_64\opencv_videoio401.dll
0x00007ff98d5e0000 - 0x00007ff98d7bb000 	C:\WINDOWS\SYSTEM32\MFPlat.DLL
0x00007ff968690000 - 0x00007ff96870b000 	C:\WINDOWS\SYSTEM32\MF.dll
0x00007ff968840000 - 0x00007ff968938000 	C:\WINDOWS\SYSTEM32\MFReadWrite.dll
0x00007ff96ddb0000 - 0x00007ff96e1de000 	C:\WINDOWS\SYSTEM32\MFCORE.DLL
0x00007ff99ac50000 - 0x00007ff99ae32000 	C:\WINDOWS\System32\CRYPT32.dll
0x00007ff99a4d0000 - 0x00007ff99a4e2000 	C:\WINDOWS\System32\MSASN1.dll
0x00007ff98d470000 - 0x00007ff98d479000 	C:\WINDOWS\SYSTEM32\ksuser.dll
0x00007ff99a160000 - 0x00007ff99a185000 	C:\WINDOWS\SYSTEM32\bcrypt.dll
0x00007ff999b40000 - 0x00007ff999b4b000 	C:\WINDOWS\SYSTEM32\CRYPTBASE.DLL
0x00007ff98ed40000 - 0x00007ff98ed6e000 	C:\WINDOWS\SYSTEM32\RTWorkQ.DLL
0x00007ff98d810000 - 0x00007ff98d830000 	C:\Users\Deshan\.javacpp\cache\opencv-windows-x86_64.jar\org\bytedeco\javacpp\windows-x86_64\jniopencv_videoio.dll
0x00007ff984980000 - 0x00007ff9849b4000 	C:\Users\Deshan\.javacpp\cache\opencv-windows-x86_64.jar\org\bytedeco\javacpp\windows-x86_64\opencv_highgui401.dll
0x00007ff99da40000 - 0x00007ff99db2d000 	C:\WINDOWS\System32\COMDLG32.dll
0x00007ff972120000 - 0x00007ff972171000 	C:\Users\Deshan\.javacpp\cache\opencv-windows-x86_64.jar\org\bytedeco\javacpp\windows-x86_64\jniopencv_highgui.dll
0x00007ff971b30000 - 0x00007ff971bb8000 	C:\Users\Deshan\.javacpp\cache\opencv-windows-x86_64.jar\org\bytedeco\javacpp\windows-x86_64\opencv_flann401.dll
0x00007ff97dbf0000 - 0x00007ff97dc19000 	C:\Users\Deshan\.javacpp\cache\opencv-windows-x86_64.jar\org\bytedeco\javacpp\windows-x86_64\jniopencv_flann.dll
0x00007ff96f5a0000 - 0x00007ff96f67d000 	C:\Users\Deshan\.javacpp\cache\opencv-windows-x86_64.jar\org\bytedeco\javacpp\windows-x86_64\opencv_features2d401.dll
0x00007ff9718c0000 - 0x00007ff97192b000 	C:\Users\Deshan\.javacpp\cache\opencv-windows-x86_64.jar\org\bytedeco\javacpp\windows-x86_64\jniopencv_features2d.dll
0x00007ff9665f0000 - 0x00007ff966832000 	C:\Users\Deshan\.javacpp\cache\opencv-windows-x86_64.jar\org\bytedeco\javacpp\windows-x86_64\opencv_calib3d401.dll
0x00007ff968780000 - 0x00007ff968834000 	C:\Users\Deshan\.javacpp\cache\opencv-windows-x86_64.jar\org\bytedeco\javacpp\windows-x86_64\jniopencv_calib3d.dll
0x00007ff965d70000 - 0x00007ff965e18000 	C:\Users\Deshan\.javacpp\cache\opencv-windows-x86_64.jar\org\bytedeco\javacpp\windows-x86_64\opencv_objdetect401.dll
0x00007ff96ec80000 - 0x00007ff96ed00000 	C:\Users\Deshan\.javacpp\cache\opencv-windows-x86_64.jar\org\bytedeco\javacpp\windows-x86_64\jniopencv_objdetect.dll
0x00007ff965330000 - 0x00007ff965422000 	C:\Users\Deshan\.javacpp\cache\opencv-windows-x86_64.jar\org\bytedeco\javacpp\windows-x86_64\opencv_photo401.dll
0x00007ff96e330000 - 0x00007ff96e383000 	C:\Users\Deshan\.javacpp\cache\opencv-windows-x86_64.jar\org\bytedeco\javacpp\windows-x86_64\jniopencv_photo.dll
0x00007ff965240000 - 0x00007ff965326000 	C:\Users\Deshan\.javacpp\cache\opencv-windows-x86_64.jar\org\bytedeco\javacpp\windows-x86_64\opencv_face401.dll
0x00007ff96da60000 - 0x00007ff96dab3000 	C:\Users\Deshan\.javacpp\cache\opencv-windows-x86_64.jar\org\bytedeco\javacpp\windows-x86_64\jniopencv_face.dll
0x00007ff99b650000 - 0x00007ff99b6f0000 	C:\WINDOWS\System32\clbcatq.dll
0x00007ff995fa0000 - 0x00007ff99614e000 	C:\WINDOWS\SYSTEM32\WindowsCodecs.dll

VM Arguments:
jvm_args: -Dfile.encoding=UTF-8 
java_command: prison_management.Main
java_class_path (initial): C:\Java\webcam-capture-0.3.10-dist\webcam-capture-0.3.13-20180618.102645-4.jar;C:\Java\webcam-capture-0.3.10-dist\libs\bridj-0.6.2.jar;C:\Java\webcam-capture-0.3.10-dist\libs\slf4j-api-1.7.2.jar;C:\Users\Deshan\Downloads\jdbc.jar\sqlite-jdbc-3.23.1.jar;C:\javacv\ffmpeg-platform.jar;C:\javacv\ffmpeg-windows-x86_64.jar;C:\javacv\ffmpeg.jar;C:\javacv\javacpp.jar;C:\javacv\javacv-platform.jar;C:\javacv\javacv.jar;C:\javacv\opencv-platform.jar;C:\javacv\opencv-windows-x86_64.jar;C:\javacv\opencv.jar;C:\Java\prison_management\build\classes
Launcher Type: SUN_STANDARD

Environment Variables:
PATH=C:\Program Files (x86)\Intel\iCLS Client\;C:\Program Files\Intel\iCLS Client\;C:\WINDOWS\system32;C:\WINDOWS;C:\WINDOWS\System32\Wbem;C:\WINDOWS\System32\WindowsPowerShell\v1.0\;C:\Program Files (x86)\Intel\Intel(R) Management Engine Components\DAL;C:\Program Files\Intel\Intel(R) Management Engine Components\DAL;C:\Program Files (x86)\Intel\Intel(R) Management Engine Components\IPT;C:\Program Files\Intel\Intel(R) Management Engine Components\IPT;C:\Program Files\Java\jdk1.8.0_161\bin;C:\cygwin64;C:\WINDOWS\System32\OpenSSH\;"C:\Program Files\Java\jdk1.8.0_161\bin;";C:\Program Files\Intel\WiFi\bin\;C:\Program Files\Common Files\Intel\WirelessCommon\;C:\Program Files (x86)\Microsoft SQL Server\100\Tools\Binn\;C:\Program Files\Microsoft SQL Server\100\Tools\Binn\;C:\Program Files\Microsoft SQL Server\100\DTS\Binn\;C:\opencv\opencv\build\x64\vc15\bin;C:\Users\Deshan\AppData\Local\Programs\Python\Python36-32;C:\Users\Deshan\AppData\Local\Programs\Python\Python36-32\Scripts;C:\Users\Deshan\AppData\Local\Programs\Python\Python36-32\Scripts\;C:\Users\Deshan\AppData\Local\Programs\Python\Python36-32\;C:\Users\Deshan\AppData\Local\Microsoft\WindowsApps;C:\Program Files\Intel\WiFi\bin\;C:\Program Files\Common Files\Intel\WirelessCommon\;
USERNAME=Deshan
OS=Windows_NT
PROCESSOR_IDENTIFIER=Intel64 Family 6 Model 142 Stepping 9, GenuineIntel



---------------  S Y S T E M  ---------------

OS: Windows 10.0 , 64 bit Build 17134 (10.0.17134.556)

CPU:total 4 (initial active 4) (2 cores per cpu, 2 threads per core) family 6 model 142 stepping 9, cmov, cx8, fxsr, mmx, sse, sse2, sse3, ssse3, sse4.1, sse4.2, popcnt, avx, avx2, aes, clmul, erms, 3dnowpref, lzcnt, ht, tsc, tscinvbit, bmi1, bmi2, adx

Memory: 4k page, physical 12496808k(7530380k free), swap 13283240k(7753604k free)

vm_info: Java HotSpot(TM) 64-Bit Server VM (25.191-b12) for windows-amd64 JRE (1.8.0_191-b12), built on Oct  6 2018 09:29:03 by "java_re" with MS VC++ 10.0 (VS2010)

time: Tue Mar 05 13:54:56 2019
elapsed time: 14 seconds (0d 0h 0m 14s)

