#
# A fatal error has been detected by the Java Runtime Environment:
#
#  EXCEPTION_ACCESS_VIOLATION (0xc0000005) at pc=0x00007ff9652a1e86, pid=11676, tid=0x0000000000002e28
#
# JRE version: Java(TM) SE Runtime Environment (8.0_191-b12) (build 1.8.0_191-b12)
# Java VM: Java HotSpot(TM) 64-Bit Server VM (25.191-b12 mixed mode windows-amd64 compressed oops)
# Problematic frame:
# C  [opencv_face401.dll+0x61e86]
#
# Failed to write core dump. Minidumps are not enabled by default on client versions of Windows
#
# If you would like to submit a bug report, please visit:
#   http://bugreport.java.com/bugreport/crash.jsp
# The crash happened outside the Java Virtual Machine in native code.
# See problematic frame for where to report the bug.
#

---------------  T H R E A D  ---------------

Current thread (0x000000001f406000):  JavaThread "Thread-2" daemon [_thread_in_native, id=11816, stack(0x000000002a1b0000,0x000000002a2b0000)]

siginfo: ExceptionCode=0xc0000005, reading address 0x000000001f07f000

Registers:
RAX=0x00007ff9652d6558, RBX=0x0000000000000000, RCX=0x0000000022076a20, RDX=0x000000001f07f000
RSP=0x000000002a2af2f0, RBP=0x000000002a2af3f0, RSI=0x0000000000000220, RDI=0x0000000000f5aaa0
R8 =0x0000000000000000, R9 =0x00007ff9657d15c0, R10=0x0000000000000001, R11=0x000000002a2af2b0
R12=0x000000002a2af578, R13=0x2aaaaaaaaaaaaaab, R14=0x00000000ffffffff, R15=0x000000000000cc00
RIP=0x00007ff9652a1e86, EFLAGS=0x0000000000010202

Top of Stack: (sp=0x000000002a2af2f0)
0x000000002a2af2f0:   0000000000000000 0000000000000226
0x000000002a2af300:   0000000000000000 00000000226b4a80
0x000000002a2af310:   0000000000000008 0000000000000001
0x000000002a2af320:   0000000001010000 000000002a2af470
0x000000002a2af330:   0000000000000000 0000000000000002
0x000000002a2af340:   0000000001010000 000000002a2af410
0x000000002a2af350:   0000000000000000 0000000000000011
0x000000002a2af360:   0000000001010000 000000002a2af3b0
0x000000002a2af370:   0000000000000000 000000001d626320
0x000000002a2af380:   0000000001010000 00000000257ef760
0x000000002a2af390:   0000000000000000 000000001d626320
0x000000002a2af3a0:   fffffffffffffffe 000000002a2af578
0x000000002a2af3b0:   0000000242ff4005 0000400000000001
0x000000002a2af3c0:   00000000224df180 00000000224df180
0x000000002a2af3d0:   00000000224ef180 00000000224ef180
0x000000002a2af3e0:   0000000000000000 00000000221a1080 

Instructions: (pc=0x00007ff9652a1e86)
0x00007ff9652a1e66:   c0 48 8d 14 82 48 03 57 58 eb 0b 48 63 ce 48 8b
0x00007ff9652a1e76:   47 58 48 8d 14 88 49 8b 0c 24 48 8b 01 0f 28 d0
0x00007ff9652a1e86:   8b 12 ff 50 10 84 c0 74 31 48 ff c6 49 83 c7 60
0x00007ff9652a1e96:   48 8b 4f 38 48 2b 4f 30 49 8b c5 48 f7 e9 48 c1 


Register to memory mapping:

RAX=0x00007ff9652d6558 is an unknown value
RBX=0x0000000000000000 is an unknown value
RCX=0x0000000022076a20 is an unknown value
RDX=0x000000001f07f000 is an unknown value
RSP=0x000000002a2af2f0 is pointing into the stack for thread: 0x000000001f406000
RBP=0x000000002a2af3f0 is pointing into the stack for thread: 0x000000001f406000
RSI=0x0000000000000220 is an unknown value
RDI=0x0000000000f5aaa0 is an unknown value
R8 =0x0000000000000000 is an unknown value
R9 =0x00007ff9657d15c0 is an unknown value
R10=0x0000000000000001 is an unknown value
R11=0x000000002a2af2b0 is pointing into the stack for thread: 0x000000001f406000
R12=0x000000002a2af578 is pointing into the stack for thread: 0x000000001f406000
R13=0x2aaaaaaaaaaaaaab is an unknown value
R14=0x00000000ffffffff is an unknown value
R15=0x000000000000cc00 is an unknown value


Stack: [0x000000002a1b0000,0x000000002a2b0000],  sp=0x000000002a2af2f0,  free space=1020k
Native frames: (J=compiled Java code, j=interpreted, Vv=VM code, C=native code)
C  [opencv_face401.dll+0x61e86]
C  [opencv_face401.dll+0x56e31]
C  [jniopencv_face.dll+0x15209]
C  0x0000000002ed8c67

Java frames: (J=compiled Java code, j=interpreted, Vv=VM code)
j  org.bytedeco.javacpp.opencv_face$FaceRecognizer.predict(Lorg/bytedeco/javacpp/opencv_core$Mat;Lorg/bytedeco/javacpp/IntPointer;Lorg/bytedeco/javacpp/DoublePointer;)V+0
j  prison_management.Main$DaemonThread.run()V+245
j  java.lang.Thread.run()V+11
v  ~StubRoutines::call_stub

---------------  P R O C E S S  ---------------

Java Threads: ( => current thread )
  0x000000001f46e000 JavaThread "Thread-3" daemon [_thread_in_native, id=12212, stack(0x000000002e840000,0x000000002e940000)]
=>0x000000001f406000 JavaThread "Thread-2" daemon [_thread_in_native, id=11816, stack(0x000000002a1b0000,0x000000002a2b0000)]
  0x000000001fb7f000 JavaThread "TimerQueue" daemon [_thread_blocked, id=2448, stack(0x0000000020ee0000,0x0000000020fe0000)]
  0x000000001c2e6800 JavaThread "JavaCPP Deallocator" daemon [_thread_blocked, id=11556, stack(0x000000001d140000,0x000000001d240000)]
  0x0000000002dbe000 JavaThread "DestroyJavaVM" [_thread_blocked, id=11764, stack(0x0000000002ca0000,0x0000000002da0000)]
  0x000000001c278000 JavaThread "AWT-EventQueue-0" [_thread_blocked, id=11864, stack(0x000000001d040000,0x000000001d140000)]
  0x000000001c262000 JavaThread "AWT-Windows" daemon [_thread_in_native, id=12252, stack(0x000000001ca00000,0x000000001cb00000)]
  0x000000001c25f800 JavaThread "AWT-Shutdown" [_thread_blocked, id=12196, stack(0x000000001c900000,0x000000001ca00000)]
  0x000000001c25e800 JavaThread "Java2D Disposer" daemon [_thread_blocked, id=7016, stack(0x000000001c800000,0x000000001c900000)]
  0x0000000019fde000 JavaThread "Service Thread" daemon [_thread_blocked, id=9852, stack(0x000000001bcc0000,0x000000001bdc0000)]
  0x0000000019f9d000 JavaThread "C1 CompilerThread2" daemon [_thread_blocked, id=11812, stack(0x000000001b7c0000,0x000000001b8c0000)]
  0x0000000019f8a000 JavaThread "C2 CompilerThread1" daemon [_thread_blocked, id=5752, stack(0x000000001b6c0000,0x000000001b7c0000)]
  0x0000000019f85000 JavaThread "C2 CompilerThread0" daemon [_thread_blocked, id=11404, stack(0x000000001b5c0000,0x000000001b6c0000)]
  0x0000000019f84000 JavaThread "Attach Listener" daemon [_thread_blocked, id=11308, stack(0x000000001b4c0000,0x000000001b5c0000)]
  0x0000000019f82800 JavaThread "Signal Dispatcher" daemon [_thread_blocked, id=12168, stack(0x000000001b3c0000,0x000000001b4c0000)]
  0x0000000002ebb800 JavaThread "Finalizer" daemon [_thread_blocked, id=11696, stack(0x000000001b1d0000,0x000000001b2d0000)]
  0x0000000002eb2000 JavaThread "Reference Handler" daemon [_thread_blocked, id=12180, stack(0x000000001b0d0000,0x000000001b1d0000)]

Other Threads:
  0x0000000019f47800 VMThread [stack: 0x000000001afd0000,0x000000001b0d0000] [id=11416]
  0x000000001b90a800 WatcherThread [stack: 0x000000001bdc0000,0x000000001bec0000] [id=11780]

VM state:not at safepoint (normal execution)

VM Mutex/Monitor currently owned by a thread: None

Heap:
 PSYoungGen      total 178176K, used 104758K [0x0000000780700000, 0x0000000798a00000, 0x00000007c0000000)
  eden space 175104K, 58% used [0x0000000780700000,0x0000000786a5c698,0x000000078b200000)
  from space 3072K, 98% used [0x0000000798700000,0x00000007989f13d8,0x0000000798a00000)
  to   space 4096K, 0% used [0x0000000798200000,0x0000000798200000,0x0000000798600000)
 ParOldGen       total 131072K, used 7322K [0x0000000701400000, 0x0000000709400000, 0x0000000780700000)
  object space 131072K, 5% used [0x0000000701400000,0x0000000701b269b8,0x0000000709400000)
 Metaspace       used 18000K, capacity 18252K, committed 18432K, reserved 1064960K
  class space    used 2129K, capacity 2216K, committed 2304K, reserved 1048576K

Card table byte_map: [0x0000000012280000,0x0000000012880000] byte_map_base: 0x000000000ea76000

Marking Bits: (ParMarkBitMap*) 0x000000005a0e3e30
 Begin Bits: [0x0000000013080000, 0x0000000016030000)
 End Bits:   [0x0000000016030000, 0x0000000018fe0000)

Polling page: 0x0000000000ec0000

CodeCache: size=245760Kb used=7158Kb max_used=7158Kb free=238602Kb
 bounds [0x0000000002ec0000, 0x00000000035d0000, 0x0000000011ec0000]
 total_blobs=2342 nmethods=1672 adapters=582
 compilation: enabled

Compilation events (10 events):
Event: 10.759 Thread 0x0000000019f9d000 nmethod 1655 0x00000000035b9e50 code [0x00000000035b9fa0, 0x00000000035ba0b0]
Event: 10.766 Thread 0x0000000019f8a000 nmethod 1654 0x00000000035bd750 code [0x00000000035bd9a0, 0x00000000035be3c8]
Event: 10.798 Thread 0x0000000019f9d000 1656       3       java.util.concurrent.locks.ReentrantLock$Sync::nonfairTryAcquire (67 bytes)
Event: 10.799 Thread 0x0000000019f9d000 nmethod 1656 0x00000000035bccd0 code [0x00000000035bce60, 0x00000000035bd5a8]
Event: 10.853 Thread 0x0000000019f85000 1657   !   4       sun.misc.URLClassPath$FileLoader::getResource (164 bytes)
Event: 10.870 Thread 0x0000000019f8a000 1658       4       java.util.zip.ZipEntry::setExtra0 (360 bytes)
Event: 10.871 Thread 0x0000000019f8a000 nmethod 1658 0x0000000003551f10 code [0x0000000003552040, 0x00000000035520b8]
Event: 10.879 Thread 0x0000000019f85000 nmethod 1657 0x00000000035c07d0 code [0x00000000035c09e0, 0x00000000035c1860]
Event: 10.894 Thread 0x0000000019f8a000 1659  s    4       java.util.Vector::elementAt (48 bytes)
Event: 10.895 Thread 0x0000000019f8a000 nmethod 1659 0x00000000035bae50 code [0x00000000035bafa0, 0x00000000035bb218]

GC Heap History (10 events):
Event: 1.681 GC heap before
{Heap before GC invocations=6 (full 0):
 PSYoungGen      total 106496K, used 100570K [0x0000000780700000, 0x000000078cd00000, 0x00000007c0000000)
  eden space 98304K, 100% used [0x0000000780700000,0x0000000786700000,0x0000000786700000)
  from space 8192K, 27% used [0x0000000786700000,0x0000000786936b48,0x0000000786f00000)
  to   space 3072K, 0% used [0x000000078ca00000,0x000000078ca00000,0x000000078cd00000)
 ParOldGen       total 131072K, used 40K [0x0000000701400000, 0x0000000709400000, 0x0000000780700000)
  object space 131072K, 0% used [0x0000000701400000,0x000000070140a000,0x0000000709400000)
 Metaspace       used 12229K, capacity 12446K, committed 12544K, reserved 1060864K
  class space    used 1355K, capacity 1439K, committed 1536K, reserved 1048576K
Event: 1.684 GC heap after
Heap after GC invocations=6 (full 0):
 PSYoungGen      total 199680K, used 2192K [0x0000000780700000, 0x000000078cd00000, 0x00000007c0000000)
  eden space 196608K, 0% used [0x0000000780700000,0x0000000780700000,0x000000078c700000)
  from space 3072K, 71% used [0x000000078ca00000,0x000000078cc241f8,0x000000078cd00000)
  to   space 3072K, 0% used [0x000000078c700000,0x000000078c700000,0x000000078ca00000)
 ParOldGen       total 131072K, used 48K [0x0000000701400000, 0x0000000709400000, 0x0000000780700000)
  object space 131072K, 0% used [0x0000000701400000,0x000000070140c000,0x0000000709400000)
 Metaspace       used 12229K, capacity 12446K, committed 12544K, reserved 1060864K
  class space    used 1355K, capacity 1439K, committed 1536K, reserved 1048576K
}
Event: 2.176 GC heap before
{Heap before GC invocations=7 (full 0):
 PSYoungGen      total 199680K, used 198800K [0x0000000780700000, 0x000000078cd00000, 0x00000007c0000000)
  eden space 196608K, 100% used [0x0000000780700000,0x000000078c700000,0x000000078c700000)
  from space 3072K, 71% used [0x000000078ca00000,0x000000078cc241f8,0x000000078cd00000)
  to   space 3072K, 0% used [0x000000078c700000,0x000000078c700000,0x000000078ca00000)
 ParOldGen       total 131072K, used 48K [0x0000000701400000, 0x0000000709400000, 0x0000000780700000)
  object space 131072K, 0% used [0x0000000701400000,0x000000070140c000,0x0000000709400000)
 Metaspace       used 12648K, capacity 12868K, committed 13056K, reserved 1060864K
  class space    used 1405K, capacity 1472K, committed 1536K, reserved 1048576K
Event: 2.180 GC heap after
Heap after GC invocations=7 (full 0):
 PSYoungGen      total 199680K, used 403K [0x0000000780700000, 0x0000000798d00000, 0x00000007c0000000)
  eden space 196608K, 0% used [0x0000000780700000,0x0000000780700000,0x000000078c700000)
  from space 3072K, 13% used [0x000000078c700000,0x000000078c764da0,0x000000078ca00000)
  to   space 3072K, 0% used [0x0000000798a00000,0x0000000798a00000,0x0000000798d00000)
 ParOldGen       total 131072K, used 2004K [0x0000000701400000, 0x0000000709400000, 0x0000000780700000)
  object space 131072K, 1% used [0x0000000701400000,0x00000007015f5060,0x0000000709400000)
 Metaspace       used 12648K, capacity 12868K, committed 13056K, reserved 1060864K
  class space    used 1405K, capacity 1472K, committed 1536K, reserved 1048576K
}
Event: 2.804 GC heap before
{Heap before GC invocations=8 (full 0):
 PSYoungGen      total 199680K, used 197011K [0x0000000780700000, 0x0000000798d00000, 0x00000007c0000000)
  eden space 196608K, 100% used [0x0000000780700000,0x000000078c700000,0x000000078c700000)
  from space 3072K, 13% used [0x000000078c700000,0x000000078c764da0,0x000000078ca00000)
  to   space 3072K, 0% used [0x0000000798a00000,0x0000000798a00000,0x0000000798d00000)
 ParOldGen       total 131072K, used 2004K [0x0000000701400000, 0x0000000709400000, 0x0000000780700000)
  object space 131072K, 1% used [0x0000000701400000,0x00000007015f5060,0x0000000709400000)
 Metaspace       used 12822K, capacity 13028K, committed 13312K, reserved 1060864K
  class space    used 1433K, capacity 1504K, committed 1536K, reserved 1048576K
Event: 2.805 GC heap after
Heap after GC invocations=8 (full 0):
 PSYoungGen      total 189440K, used 376K [0x0000000780700000, 0x0000000798a80000, 0x00000007c0000000)
  eden space 188928K, 0% used [0x0000000780700000,0x0000000780700000,0x000000078bf80000)
  from space 512K, 73% used [0x0000000798a00000,0x0000000798a5e1a8,0x0000000798a80000)
  to   space 3584K, 0% used [0x0000000798380000,0x0000000798380000,0x0000000798700000)
 ParOldGen       total 131072K, used 2020K [0x0000000701400000, 0x0000000709400000, 0x0000000780700000)
  object space 131072K, 1% used [0x0000000701400000,0x00000007015f9060,0x0000000709400000)
 Metaspace       used 12822K, capacity 13028K, committed 13312K, reserved 1060864K
  class space    used 1433K, capacity 1504K, committed 1536K, reserved 1048576K
}
Event: 3.250 GC heap before
{Heap before GC invocations=9 (full 0):
 PSYoungGen      total 189440K, used 189304K [0x0000000780700000, 0x0000000798a80000, 0x00000007c0000000)
  eden space 188928K, 100% used [0x0000000780700000,0x000000078bf80000,0x000000078bf80000)
  from space 512K, 73% used [0x0000000798a00000,0x0000000798a5e1a8,0x0000000798a80000)
  to   space 3584K, 0% used [0x0000000798380000,0x0000000798380000,0x0000000798700000)
 ParOldGen       total 131072K, used 2020K [0x0000000701400000, 0x0000000709400000, 0x0000000780700000)
  object space 131072K, 1% used [0x0000000701400000,0x00000007015f9060,0x0000000709400000)
 Metaspace       used 12899K, capacity 13124K, committed 13312K, reserved 1060864K
  class space    used 1446K, capacity 1536K, committed 1536K, reserved 1048576K
Event: 3.250 GC heap after
Heap after GC invocations=9 (full 0):
 PSYoungGen      total 185344K, used 192K [0x0000000780700000, 0x0000000798a80000, 0x00000007c0000000)
  eden space 181760K, 0% used [0x0000000780700000,0x0000000780700000,0x000000078b880000)
  from space 3584K, 5% used [0x0000000798380000,0x00000007983b0000,0x0000000798700000)
  to   space 3584K, 0% used [0x0000000798700000,0x0000000798700000,0x0000000798a80000)
 ParOldGen       total 131072K, used 2116K [0x0000000701400000, 0x0000000709400000, 0x0000000780700000)
  object space 131072K, 1% used [0x0000000701400000,0x0000000701611060,0x0000000709400000)
 Metaspace       used 12899K, capacity 13124K, committed 13312K, reserved 1060864K
  class space    used 1446K, capacity 1536K, committed 1536K, reserved 1048576K
}
Event: 10.675 GC heap before
{Heap before GC invocations=10 (full 0):
 PSYoungGen      total 185344K, used 181952K [0x0000000780700000, 0x0000000798a80000, 0x00000007c0000000)
  eden space 181760K, 100% used [0x0000000780700000,0x000000078b880000,0x000000078b880000)
  from space 3584K, 5% used [0x0000000798380000,0x00000007983b0000,0x0000000798700000)
  to   space 3584K, 0% used [0x0000000798700000,0x0000000798700000,0x0000000798a80000)
 ParOldGen       total 131072K, used 2116K [0x0000000701400000, 0x0000000709400000, 0x0000000780700000)
  object space 131072K, 1% used [0x0000000701400000,0x0000000701611060,0x0000000709400000)
 Metaspace       used 17957K, capacity 18188K, committed 18432K, reserved 1064960K
  class space    used 2124K, capacity 2216K, committed 2304K, reserved 1048576K
Event: 10.678 GC heap after
Heap after GC invocations=10 (full 0):
 PSYoungGen      total 178176K, used 3012K [0x0000000780700000, 0x0000000798a00000, 0x00000007c0000000)
  eden space 175104K, 0% used [0x0000000780700000,0x0000000780700000,0x000000078b200000)
  from space 3072K, 98% used [0x0000000798700000,0x00000007989f13d8,0x0000000798a00000)
  to   space 4096K, 0% used [0x0000000798200000,0x0000000798200000,0x0000000798600000)
 ParOldGen       total 131072K, used 7322K [0x0000000701400000, 0x0000000709400000, 0x0000000780700000)
  object space 131072K, 5% used [0x0000000701400000,0x0000000701b269b8,0x0000000709400000)
 Metaspace       used 17957K, capacity 18188K, committed 18432K, reserved 1064960K
  class space    used 2124K, capacity 2216K, committed 2304K, reserved 1048576K
}

Deoptimization events (10 events):
Event: 3.340 Thread 0x000000001c262000 Uncommon trap: reason=class_check action=maybe_recompile pc=0x00000000033d0e30 method=java.util.HashMap.putVal(ILjava/lang/Object;Ljava/lang/Object;ZZ)Ljava/lang/Object; @ 203
Event: 3.340 Thread 0x000000001c262000 Uncommon trap: reason=class_check action=maybe_recompile pc=0x00000000033d0e30 method=java.util.HashMap.putVal(ILjava/lang/Object;Ljava/lang/Object;ZZ)Ljava/lang/Object; @ 203
Event: 3.395 Thread 0x000000001c278000 Uncommon trap: reason=unstable_if action=reinterpret pc=0x00000000032f69e8 method=java.io.File.getName()Ljava/lang/String; @ 16
Event: 3.395 Thread 0x000000001c278000 Uncommon trap: reason=unstable_if action=reinterpret pc=0x00000000032be3e4 method=java.lang.String.substring(I)Ljava/lang/String; @ 35
Event: 3.408 Thread 0x000000001c278000 Uncommon trap: reason=predicate action=maybe_recompile pc=0x00000000031fa328 method=java.lang.String.regionMatches(ZILjava/lang/String;II)Z @ 63
Event: 3.489 Thread 0x000000001c278000 Uncommon trap: reason=unstable_if action=reinterpret pc=0x00000000031999fc method=java.io.WinNTFileSystem.normalize(Ljava/lang/String;II)Ljava/lang/String; @ 103
Event: 3.501 Thread 0x000000001c278000 Uncommon trap: reason=unstable_if action=reinterpret pc=0x00000000030c6b5c method=java.lang.String.indexOf([CII[CIII)I @ 3
Event: 3.501 Thread 0x000000001c278000 Uncommon trap: reason=class_check action=maybe_recompile pc=0x00000000033d2258 method=java.util.AbstractList$Itr.hasNext()Z @ 8
Event: 3.666 Thread 0x000000001c278000 Uncommon trap: reason=unstable_if action=reinterpret pc=0x000000000349fb4c method=org.sqlite.SQLiteJDBCLoader.contentsEquals(Ljava/io/InputStream;Ljava/io/InputStream;)Z @ 39
Event: 3.754 Thread 0x000000001c278000 Uncommon trap: reason=unstable_if action=reinterpret pc=0x0000000003160b24 method=java.io.WinNTFileSystem.normalize(Ljava/lang/String;II)Ljava/lang/String; @ 103

Classes redefined (0 events):
No events

Internal exceptions (10 events):
Event: 0.094 Thread 0x0000000002dbe000 Exception <a 'java/security/PrivilegedActionException'> (0x000000078094c348) thrown at [C:\re\workspace\8-2-build-windows-amd64-cygwin\jdk8u191\11896\hotspot\src\share\vm\prims\jvm.cpp, line 1435]
Event: 0.094 Thread 0x0000000002dbe000 Exception <a 'java/security/PrivilegedActionException'> (0x000000078094c558) thrown at [C:\re\workspace\8-2-build-windows-amd64-cygwin\jdk8u191\11896\hotspot\src\share\vm\prims\jvm.cpp, line 1435]
Event: 0.140 Thread 0x0000000002dbe000 Exception <a 'java/security/PrivilegedActionException'> (0x00000007809e5cc0) thrown at [C:\re\workspace\8-2-build-windows-amd64-cygwin\jdk8u191\11896\hotspot\src\share\vm\prims\jvm.cpp, line 1435]
Event: 0.140 Thread 0x0000000002dbe000 Exception <a 'java/security/PrivilegedActionException'> (0x00000007809e5ed0) thrown at [C:\re\workspace\8-2-build-windows-amd64-cygwin\jdk8u191\11896\hotspot\src\share\vm\prims\jvm.cpp, line 1435]
Event: 0.140 Thread 0x0000000002dbe000 Exception <a 'java/security/PrivilegedActionException'> (0x00000007809e9de0) thrown at [C:\re\workspace\8-2-build-windows-amd64-cygwin\jdk8u191\11896\hotspot\src\share\vm\prims\jvm.cpp, line 1435]
Event: 0.140 Thread 0x0000000002dbe000 Exception <a 'java/security/PrivilegedActionException'> (0x00000007809e9ff0) thrown at [C:\re\workspace\8-2-build-windows-amd64-cygwin\jdk8u191\11896\hotspot\src\share\vm\prims\jvm.cpp, line 1435]
Event: 0.144 Thread 0x0000000002dbe000 Exception <a 'java/io/FileNotFoundException'> (0x00000007809ec0d0) thrown at [C:\re\workspace\8-2-build-windows-amd64-cygwin\jdk8u191\11896\hotspot\src\share\vm\prims\jni.cpp, line 709]
Event: 0.170 Thread 0x0000000002dbe000 Exception <a 'java/lang/NoSuchFieldError': method resolution failed> (0x0000000780abc780) thrown at [C:\re\workspace\8-2-build-windows-amd64-cygwin\jdk8u191\11896\hotspot\src\share\vm\prims\methodHandles.cpp, line 1167]
Event: 0.171 Thread 0x0000000002dbe000 Exception <a 'java/lang/NoSuchFieldError': method resolution failed> (0x0000000780ac9ad0) thrown at [C:\re\workspace\8-2-build-windows-amd64-cygwin\jdk8u191\11896\hotspot\src\share\vm\prims\methodHandles.cpp, line 1167]
Event: 0.225 Thread 0x0000000002dbe000 Exception <a 'java/io/FileNotFoundException'> (0x0000000780bb1288) thrown at [C:\re\workspace\8-2-build-windows-amd64-cygwin\jdk8u191\11896\hotspot\src\share\vm\prims\jni.cpp, line 709]

Events (10 events):
Event: 8.872 loading class javax/swing/Timer$1
Event: 8.873 loading class javax/swing/Timer$1 done
Event: 10.675 Executing VM operation: ParallelGCFailedAllocation
Event: 10.679 Executing VM operation: ParallelGCFailedAllocation done
Event: 10.679 Executing VM operation: RevokeBias
Event: 10.679 Executing VM operation: RevokeBias done
Event: 10.679 loading class org/sqlite/SQLiteErrorCode
Event: 10.679 loading class org/sqlite/SQLiteErrorCode done
Event: 10.680 loading class java/sql/SQLWarning
Event: 10.681 loading class java/sql/SQLWarning done


Dynamic libraries:
0x00007ff769c70000 - 0x00007ff769ca7000 	C:\Program Files\Java\jdk1.8.0_161\bin\java.exe
0x00007ff99e1f0000 - 0x00007ff99e3d1000 	C:\WINDOWS\SYSTEM32\ntdll.dll
0x00007ff99b970000 - 0x00007ff99ba22000 	C:\WINDOWS\System32\KERNEL32.DLL
0x00007ff99a590000 - 0x00007ff99a803000 	C:\WINDOWS\System32\KERNELBASE.dll
0x00007ff99c350000 - 0x00007ff99c3f1000 	C:\WINDOWS\System32\ADVAPI32.dll
0x00007ff99c0a0000 - 0x00007ff99c13e000 	C:\WINDOWS\System32\msvcrt.dll
0x00007ff99c2f0000 - 0x00007ff99c34b000 	C:\WINDOWS\System32\sechost.dll
0x00007ff99d890000 - 0x00007ff99d9b4000 	C:\WINDOWS\System32\RPCRT4.dll
0x00007ff99dc00000 - 0x00007ff99dd90000 	C:\WINDOWS\System32\USER32.dll
0x00007ff99a810000 - 0x00007ff99a830000 	C:\WINDOWS\System32\win32u.dll
0x00007ff99c140000 - 0x00007ff99c168000 	C:\WINDOWS\System32\GDI32.dll
0x00007ff99a830000 - 0x00007ff99a9c2000 	C:\WINDOWS\System32\gdi32full.dll
0x00007ff99aa80000 - 0x00007ff99ab1f000 	C:\WINDOWS\System32\msvcp_win.dll
0x00007ff99ae40000 - 0x00007ff99af3a000 	C:\WINDOWS\System32\ucrtbase.dll
0x00007ff98b710000 - 0x00007ff98b979000 	C:\WINDOWS\WinSxS\amd64_microsoft.windows.common-controls_6595b64144ccf1df_6.0.17134.590_none_fb3d9bff3069e088\COMCTL32.dll
0x00007ff99dd90000 - 0x00007ff99e0b2000 	C:\WINDOWS\System32\combase.dll
0x00007ff99ab20000 - 0x00007ff99ab9a000 	C:\WINDOWS\System32\bcryptPrimitives.dll
0x00007ff99c410000 - 0x00007ff99c43d000 	C:\WINDOWS\System32\IMM32.DLL
0x00000000597e0000 - 0x00000000598b2000 	C:\Program Files\Java\jdk1.8.0_161\jre\bin\msvcr100.dll
0x00000000598c0000 - 0x000000005a164000 	C:\Program Files\Java\jdk1.8.0_161\jre\bin\server\jvm.dll
0x00007ff99c400000 - 0x00007ff99c408000 	C:\WINDOWS\System32\PSAPI.DLL
0x00007ff98b990000 - 0x00007ff98b99a000 	C:\WINDOWS\SYSTEM32\VERSION.dll
0x00007ff998c00000 - 0x00007ff998c09000 	C:\WINDOWS\SYSTEM32\WSOCK32.dll
0x00007ff9982a0000 - 0x00007ff9982c3000 	C:\WINDOWS\SYSTEM32\WINMM.dll
0x00007ff99e0c0000 - 0x00007ff99e12c000 	C:\WINDOWS\System32\WS2_32.dll
0x00007ff998230000 - 0x00007ff99825a000 	C:\WINDOWS\SYSTEM32\winmmbase.dll
0x00007ff99aba0000 - 0x00007ff99abe9000 	C:\WINDOWS\System32\cfgmgr32.dll
0x000000005a560000 - 0x000000005a56f000 	C:\Program Files\Java\jdk1.8.0_161\jre\bin\verify.dll
0x00000000597b0000 - 0x00000000597d9000 	C:\Program Files\Java\jdk1.8.0_161\jre\bin\java.dll
0x0000000059790000 - 0x00000000597a6000 	C:\Program Files\Java\jdk1.8.0_161\jre\bin\zip.dll
0x00007ff99c450000 - 0x00007ff99d890000 	C:\WINDOWS\System32\SHELL32.dll
0x00007ff99be80000 - 0x00007ff99bf29000 	C:\WINDOWS\System32\shcore.dll
0x00007ff99af40000 - 0x00007ff99b64d000 	C:\WINDOWS\System32\windows.storage.dll
0x00007ff99e130000 - 0x00007ff99e181000 	C:\WINDOWS\System32\shlwapi.dll
0x00007ff99a500000 - 0x00007ff99a511000 	C:\WINDOWS\System32\kernel.appcore.dll
0x00007ff99a520000 - 0x00007ff99a53f000 	C:\WINDOWS\System32\profapi.dll
0x00007ff99a540000 - 0x00007ff99a58c000 	C:\WINDOWS\System32\powrprof.dll
0x00007ff99a4f0000 - 0x00007ff99a4fa000 	C:\WINDOWS\System32\FLTLIB.DLL
0x00000000595b0000 - 0x0000000059749000 	C:\Program Files\Java\jdk1.8.0_161\jre\bin\awt.dll
0x00007ff99db30000 - 0x00007ff99dbf3000 	C:\WINDOWS\System32\OLEAUT32.dll
0x00007ff998390000 - 0x00007ff99841b000 	C:\WINDOWS\SYSTEM32\apphelp.dll
0x00007ff998510000 - 0x00007ff9985a8000 	C:\WINDOWS\system32\uxtheme.dll
0x00007ff99c170000 - 0x00007ff99c2e3000 	C:\WINDOWS\System32\MSCTF.dll
0x00007ff9986d0000 - 0x00007ff9986f9000 	C:\WINDOWS\system32\dwmapi.dll
0x00007ff99bf40000 - 0x00007ff99c091000 	C:\WINDOWS\System32\ole32.dll
0x00007ff9814b0000 - 0x00007ff9815d0000 	C:\WINDOWS\system32\opengl32.dll
0x00007ff984bc0000 - 0x00007ff984bec000 	C:\WINDOWS\SYSTEM32\GLU32.dll
0x0000000059560000 - 0x00000000595a7000 	C:\Program Files\Java\jdk1.8.0_161\jre\bin\fontmanager.dll
0x0000000059770000 - 0x000000005978a000 	C:\Program Files\Java\jdk1.8.0_161\jre\bin\net.dll
0x00007ff999990000 - 0x00007ff9999f6000 	C:\WINDOWS\system32\mswsock.dll
0x0000000059750000 - 0x0000000059761000 	C:\Program Files\Java\jdk1.8.0_161\jre\bin\nio.dll
0x0000000002c60000 - 0x0000000002c63000 	C:\Users\Deshan\.javacpp\cache\opencv-windows-x86_64.jar\org\bytedeco\javacpp\windows-x86_64\api-ms-win-crt-locale-l1-1-0.dll
0x0000000002c70000 - 0x0000000002c74000 	C:\Users\Deshan\.javacpp\cache\opencv-windows-x86_64.jar\org\bytedeco\javacpp\windows-x86_64\api-ms-win-crt-string-l1-1-0.dll
0x0000000002c80000 - 0x0000000002c84000 	C:\Users\Deshan\.javacpp\cache\opencv-windows-x86_64.jar\org\bytedeco\javacpp\windows-x86_64\api-ms-win-crt-stdio-l1-1-0.dll
0x0000000002da0000 - 0x0000000002da5000 	C:\Users\Deshan\.javacpp\cache\opencv-windows-x86_64.jar\org\bytedeco\javacpp\windows-x86_64\api-ms-win-crt-math-l1-1-0.dll
0x000000001cb00000 - 0x000000001cb03000 	C:\Users\Deshan\.javacpp\cache\opencv-windows-x86_64.jar\org\bytedeco\javacpp\windows-x86_64\api-ms-win-crt-heap-l1-1-0.dll
0x000000001cb10000 - 0x000000001cb14000 	C:\Users\Deshan\.javacpp\cache\opencv-windows-x86_64.jar\org\bytedeco\javacpp\windows-x86_64\api-ms-win-crt-runtime-l1-1-0.dll
0x000000001cb20000 - 0x000000001cb24000 	C:\Users\Deshan\.javacpp\cache\opencv-windows-x86_64.jar\org\bytedeco\javacpp\windows-x86_64\api-ms-win-crt-convert-l1-1-0.dll
0x000000001cb30000 - 0x000000001cb33000 	C:\Users\Deshan\.javacpp\cache\opencv-windows-x86_64.jar\org\bytedeco\javacpp\windows-x86_64\api-ms-win-crt-environment-l1-1-0.dll
0x000000001cb40000 - 0x000000001cb43000 	C:\Users\Deshan\.javacpp\cache\opencv-windows-x86_64.jar\org\bytedeco\javacpp\windows-x86_64\api-ms-win-crt-time-l1-1-0.dll
0x000000001cb50000 - 0x000000001cb53000 	C:\Users\Deshan\.javacpp\cache\opencv-windows-x86_64.jar\org\bytedeco\javacpp\windows-x86_64\api-ms-win-crt-filesystem-l1-1-0.dll
0x000000001e410000 - 0x000000001e413000 	C:\Users\Deshan\.javacpp\cache\opencv-windows-x86_64.jar\org\bytedeco\javacpp\windows-x86_64\api-ms-win-crt-utility-l1-1-0.dll
0x000000001e420000 - 0x000000001e425000 	C:\Users\Deshan\.javacpp\cache\opencv-windows-x86_64.jar\org\bytedeco\javacpp\windows-x86_64\api-ms-win-crt-multibyte-l1-1-0.dll
0x000000001e430000 - 0x000000001e433000 	C:\Users\Deshan\.javacpp\cache\opencv-windows-x86_64.jar\org\bytedeco\javacpp\windows-x86_64\api-ms-win-core-string-l1-1-0.dll
0x000000001e440000 - 0x000000001e443000 	C:\Users\Deshan\.javacpp\cache\opencv-windows-x86_64.jar\org\bytedeco\javacpp\windows-x86_64\api-ms-win-core-errorhandling-l1-1-0.dll
0x000000001e450000 - 0x000000001e453000 	C:\Users\Deshan\.javacpp\cache\opencv-windows-x86_64.jar\org\bytedeco\javacpp\windows-x86_64\api-ms-win-core-timezone-l1-1-0.dll
0x000000001e460000 - 0x000000001e464000 	C:\Users\Deshan\.javacpp\cache\opencv-windows-x86_64.jar\org\bytedeco\javacpp\windows-x86_64\api-ms-win-core-file-l1-1-0.dll
0x000000001e470000 - 0x000000001e473000 	C:\Users\Deshan\.javacpp\cache\opencv-windows-x86_64.jar\org\bytedeco\javacpp\windows-x86_64\api-ms-win-core-namedpipe-l1-1-0.dll
0x000000001e480000 - 0x000000001e483000 	C:\Users\Deshan\.javacpp\cache\opencv-windows-x86_64.jar\org\bytedeco\javacpp\windows-x86_64\api-ms-win-core-handle-l1-1-0.dll
0x000000001e490000 - 0x000000001e493000 	C:\Users\Deshan\.javacpp\cache\opencv-windows-x86_64.jar\org\bytedeco\javacpp\windows-x86_64\api-ms-win-core-file-l2-1-0.dll
0x000000001e4a0000 - 0x000000001e4a3000 	C:\Users\Deshan\.javacpp\cache\opencv-windows-x86_64.jar\org\bytedeco\javacpp\windows-x86_64\api-ms-win-core-heap-l1-1-0.dll
0x000000001e5d0000 - 0x000000001e5d3000 	C:\Users\Deshan\.javacpp\cache\opencv-windows-x86_64.jar\org\bytedeco\javacpp\windows-x86_64\api-ms-win-core-libraryloader-l1-1-0.dll
0x000000001e5e0000 - 0x000000001e5e3000 	C:\Users\Deshan\.javacpp\cache\opencv-windows-x86_64.jar\org\bytedeco\javacpp\windows-x86_64\api-ms-win-core-synch-l1-1-0.dll
0x000000001e5f0000 - 0x000000001e5f3000 	C:\Users\Deshan\.javacpp\cache\opencv-windows-x86_64.jar\org\bytedeco\javacpp\windows-x86_64\api-ms-win-core-processthreads-l1-1-0.dll
0x000000001e600000 - 0x000000001e603000 	C:\Users\Deshan\.javacpp\cache\opencv-windows-x86_64.jar\org\bytedeco\javacpp\windows-x86_64\api-ms-win-core-processenvironment-l1-1-0.dll
0x000000001e610000 - 0x000000001e613000 	C:\Users\Deshan\.javacpp\cache\opencv-windows-x86_64.jar\org\bytedeco\javacpp\windows-x86_64\api-ms-win-core-datetime-l1-1-0.dll
0x000000001e4b0000 - 0x000000001e4b3000 	C:\Users\Deshan\.javacpp\cache\opencv-windows-x86_64.jar\org\bytedeco\javacpp\windows-x86_64\api-ms-win-core-localization-l1-2-0.dll
0x000000001e4c0000 - 0x000000001e4c3000 	C:\Users\Deshan\.javacpp\cache\opencv-windows-x86_64.jar\org\bytedeco\javacpp\windows-x86_64\api-ms-win-core-sysinfo-l1-1-0.dll
0x000000001e4d0000 - 0x000000001e4d3000 	C:\Users\Deshan\.javacpp\cache\opencv-windows-x86_64.jar\org\bytedeco\javacpp\windows-x86_64\api-ms-win-core-synch-l1-2-0.dll
0x000000001e4e0000 - 0x000000001e4e3000 	C:\Users\Deshan\.javacpp\cache\opencv-windows-x86_64.jar\org\bytedeco\javacpp\windows-x86_64\api-ms-win-core-console-l1-1-0.dll
0x000000001e4f0000 - 0x000000001e4f3000 	C:\Users\Deshan\.javacpp\cache\opencv-windows-x86_64.jar\org\bytedeco\javacpp\windows-x86_64\api-ms-win-core-debug-l1-1-0.dll
0x000000001e500000 - 0x000000001e503000 	C:\Users\Deshan\.javacpp\cache\opencv-windows-x86_64.jar\org\bytedeco\javacpp\windows-x86_64\api-ms-win-core-rtlsupport-l1-1-0.dll
0x000000001e510000 - 0x000000001e513000 	C:\Users\Deshan\.javacpp\cache\opencv-windows-x86_64.jar\org\bytedeco\javacpp\windows-x86_64\api-ms-win-core-processthreads-l1-1-1.dll
0x000000001e520000 - 0x000000001e523000 	C:\Users\Deshan\.javacpp\cache\opencv-windows-x86_64.jar\org\bytedeco\javacpp\windows-x86_64\api-ms-win-core-file-l1-2-0.dll
0x000000001e530000 - 0x000000001e533000 	C:\Users\Deshan\.javacpp\cache\opencv-windows-x86_64.jar\org\bytedeco\javacpp\windows-x86_64\api-ms-win-core-profile-l1-1-0.dll
0x000000001e540000 - 0x000000001e543000 	C:\Users\Deshan\.javacpp\cache\opencv-windows-x86_64.jar\org\bytedeco\javacpp\windows-x86_64\api-ms-win-core-memory-l1-1-0.dll
0x000000001e550000 - 0x000000001e553000 	C:\Users\Deshan\.javacpp\cache\opencv-windows-x86_64.jar\org\bytedeco\javacpp\windows-x86_64\api-ms-win-core-util-l1-1-0.dll
0x000000001e560000 - 0x000000001e563000 	C:\Users\Deshan\.javacpp\cache\opencv-windows-x86_64.jar\org\bytedeco\javacpp\windows-x86_64\api-ms-win-core-interlocked-l1-1-0.dll
0x00007ff98c7b0000 - 0x00007ff98c8a5000 	C:\Users\Deshan\.javacpp\cache\opencv-windows-x86_64.jar\org\bytedeco\javacpp\windows-x86_64\ucrtbase.dll
0x00007ff98efe0000 - 0x00007ff98eff7000 	C:\Users\Deshan\.javacpp\cache\opencv-windows-x86_64.jar\org\bytedeco\javacpp\windows-x86_64\vcruntime140.dll
0x00007ff98c710000 - 0x00007ff98c7ad000 	C:\Users\Deshan\.javacpp\cache\opencv-windows-x86_64.jar\org\bytedeco\javacpp\windows-x86_64\msvcp140.dll
0x00007ff98d8a0000 - 0x00007ff98d8f1000 	C:\Users\Deshan\.javacpp\cache\opencv-windows-x86_64.jar\org\bytedeco\javacpp\windows-x86_64\concrt140.dll
0x00007ff98e5b0000 - 0x00007ff98e5de000 	C:\Users\Deshan\.javacpp\cache\opencv-windows-x86_64.jar\org\bytedeco\javacpp\windows-x86_64\vcomp140.dll
0x00007ff965e20000 - 0x00007ff9661b1000 	C:\Users\Deshan\.javacpp\cache\opencv-windows-x86_64.jar\org\bytedeco\javacpp\windows-x86_64\opencv_core401.dll
0x00007ff9657d0000 - 0x00007ff965c17000 	C:\Users\Deshan\.javacpp\cache\opencv-windows-x86_64.jar\org\bytedeco\javacpp\windows-x86_64\opencv_imgproc401.dll
0x00007ff965430000 - 0x00007ff9657c9000 	C:\Users\Deshan\.javacpp\cache\opencv-windows-x86_64.jar\org\bytedeco\javacpp\windows-x86_64\jniopencv_core.dll
0x00007ff97c280000 - 0x00007ff97c3dc000 	C:\Users\Deshan\.javacpp\cache\opencv-windows-x86_64.jar\org\bytedeco\javacpp\windows-x86_64\jniopencv_imgproc.dll
0x00007ff96dac0000 - 0x00007ff96dda9000 	C:\Users\Deshan\.javacpp\cache\opencv-windows-x86_64.jar\org\bytedeco\javacpp\windows-x86_64\opencv_imgcodecs401.dll
0x00007ff98da20000 - 0x00007ff98da50000 	C:\Users\Deshan\.javacpp\cache\opencv-windows-x86_64.jar\org\bytedeco\javacpp\windows-x86_64\jniopencv_imgcodecs.dll
0x00007ff986c50000 - 0x00007ff986ccc000 	C:\Users\Deshan\.javacpp\cache\opencv-windows-x86_64.jar\org\bytedeco\javacpp\windows-x86_64\opencv_videoio401.dll
0x00007ff968690000 - 0x00007ff96870b000 	C:\WINDOWS\SYSTEM32\MF.dll
0x00007ff98d5e0000 - 0x00007ff98d7bb000 	C:\WINDOWS\SYSTEM32\MFPlat.DLL
0x00007ff971c20000 - 0x00007ff971d18000 	C:\WINDOWS\SYSTEM32\MFReadWrite.dll
0x00007ff96ddb0000 - 0x00007ff96e1de000 	C:\WINDOWS\SYSTEM32\MFCORE.DLL
0x00007ff99ac50000 - 0x00007ff99ae32000 	C:\WINDOWS\System32\CRYPT32.dll
0x00007ff99a4d0000 - 0x00007ff99a4e2000 	C:\WINDOWS\System32\MSASN1.dll
0x00007ff99a160000 - 0x00007ff99a185000 	C:\WINDOWS\SYSTEM32\bcrypt.dll
0x00007ff98d470000 - 0x00007ff98d479000 	C:\WINDOWS\SYSTEM32\ksuser.dll
0x00007ff999b40000 - 0x00007ff999b4b000 	C:\WINDOWS\SYSTEM32\CRYPTBASE.DLL
0x00007ff98ed40000 - 0x00007ff98ed6e000 	C:\WINDOWS\SYSTEM32\RTWorkQ.DLL
0x00007ff98d810000 - 0x00007ff98d830000 	C:\Users\Deshan\.javacpp\cache\opencv-windows-x86_64.jar\org\bytedeco\javacpp\windows-x86_64\jniopencv_videoio.dll
0x00007ff984980000 - 0x00007ff9849b4000 	C:\Users\Deshan\.javacpp\cache\opencv-windows-x86_64.jar\org\bytedeco\javacpp\windows-x86_64\opencv_highgui401.dll
0x00007ff99da40000 - 0x00007ff99db2d000 	C:\WINDOWS\System32\COMDLG32.dll
0x00007ff972120000 - 0x00007ff972171000 	C:\Users\Deshan\.javacpp\cache\opencv-windows-x86_64.jar\org\bytedeco\javacpp\windows-x86_64\jniopencv_highgui.dll
0x00007ff971b90000 - 0x00007ff971c18000 	C:\Users\Deshan\.javacpp\cache\opencv-windows-x86_64.jar\org\bytedeco\javacpp\windows-x86_64\opencv_flann401.dll
0x00007ff97dbf0000 - 0x00007ff97dc19000 	C:\Users\Deshan\.javacpp\cache\opencv-windows-x86_64.jar\org\bytedeco\javacpp\windows-x86_64\jniopencv_flann.dll
0x00007ff96f5a0000 - 0x00007ff96f67d000 	C:\Users\Deshan\.javacpp\cache\opencv-windows-x86_64.jar\org\bytedeco\javacpp\windows-x86_64\opencv_features2d401.dll
0x00007ff971b20000 - 0x00007ff971b8b000 	C:\Users\Deshan\.javacpp\cache\opencv-windows-x86_64.jar\org\bytedeco\javacpp\windows-x86_64\jniopencv_features2d.dll
0x00007ff9665f0000 - 0x00007ff966832000 	C:\Users\Deshan\.javacpp\cache\opencv-windows-x86_64.jar\org\bytedeco\javacpp\windows-x86_64\opencv_calib3d401.dll
0x00007ff968880000 - 0x00007ff968934000 	C:\Users\Deshan\.javacpp\cache\opencv-windows-x86_64.jar\org\bytedeco\javacpp\windows-x86_64\jniopencv_calib3d.dll
0x00007ff9687d0000 - 0x00007ff968878000 	C:\Users\Deshan\.javacpp\cache\opencv-windows-x86_64.jar\org\bytedeco\javacpp\windows-x86_64\opencv_objdetect401.dll
0x00007ff96ec80000 - 0x00007ff96ed00000 	C:\Users\Deshan\.javacpp\cache\opencv-windows-x86_64.jar\org\bytedeco\javacpp\windows-x86_64\jniopencv_objdetect.dll
0x00007ff965330000 - 0x00007ff965422000 	C:\Users\Deshan\.javacpp\cache\opencv-windows-x86_64.jar\org\bytedeco\javacpp\windows-x86_64\opencv_photo401.dll
0x00007ff9718d0000 - 0x00007ff971923000 	C:\Users\Deshan\.javacpp\cache\opencv-windows-x86_64.jar\org\bytedeco\javacpp\windows-x86_64\jniopencv_photo.dll
0x00007ff965240000 - 0x00007ff965326000 	C:\Users\Deshan\.javacpp\cache\opencv-windows-x86_64.jar\org\bytedeco\javacpp\windows-x86_64\opencv_face401.dll
0x00007ff96e330000 - 0x00007ff96e383000 	C:\Users\Deshan\.javacpp\cache\opencv-windows-x86_64.jar\org\bytedeco\javacpp\windows-x86_64\jniopencv_face.dll
0x00007ff99b650000 - 0x00007ff99b6f0000 	C:\WINDOWS\System32\clbcatq.dll
0x00007ff995fa0000 - 0x00007ff99614e000 	C:\WINDOWS\SYSTEM32\WindowsCodecs.dll

VM Arguments:
jvm_args: -Dfile.encoding=UTF-8 
java_command: prison_management.Main
java_class_path (initial): C:\Java\webcam-capture-0.3.10-dist\webcam-capture-0.3.13-20180618.102645-4.jar;C:\Java\webcam-capture-0.3.10-dist\libs\bridj-0.6.2.jar;C:\Java\webcam-capture-0.3.10-dist\libs\slf4j-api-1.7.2.jar;C:\Users\Deshan\Downloads\jdbc.jar\sqlite-jdbc-3.23.1.jar;C:\javacv\ffmpeg-platform.jar;C:\javacv\ffmpeg-windows-x86_64.jar;C:\javacv\ffmpeg.jar;C:\javacv\javacpp.jar;C:\javacv\javacv-platform.jar;C:\javacv\javacv.jar;C:\javacv\opencv-platform.jar;C:\javacv\opencv-windows-x86_64.jar;C:\javacv\opencv.jar;C:\Java\prison_management\build\classes
Launcher Type: SUN_STANDARD

Environment Variables:
PATH=C:\Program Files (x86)\Intel\iCLS Client\;C:\Program Files\Intel\iCLS Client\;C:\WINDOWS\system32;C:\WINDOWS;C:\WINDOWS\System32\Wbem;C:\WINDOWS\System32\WindowsPowerShell\v1.0\;C:\Program Files (x86)\Intel\Intel(R) Management Engine Components\DAL;C:\Program Files\Intel\Intel(R) Management Engine Components\DAL;C:\Program Files (x86)\Intel\Intel(R) Management Engine Components\IPT;C:\Program Files\Intel\Intel(R) Management Engine Components\IPT;C:\Program Files\Java\jdk1.8.0_161\bin;C:\cygwin64;C:\WINDOWS\System32\OpenSSH\;"C:\Program Files\Java\jdk1.8.0_161\bin;";C:\Program Files\Intel\WiFi\bin\;C:\Program Files\Common Files\Intel\WirelessCommon\;C:\Program Files (x86)\Microsoft SQL Server\100\Tools\Binn\;C:\Program Files\Microsoft SQL Server\100\Tools\Binn\;C:\Program Files\Microsoft SQL Server\100\DTS\Binn\;C:\opencv\opencv\build\x64\vc15\bin;C:\Users\Deshan\AppData\Local\Programs\Python\Python36-32;C:\Users\Deshan\AppData\Local\Programs\Python\Python36-32\Scripts;C:\Users\Deshan\AppData\Local\Programs\Python\Python36-32\Scripts\;C:\Users\Deshan\AppData\Local\Programs\Python\Python36-32\;C:\Users\Deshan\AppData\Local\Microsoft\WindowsApps;C:\Program Files\Intel\WiFi\bin\;C:\Program Files\Common Files\Intel\WirelessCommon\;
USERNAME=Deshan
OS=Windows_NT
PROCESSOR_IDENTIFIER=Intel64 Family 6 Model 142 Stepping 9, GenuineIntel



---------------  S Y S T E M  ---------------

OS: Windows 10.0 , 64 bit Build 17134 (10.0.17134.556)

CPU:total 4 (initial active 4) (2 cores per cpu, 2 threads per core) family 6 model 142 stepping 9, cmov, cx8, fxsr, mmx, sse, sse2, sse3, ssse3, sse4.1, sse4.2, popcnt, avx, avx2, aes, clmul, erms, 3dnowpref, lzcnt, ht, tsc, tscinvbit, bmi1, bmi2, adx

Memory: 4k page, physical 12496808k(7711332k free), swap 13283240k(7963596k free)

vm_info: Java HotSpot(TM) 64-Bit Server VM (25.191-b12) for windows-amd64 JRE (1.8.0_191-b12), built on Oct  6 2018 09:29:03 by "java_re" with MS VC++ 10.0 (VS2010)

time: Tue Mar 05 13:36:05 2019
elapsed time: 11 seconds (0d 0h 0m 11s)

